Warp DeprecationWarning: The symbol `warp.context.Device` will soon be removed from the public API. Use `warp.Device` instead.
/home/iaziz6/Imo_Training/Training/physicsnemo_env/lib/python3.10/site-packages/physicsnemo/distributed/manager.py:415: UserWarning: Could not initialize using ENV, SLURM or OPENMPI methods. Assuming this is a single process job
  warn(
[2026-05-01 15:51:55,976][checkpoint][WARNING] - Provided checkpoint directory /home/iaziz6/Imo_Training/Training/checkpoints_ensemble_3x3/ensemble_0 does not exist, skipping load
[2026-05-01 15:51:55,976][main][INFO] - Starting ensemble 1/3 with train_num_samples=100, val_num_samples=6, max_epochs=3, log_every_steps=1, val_every_steps=100, save_every=1, checkpoint_dir=/home/iaziz6/Imo_Training/Training/checkpoints_ensemble_3x3/ensemble_0.
Ensemble 1/3 | Epoch 1/3 | Step 1/100 | Global 1 | Loss 0.813737 | LR 1.00e-03
Ensemble 1/3 | Epoch 1/3 | Step 2/100 | Global 2 | Loss 0.591957 | LR 1.00e-03
Ensemble 1/3 | Epoch 1/3 | Step 3/100 | Global 3 | Loss 0.761282 | LR 9.99e-04
Ensemble 1/3 | Epoch 1/3 | Step 4/100 | Global 4 | Loss 0.561051 | LR 9.99e-04
Ensemble 1/3 | Epoch 1/3 | Step 5/100 | Global 5 | Loss 0.628069 | LR 9.99e-04
Ensemble 1/3 | Epoch 1/3 | Step 6/100 | Global 6 | Loss 0.639873 | LR 9.99e-04
Ensemble 1/3 | Epoch 1/3 | Step 7/100 | Global 7 | Loss 0.697318 | LR 9.98e-04
Ensemble 1/3 | Epoch 1/3 | Step 8/100 | Global 8 | Loss 0.430837 | LR 9.98e-04
Ensemble 1/3 | Epoch 1/3 | Step 9/100 | Global 9 | Loss 0.556723 | LR 9.98e-04
Ensemble 1/3 | Epoch 1/3 | Step 10/100 | Global 10 | Loss 0.465216 | LR 9.98e-04
Ensemble 1/3 | Epoch 1/3 | Step 11/100 | Global 11 | Loss 0.366788 | LR 9.97e-04
Ensemble 1/3 | Epoch 1/3 | Step 12/100 | Global 12 | Loss 0.494445 | LR 9.97e-04
Ensemble 1/3 | Epoch 1/3 | Step 13/100 | Global 13 | Loss 0.284885 | LR 9.97e-04
Ensemble 1/3 | Epoch 1/3 | Step 14/100 | Global 14 | Loss 0.369275 | LR 9.97e-04
Ensemble 1/3 | Epoch 1/3 | Step 15/100 | Global 15 | Loss 0.403382 | LR 9.96e-04
Ensemble 1/3 | Epoch 1/3 | Step 16/100 | Global 16 | Loss 0.238732 | LR 9.96e-04
Ensemble 1/3 | Epoch 1/3 | Step 17/100 | Global 17 | Loss 0.251716 | LR 9.96e-04
Ensemble 1/3 | Epoch 1/3 | Step 18/100 | Global 18 | Loss 0.271505 | LR 9.96e-04
Ensemble 1/3 | Epoch 1/3 | Step 19/100 | Global 19 | Loss 0.408944 | LR 9.95e-04
Ensemble 1/3 | Epoch 1/3 | Step 20/100 | Global 20 | Loss 0.243500 | LR 9.95e-04
Ensemble 1/3 | Epoch 1/3 | Step 21/100 | Global 21 | Loss 0.314021 | LR 9.95e-04
Ensemble 1/3 | Epoch 1/3 | Step 22/100 | Global 22 | Loss 0.234179 | LR 9.95e-04
Ensemble 1/3 | Epoch 1/3 | Step 23/100 | Global 23 | Loss 0.257238 | LR 9.94e-04
Ensemble 1/3 | Epoch 1/3 | Step 24/100 | Global 24 | Loss 0.365012 | LR 9.94e-04
Ensemble 1/3 | Epoch 1/3 | Step 25/100 | Global 25 | Loss 0.333912 | LR 9.94e-04
Ensemble 1/3 | Epoch 1/3 | Step 26/100 | Global 26 | Loss 0.280772 | LR 9.94e-04
Ensemble 1/3 | Epoch 1/3 | Step 27/100 | Global 27 | Loss 0.197957 | LR 9.93e-04
Ensemble 1/3 | Epoch 1/3 | Step 28/100 | Global 28 | Loss 0.165284 | LR 9.93e-04
Ensemble 1/3 | Epoch 1/3 | Step 29/100 | Global 29 | Loss 0.316559 | LR 9.93e-04
Ensemble 1/3 | Epoch 1/3 | Step 30/100 | Global 30 | Loss 0.369303 | LR 9.93e-04
Ensemble 1/3 | Epoch 1/3 | Step 31/100 | Global 31 | Loss 0.183360 | LR 9.92e-04
Ensemble 1/3 | Epoch 1/3 | Step 32/100 | Global 32 | Loss 0.255038 | LR 9.92e-04
Ensemble 1/3 | Epoch 1/3 | Step 33/100 | Global 33 | Loss 0.202178 | LR 9.92e-04
Ensemble 1/3 | Epoch 1/3 | Step 34/100 | Global 34 | Loss 0.195969 | LR 9.92e-04
Ensemble 1/3 | Epoch 1/3 | Step 35/100 | Global 35 | Loss 0.174086 | LR 9.91e-04
Ensemble 1/3 | Epoch 1/3 | Step 36/100 | Global 36 | Loss 0.207958 | LR 9.91e-04
Ensemble 1/3 | Epoch 1/3 | Step 37/100 | Global 37 | Loss 0.214893 | LR 9.91e-04
Ensemble 1/3 | Epoch 1/3 | Step 38/100 | Global 38 | Loss 0.220452 | LR 9.91e-04
Ensemble 1/3 | Epoch 1/3 | Step 39/100 | Global 39 | Loss 0.203518 | LR 9.90e-04
Ensemble 1/3 | Epoch 1/3 | Step 40/100 | Global 40 | Loss 0.251334 | LR 9.90e-04
Ensemble 1/3 | Epoch 1/3 | Step 41/100 | Global 41 | Loss 0.116438 | LR 9.90e-04
Ensemble 1/3 | Epoch 1/3 | Step 42/100 | Global 42 | Loss 0.159627 | LR 9.90e-04
Ensemble 1/3 | Epoch 1/3 | Step 43/100 | Global 43 | Loss 0.133523 | LR 9.89e-04
Ensemble 1/3 | Epoch 1/3 | Step 44/100 | Global 44 | Loss 0.128629 | LR 9.89e-04
Ensemble 1/3 | Epoch 1/3 | Step 45/100 | Global 45 | Loss 0.137452 | LR 9.89e-04
Ensemble 1/3 | Epoch 1/3 | Step 46/100 | Global 46 | Loss 0.193724 | LR 9.89e-04
Ensemble 1/3 | Epoch 1/3 | Step 47/100 | Global 47 | Loss 0.207896 | LR 9.88e-04
Ensemble 1/3 | Epoch 1/3 | Step 48/100 | Global 48 | Loss 0.197631 | LR 9.88e-04
Ensemble 1/3 | Epoch 1/3 | Step 49/100 | Global 49 | Loss 0.135476 | LR 9.88e-04
Ensemble 1/3 | Epoch 1/3 | Step 50/100 | Global 50 | Loss 0.122325 | LR 9.88e-04
Ensemble 1/3 | Epoch 1/3 | Step 51/100 | Global 51 | Loss 0.365539 | LR 9.87e-04
Ensemble 1/3 | Epoch 1/3 | Step 52/100 | Global 52 | Loss 0.158014 | LR 9.87e-04
Ensemble 1/3 | Epoch 1/3 | Step 53/100 | Global 53 | Loss 0.149641 | LR 9.87e-04
Ensemble 1/3 | Epoch 1/3 | Step 54/100 | Global 54 | Loss 0.294737 | LR 9.87e-04
Ensemble 1/3 | Epoch 1/3 | Step 55/100 | Global 55 | Loss 0.138804 | LR 9.86e-04
Ensemble 1/3 | Epoch 1/3 | Step 56/100 | Global 56 | Loss 0.179964 | LR 9.86e-04
Ensemble 1/3 | Epoch 1/3 | Step 57/100 | Global 57 | Loss 0.174962 | LR 9.86e-04
Ensemble 1/3 | Epoch 1/3 | Step 58/100 | Global 58 | Loss 0.131881 | LR 9.86e-04
Ensemble 1/3 | Epoch 1/3 | Step 59/100 | Global 59 | Loss 0.292149 | LR 9.85e-04
Ensemble 1/3 | Epoch 1/3 | Step 60/100 | Global 60 | Loss 0.140734 | LR 9.85e-04
Ensemble 1/3 | Epoch 1/3 | Step 61/100 | Global 61 | Loss 0.136825 | LR 9.85e-04
Ensemble 1/3 | Epoch 1/3 | Step 62/100 | Global 62 | Loss 0.186030 | LR 9.85e-04
Ensemble 1/3 | Epoch 1/3 | Step 63/100 | Global 63 | Loss 0.106797 | LR 9.84e-04
Ensemble 1/3 | Epoch 1/3 | Step 64/100 | Global 64 | Loss 0.109764 | LR 9.84e-04
Ensemble 1/3 | Epoch 1/3 | Step 65/100 | Global 65 | Loss 0.208008 | LR 9.84e-04
Ensemble 1/3 | Epoch 1/3 | Step 66/100 | Global 66 | Loss 0.185565 | LR 9.84e-04
Ensemble 1/3 | Epoch 1/3 | Step 67/100 | Global 67 | Loss 0.175972 | LR 9.83e-04
Ensemble 1/3 | Epoch 1/3 | Step 68/100 | Global 68 | Loss 0.283700 | LR 9.83e-04
Ensemble 1/3 | Epoch 1/3 | Step 69/100 | Global 69 | Loss 0.166535 | LR 9.83e-04
Ensemble 1/3 | Epoch 1/3 | Step 70/100 | Global 70 | Loss 0.211596 | LR 9.83e-04
Ensemble 1/3 | Epoch 1/3 | Step 71/100 | Global 71 | Loss 0.166196 | LR 9.82e-04
Ensemble 1/3 | Epoch 1/3 | Step 72/100 | Global 72 | Loss 0.153565 | LR 9.82e-04
Ensemble 1/3 | Epoch 1/3 | Step 73/100 | Global 73 | Loss 0.371741 | LR 9.82e-04
Ensemble 1/3 | Epoch 1/3 | Step 74/100 | Global 74 | Loss 0.219480 | LR 9.82e-04
Ensemble 1/3 | Epoch 1/3 | Step 75/100 | Global 75 | Loss 0.312993 | LR 9.81e-04
Ensemble 1/3 | Epoch 1/3 | Step 76/100 | Global 76 | Loss 0.125089 | LR 9.81e-04
Ensemble 1/3 | Epoch 1/3 | Step 77/100 | Global 77 | Loss 0.186132 | LR 9.81e-04
Ensemble 1/3 | Epoch 1/3 | Step 78/100 | Global 78 | Loss 0.157676 | LR 9.81e-04
Ensemble 1/3 | Epoch 1/3 | Step 79/100 | Global 79 | Loss 0.187194 | LR 9.80e-04
Ensemble 1/3 | Epoch 1/3 | Step 80/100 | Global 80 | Loss 0.153082 | LR 9.80e-04
Ensemble 1/3 | Epoch 1/3 | Step 81/100 | Global 81 | Loss 0.459646 | LR 9.80e-04
Ensemble 1/3 | Epoch 1/3 | Step 82/100 | Global 82 | Loss 0.164973 | LR 9.80e-04
Ensemble 1/3 | Epoch 1/3 | Step 83/100 | Global 83 | Loss 0.145661 | LR 9.79e-04
Ensemble 1/3 | Epoch 1/3 | Step 84/100 | Global 84 | Loss 0.113040 | LR 9.79e-04
Ensemble 1/3 | Epoch 1/3 | Step 85/100 | Global 85 | Loss 0.121075 | LR 9.79e-04
Ensemble 1/3 | Epoch 1/3 | Step 86/100 | Global 86 | Loss 0.189529 | LR 9.79e-04
Ensemble 1/3 | Epoch 1/3 | Step 87/100 | Global 87 | Loss 0.390161 | LR 9.78e-04
Ensemble 1/3 | Epoch 1/3 | Step 88/100 | Global 88 | Loss 0.220895 | LR 9.78e-04
Ensemble 1/3 | Epoch 1/3 | Step 89/100 | Global 89 | Loss 0.196762 | LR 9.78e-04
Ensemble 1/3 | Epoch 1/3 | Step 90/100 | Global 90 | Loss 0.289030 | LR 9.78e-04
Ensemble 1/3 | Epoch 1/3 | Step 91/100 | Global 91 | Loss 0.158760 | LR 9.78e-04
Ensemble 1/3 | Epoch 1/3 | Step 92/100 | Global 92 | Loss 0.144354 | LR 9.77e-04
Ensemble 1/3 | Epoch 1/3 | Step 93/100 | Global 93 | Loss 0.107583 | LR 9.77e-04
Ensemble 1/3 | Epoch 1/3 | Step 94/100 | Global 94 | Loss 0.121432 | LR 9.77e-04
Ensemble 1/3 | Epoch 1/3 | Step 95/100 | Global 95 | Loss 0.141130 | LR 9.77e-04
Ensemble 1/3 | Epoch 1/3 | Step 96/100 | Global 96 | Loss 0.115042 | LR 9.76e-04
Ensemble 1/3 | Epoch 1/3 | Step 97/100 | Global 97 | Loss 0.135242 | LR 9.76e-04
Ensemble 1/3 | Epoch 1/3 | Step 98/100 | Global 98 | Loss 0.126403 | LR 9.76e-04
Ensemble 1/3 | Epoch 1/3 | Step 99/100 | Global 99 | Loss 0.162260 | LR 9.76e-04
[2026-05-01 16:11:57,482][train][INFO] - [100.00%] Mini-Batch Losses: Mini-batch loss =  8.620e-02
Ensemble 1/3 | Epoch 1/3 | Step 100/100 | Global 100 | Loss 0.086204 | LR 9.75e-04
[2026-05-01 16:13:09,834][train][INFO] - Epoch 1 Metrics: Learning Rate =  9.753e-04, Mini-batch loss =  2.537e-01
[2026-05-01 16:13:09,834][train][INFO] - Epoch Execution Time:  1.274e+03s, Time/Iter:  1.274e+04ms
[2026-05-01 16:13:09,966][checkpoint][INFO] - Saved model state dictionary: /home/iaziz6/Imo_Training/Training/checkpoints_ensemble_3x3/ensemble_0/UNet.0.1.mdlus
[2026-05-01 16:13:10,060][checkpoint][INFO] - Saved training checkpoint: /home/iaziz6/Imo_Training/Training/checkpoints_ensemble_3x3/ensemble_0/checkpoint.0.1.pt
Ensemble 1/3 | Epoch 2/3 | Step 1/100 | Global 101 | Loss 0.095822 | LR 9.75e-04
Ensemble 1/3 | Epoch 2/3 | Step 2/100 | Global 102 | Loss 0.133309 | LR 9.75e-04
Ensemble 1/3 | Epoch 2/3 | Step 3/100 | Global 103 | Loss 0.104528 | LR 9.75e-04
Ensemble 1/3 | Epoch 2/3 | Step 4/100 | Global 104 | Loss 0.084986 | LR 9.74e-04
Ensemble 1/3 | Epoch 2/3 | Step 5/100 | Global 105 | Loss 0.103390 | LR 9.74e-04
Ensemble 1/3 | Epoch 2/3 | Step 6/100 | Global 106 | Loss 0.093558 | LR 9.74e-04
Ensemble 1/3 | Epoch 2/3 | Step 7/100 | Global 107 | Loss 0.081437 | LR 9.74e-04
Ensemble 1/3 | Epoch 2/3 | Step 8/100 | Global 108 | Loss 0.118082 | LR 9.73e-04
Ensemble 1/3 | Epoch 2/3 | Step 9/100 | Global 109 | Loss 0.207366 | LR 9.73e-04
Ensemble 1/3 | Epoch 2/3 | Step 10/100 | Global 110 | Loss 0.116432 | LR 9.73e-04
Ensemble 1/3 | Epoch 2/3 | Step 11/100 | Global 111 | Loss 0.106408 | LR 9.73e-04
Ensemble 1/3 | Epoch 2/3 | Step 12/100 | Global 112 | Loss 0.125552 | LR 9.72e-04
Ensemble 1/3 | Epoch 2/3 | Step 13/100 | Global 113 | Loss 0.145516 | LR 9.72e-04
Ensemble 1/3 | Epoch 2/3 | Step 14/100 | Global 114 | Loss 0.091015 | LR 9.72e-04
Ensemble 1/3 | Epoch 2/3 | Step 15/100 | Global 115 | Loss 0.194118 | LR 9.72e-04
Ensemble 1/3 | Epoch 2/3 | Step 16/100 | Global 116 | Loss 0.181969 | LR 9.71e-04
Ensemble 1/3 | Epoch 2/3 | Step 17/100 | Global 117 | Loss 0.151685 | LR 9.71e-04
Ensemble 1/3 | Epoch 2/3 | Step 18/100 | Global 118 | Loss 0.120004 | LR 9.71e-04
Ensemble 1/3 | Epoch 2/3 | Step 19/100 | Global 119 | Loss 0.103248 | LR 9.71e-04
Ensemble 1/3 | Epoch 2/3 | Step 20/100 | Global 120 | Loss 0.327637 | LR 9.70e-04
Ensemble 1/3 | Epoch 2/3 | Step 21/100 | Global 121 | Loss 0.155300 | LR 9.70e-04
Ensemble 1/3 | Epoch 2/3 | Step 22/100 | Global 122 | Loss 0.169694 | LR 9.70e-04
Ensemble 1/3 | Epoch 2/3 | Step 23/100 | Global 123 | Loss 0.107733 | LR 9.70e-04
Ensemble 1/3 | Epoch 2/3 | Step 24/100 | Global 124 | Loss 0.127688 | LR 9.69e-04
Ensemble 1/3 | Epoch 2/3 | Step 25/100 | Global 125 | Loss 0.104895 | LR 9.69e-04
Ensemble 1/3 | Epoch 2/3 | Step 26/100 | Global 126 | Loss 0.146709 | LR 9.69e-04
Ensemble 1/3 | Epoch 2/3 | Step 27/100 | Global 127 | Loss 0.114041 | LR 9.69e-04
Ensemble 1/3 | Epoch 2/3 | Step 28/100 | Global 128 | Loss 0.077430 | LR 9.69e-04
Ensemble 1/3 | Epoch 2/3 | Step 29/100 | Global 129 | Loss 0.102230 | LR 9.68e-04
Ensemble 1/3 | Epoch 2/3 | Step 30/100 | Global 130 | Loss 0.087064 | LR 9.68e-04
Ensemble 1/3 | Epoch 2/3 | Step 31/100 | Global 131 | Loss 0.184860 | LR 9.68e-04
Ensemble 1/3 | Epoch 2/3 | Step 32/100 | Global 132 | Loss 0.142166 | LR 9.68e-04
Ensemble 1/3 | Epoch 2/3 | Step 33/100 | Global 133 | Loss 0.240517 | LR 9.67e-04
Ensemble 1/3 | Epoch 2/3 | Step 34/100 | Global 134 | Loss 0.130380 | LR 9.67e-04
Ensemble 1/3 | Epoch 2/3 | Step 35/100 | Global 135 | Loss 0.166897 | LR 9.67e-04
Ensemble 1/3 | Epoch 2/3 | Step 36/100 | Global 136 | Loss 0.221042 | LR 9.67e-04
Ensemble 1/3 | Epoch 2/3 | Step 37/100 | Global 137 | Loss 0.128087 | LR 9.66e-04
Ensemble 1/3 | Epoch 2/3 | Step 38/100 | Global 138 | Loss 0.154252 | LR 9.66e-04
Ensemble 1/3 | Epoch 2/3 | Step 39/100 | Global 139 | Loss 0.139020 | LR 9.66e-04
Ensemble 1/3 | Epoch 2/3 | Step 40/100 | Global 140 | Loss 0.153609 | LR 9.66e-04
Ensemble 1/3 | Epoch 2/3 | Step 41/100 | Global 141 | Loss 0.097387 | LR 9.65e-04
Ensemble 1/3 | Epoch 2/3 | Step 42/100 | Global 142 | Loss 0.142773 | LR 9.65e-04
Ensemble 1/3 | Epoch 2/3 | Step 43/100 | Global 143 | Loss 0.154772 | LR 9.65e-04
Ensemble 1/3 | Epoch 2/3 | Step 44/100 | Global 144 | Loss 0.103637 | LR 9.65e-04
Ensemble 1/3 | Epoch 2/3 | Step 45/100 | Global 145 | Loss 0.129327 | LR 9.64e-04
Ensemble 1/3 | Epoch 2/3 | Step 46/100 | Global 146 | Loss 0.164610 | LR 9.64e-04
Ensemble 1/3 | Epoch 2/3 | Step 47/100 | Global 147 | Loss 0.115753 | LR 9.64e-04
Ensemble 1/3 | Epoch 2/3 | Step 48/100 | Global 148 | Loss 0.127328 | LR 9.64e-04
Ensemble 1/3 | Epoch 2/3 | Step 49/100 | Global 149 | Loss 0.169363 | LR 9.63e-04
Ensemble 1/3 | Epoch 2/3 | Step 50/100 | Global 150 | Loss 0.191575 | LR 9.63e-04
Ensemble 1/3 | Epoch 2/3 | Step 51/100 | Global 151 | Loss 0.116137 | LR 9.63e-04
Ensemble 1/3 | Epoch 2/3 | Step 52/100 | Global 152 | Loss 0.174619 | LR 9.63e-04
Ensemble 1/3 | Epoch 2/3 | Step 53/100 | Global 153 | Loss 0.160126 | LR 9.62e-04
Ensemble 1/3 | Epoch 2/3 | Step 54/100 | Global 154 | Loss 0.191247 | LR 9.62e-04
Ensemble 1/3 | Epoch 2/3 | Step 55/100 | Global 155 | Loss 0.154385 | LR 9.62e-04
Ensemble 1/3 | Epoch 2/3 | Step 56/100 | Global 156 | Loss 0.115538 | LR 9.62e-04
Ensemble 1/3 | Epoch 2/3 | Step 57/100 | Global 157 | Loss 0.278957 | LR 9.62e-04
Ensemble 1/3 | Epoch 2/3 | Step 58/100 | Global 158 | Loss 0.132650 | LR 9.61e-04
Ensemble 1/3 | Epoch 2/3 | Step 59/100 | Global 159 | Loss 0.182420 | LR 9.61e-04
Ensemble 1/3 | Epoch 2/3 | Step 60/100 | Global 160 | Loss 0.091412 | LR 9.61e-04
Ensemble 1/3 | Epoch 2/3 | Step 61/100 | Global 161 | Loss 0.471171 | LR 9.61e-04
Ensemble 1/3 | Epoch 2/3 | Step 62/100 | Global 162 | Loss 0.121315 | LR 9.60e-04
Ensemble 1/3 | Epoch 2/3 | Step 63/100 | Global 163 | Loss 0.103336 | LR 9.60e-04
Ensemble 1/3 | Epoch 2/3 | Step 64/100 | Global 164 | Loss 0.116566 | LR 9.60e-04
Ensemble 1/3 | Epoch 2/3 | Step 65/100 | Global 165 | Loss 0.093846 | LR 9.60e-04
Ensemble 1/3 | Epoch 2/3 | Step 66/100 | Global 166 | Loss 0.273601 | LR 9.59e-04
Ensemble 1/3 | Epoch 2/3 | Step 67/100 | Global 167 | Loss 0.180620 | LR 9.59e-04
Ensemble 1/3 | Epoch 2/3 | Step 68/100 | Global 168 | Loss 0.091905 | LR 9.59e-04
Ensemble 1/3 | Epoch 2/3 | Step 69/100 | Global 169 | Loss 0.104767 | LR 9.59e-04
Ensemble 1/3 | Epoch 2/3 | Step 70/100 | Global 170 | Loss 0.176902 | LR 9.58e-04
Ensemble 1/3 | Epoch 2/3 | Step 71/100 | Global 171 | Loss 0.174591 | LR 9.58e-04
Ensemble 1/3 | Epoch 2/3 | Step 72/100 | Global 172 | Loss 0.113674 | LR 9.58e-04
Ensemble 1/3 | Epoch 2/3 | Step 73/100 | Global 173 | Loss 0.169035 | LR 9.58e-04
Ensemble 1/3 | Epoch 2/3 | Step 74/100 | Global 174 | Loss 0.174511 | LR 9.57e-04
Ensemble 1/3 | Epoch 2/3 | Step 75/100 | Global 175 | Loss 0.111585 | LR 9.57e-04
Ensemble 1/3 | Epoch 2/3 | Step 76/100 | Global 176 | Loss 0.090479 | LR 9.57e-04
Ensemble 1/3 | Epoch 2/3 | Step 77/100 | Global 177 | Loss 0.081006 | LR 9.57e-04
Ensemble 1/3 | Epoch 2/3 | Step 78/100 | Global 178 | Loss 0.074593 | LR 9.56e-04
Ensemble 1/3 | Epoch 2/3 | Step 79/100 | Global 179 | Loss 0.170949 | LR 9.56e-04
Ensemble 1/3 | Epoch 2/3 | Step 80/100 | Global 180 | Loss 0.242609 | LR 9.56e-04
Ensemble 1/3 | Epoch 2/3 | Step 81/100 | Global 181 | Loss 0.084422 | LR 9.56e-04
Ensemble 1/3 | Epoch 2/3 | Step 82/100 | Global 182 | Loss 0.138130 | LR 9.56e-04
Ensemble 1/3 | Epoch 2/3 | Step 83/100 | Global 183 | Loss 0.140636 | LR 9.55e-04
Ensemble 1/3 | Epoch 2/3 | Step 84/100 | Global 184 | Loss 0.115761 | LR 9.55e-04
Ensemble 1/3 | Epoch 2/3 | Step 85/100 | Global 185 | Loss 0.164475 | LR 9.55e-04
Ensemble 1/3 | Epoch 2/3 | Step 86/100 | Global 186 | Loss 0.441460 | LR 9.55e-04
Ensemble 1/3 | Epoch 2/3 | Step 87/100 | Global 187 | Loss 0.303970 | LR 9.54e-04
Ensemble 1/3 | Epoch 2/3 | Step 88/100 | Global 188 | Loss 0.098125 | LR 9.54e-04
Ensemble 1/3 | Epoch 2/3 | Step 89/100 | Global 189 | Loss 0.184960 | LR 9.54e-04
Ensemble 1/3 | Epoch 2/3 | Step 90/100 | Global 190 | Loss 0.288236 | LR 9.54e-04
Ensemble 1/3 | Epoch 2/3 | Step 91/100 | Global 191 | Loss 0.096700 | LR 9.53e-04
Ensemble 1/3 | Epoch 2/3 | Step 92/100 | Global 192 | Loss 0.161026 | LR 9.53e-04
Ensemble 1/3 | Epoch 2/3 | Step 93/100 | Global 193 | Loss 0.147914 | LR 9.53e-04
Ensemble 1/3 | Epoch 2/3 | Step 94/100 | Global 194 | Loss 0.328251 | LR 9.53e-04
Ensemble 1/3 | Epoch 2/3 | Step 95/100 | Global 195 | Loss 0.133994 | LR 9.52e-04
Ensemble 1/3 | Epoch 2/3 | Step 96/100 | Global 196 | Loss 0.153637 | LR 9.52e-04
Ensemble 1/3 | Epoch 2/3 | Step 97/100 | Global 197 | Loss 0.282075 | LR 9.52e-04
Ensemble 1/3 | Epoch 2/3 | Step 98/100 | Global 198 | Loss 0.165436 | LR 9.52e-04
Ensemble 1/3 | Epoch 2/3 | Step 99/100 | Global 199 | Loss 0.148413 | LR 9.51e-04
[2026-05-01 16:32:42,136][train][INFO] - [100.00%] Mini-Batch Losses: Mini-batch loss =  1.841e-01
Ensemble 1/3 | Epoch 2/3 | Step 100/100 | Global 200 | Loss 0.184081 | LR 9.51e-04
[2026-05-01 16:33:52,226][train][INFO] - Epoch 2 Metrics: Learning Rate =  9.512e-04, Mini-batch loss =  1.543e-01
[2026-05-01 16:33:52,226][train][INFO] - Epoch Execution Time:  1.242e+03s, Time/Iter:  1.242e+04ms
[2026-05-01 16:33:52,344][checkpoint][INFO] - Saved model state dictionary: /home/iaziz6/Imo_Training/Training/checkpoints_ensemble_3x3/ensemble_0/UNet.0.2.mdlus
[2026-05-01 16:33:52,443][checkpoint][INFO] - Saved training checkpoint: /home/iaziz6/Imo_Training/Training/checkpoints_ensemble_3x3/ensemble_0/checkpoint.0.2.pt
Ensemble 1/3 | Epoch 3/3 | Step 1/100 | Global 201 | Loss 0.124225 | LR 9.51e-04
Ensemble 1/3 | Epoch 3/3 | Step 2/100 | Global 202 | Loss 0.206349 | LR 9.51e-04
Ensemble 1/3 | Epoch 3/3 | Step 3/100 | Global 203 | Loss 0.240780 | LR 9.51e-04
Ensemble 1/3 | Epoch 3/3 | Step 4/100 | Global 204 | Loss 0.121310 | LR 9.50e-04
Ensemble 1/3 | Epoch 3/3 | Step 5/100 | Global 205 | Loss 0.160132 | LR 9.50e-04
Ensemble 1/3 | Epoch 3/3 | Step 6/100 | Global 206 | Loss 0.100608 | LR 9.50e-04
Ensemble 1/3 | Epoch 3/3 | Step 7/100 | Global 207 | Loss 0.195521 | LR 9.50e-04
Ensemble 1/3 | Epoch 3/3 | Step 8/100 | Global 208 | Loss 0.290166 | LR 9.49e-04
Ensemble 1/3 | Epoch 3/3 | Step 9/100 | Global 209 | Loss 0.136185 | LR 9.49e-04
Ensemble 1/3 | Epoch 3/3 | Step 10/100 | Global 210 | Loss 0.184470 | LR 9.49e-04
Ensemble 1/3 | Epoch 3/3 | Step 11/100 | Global 211 | Loss 0.138039 | LR 9.49e-04
Ensemble 1/3 | Epoch 3/3 | Step 12/100 | Global 212 | Loss 0.125664 | LR 9.48e-04
Ensemble 1/3 | Epoch 3/3 | Step 13/100 | Global 213 | Loss 0.166676 | LR 9.48e-04
Ensemble 1/3 | Epoch 3/3 | Step 14/100 | Global 214 | Loss 0.142154 | LR 9.48e-04
Ensemble 1/3 | Epoch 3/3 | Step 15/100 | Global 215 | Loss 0.166055 | LR 9.48e-04
Ensemble 1/3 | Epoch 3/3 | Step 16/100 | Global 216 | Loss 0.219185 | LR 9.47e-04
Ensemble 1/3 | Epoch 3/3 | Step 17/100 | Global 217 | Loss 0.134740 | LR 9.47e-04
Ensemble 1/3 | Epoch 3/3 | Step 18/100 | Global 218 | Loss 0.131715 | LR 9.47e-04
Ensemble 1/3 | Epoch 3/3 | Step 19/100 | Global 219 | Loss 0.094538 | LR 9.47e-04
Ensemble 1/3 | Epoch 3/3 | Step 20/100 | Global 220 | Loss 0.085502 | LR 9.46e-04
Ensemble 1/3 | Epoch 3/3 | Step 21/100 | Global 221 | Loss 0.114612 | LR 9.46e-04
Ensemble 1/3 | Epoch 3/3 | Step 22/100 | Global 222 | Loss 0.115797 | LR 9.46e-04
Ensemble 1/3 | Epoch 3/3 | Step 23/100 | Global 223 | Loss 0.153597 | LR 9.46e-04
Ensemble 1/3 | Epoch 3/3 | Step 24/100 | Global 224 | Loss 0.181416 | LR 9.46e-04
Ensemble 1/3 | Epoch 3/3 | Step 25/100 | Global 225 | Loss 0.130643 | LR 9.45e-04
Ensemble 1/3 | Epoch 3/3 | Step 26/100 | Global 226 | Loss 0.114074 | LR 9.45e-04
Ensemble 1/3 | Epoch 3/3 | Step 27/100 | Global 227 | Loss 0.089255 | LR 9.45e-04
Ensemble 1/3 | Epoch 3/3 | Step 28/100 | Global 228 | Loss 0.098158 | LR 9.45e-04
Ensemble 1/3 | Epoch 3/3 | Step 29/100 | Global 229 | Loss 0.082472 | LR 9.44e-04
Ensemble 1/3 | Epoch 3/3 | Step 30/100 | Global 230 | Loss 0.239970 | LR 9.44e-04
Ensemble 1/3 | Epoch 3/3 | Step 31/100 | Global 231 | Loss 0.092888 | LR 9.44e-04
Ensemble 1/3 | Epoch 3/3 | Step 32/100 | Global 232 | Loss 0.113318 | LR 9.44e-04
Ensemble 1/3 | Epoch 3/3 | Step 33/100 | Global 233 | Loss 0.298611 | LR 9.43e-04
Ensemble 1/3 | Epoch 3/3 | Step 34/100 | Global 234 | Loss 0.282919 | LR 9.43e-04
Ensemble 1/3 | Epoch 3/3 | Step 35/100 | Global 235 | Loss 0.198549 | LR 9.43e-04
Ensemble 1/3 | Epoch 3/3 | Step 36/100 | Global 236 | Loss 0.230866 | LR 9.43e-04
Ensemble 1/3 | Epoch 3/3 | Step 37/100 | Global 237 | Loss 0.185490 | LR 9.42e-04
Ensemble 1/3 | Epoch 3/3 | Step 38/100 | Global 238 | Loss 0.084453 | LR 9.42e-04
Ensemble 1/3 | Epoch 3/3 | Step 39/100 | Global 239 | Loss 0.145485 | LR 9.42e-04
Ensemble 1/3 | Epoch 3/3 | Step 40/100 | Global 240 | Loss 0.155365 | LR 9.42e-04
Ensemble 1/3 | Epoch 3/3 | Step 41/100 | Global 241 | Loss 0.104344 | LR 9.42e-04
Ensemble 1/3 | Epoch 3/3 | Step 42/100 | Global 242 | Loss 0.136808 | LR 9.41e-04
Ensemble 1/3 | Epoch 3/3 | Step 43/100 | Global 243 | Loss 0.115618 | LR 9.41e-04
Ensemble 1/3 | Epoch 3/3 | Step 44/100 | Global 244 | Loss 0.081063 | LR 9.41e-04
Ensemble 1/3 | Epoch 3/3 | Step 45/100 | Global 245 | Loss 0.109960 | LR 9.41e-04
Ensemble 1/3 | Epoch 3/3 | Step 46/100 | Global 246 | Loss 0.140551 | LR 9.40e-04
Ensemble 1/3 | Epoch 3/3 | Step 47/100 | Global 247 | Loss 0.145642 | LR 9.40e-04
Ensemble 1/3 | Epoch 3/3 | Step 48/100 | Global 248 | Loss 0.209314 | LR 9.40e-04
Ensemble 1/3 | Epoch 3/3 | Step 49/100 | Global 249 | Loss 0.119473 | LR 9.40e-04
Ensemble 1/3 | Epoch 3/3 | Step 50/100 | Global 250 | Loss 0.153884 | LR 9.39e-04
Ensemble 1/3 | Epoch 3/3 | Step 51/100 | Global 251 | Loss 0.093888 | LR 9.39e-04
Ensemble 1/3 | Epoch 3/3 | Step 52/100 | Global 252 | Loss 0.137603 | LR 9.39e-04
Ensemble 1/3 | Epoch 3/3 | Step 53/100 | Global 253 | Loss 0.193853 | LR 9.39e-04
Ensemble 1/3 | Epoch 3/3 | Step 54/100 | Global 254 | Loss 0.158024 | LR 9.38e-04
Ensemble 1/3 | Epoch 3/3 | Step 55/100 | Global 255 | Loss 0.135069 | LR 9.38e-04
Ensemble 1/3 | Epoch 3/3 | Step 56/100 | Global 256 | Loss 0.130363 | LR 9.38e-04
Ensemble 1/3 | Epoch 3/3 | Step 57/100 | Global 257 | Loss 0.122937 | LR 9.38e-04
Ensemble 1/3 | Epoch 3/3 | Step 58/100 | Global 258 | Loss 0.148132 | LR 9.38e-04
Ensemble 1/3 | Epoch 3/3 | Step 59/100 | Global 259 | Loss 0.144566 | LR 9.37e-04
Ensemble 1/3 | Epoch 3/3 | Step 60/100 | Global 260 | Loss 0.090789 | LR 9.37e-04
Ensemble 1/3 | Epoch 3/3 | Step 61/100 | Global 261 | Loss 0.144680 | LR 9.37e-04
Ensemble 1/3 | Epoch 3/3 | Step 62/100 | Global 262 | Loss 0.254941 | LR 9.37e-04
Ensemble 1/3 | Epoch 3/3 | Step 63/100 | Global 263 | Loss 0.129681 | LR 9.36e-04
Ensemble 1/3 | Epoch 3/3 | Step 64/100 | Global 264 | Loss 0.131838 | LR 9.36e-04
Ensemble 1/3 | Epoch 3/3 | Step 65/100 | Global 265 | Loss 0.069315 | LR 9.36e-04
Ensemble 1/3 | Epoch 3/3 | Step 66/100 | Global 266 | Loss 0.338424 | LR 9.36e-04
Ensemble 1/3 | Epoch 3/3 | Step 67/100 | Global 267 | Loss 0.150300 | LR 9.35e-04
Ensemble 1/3 | Epoch 3/3 | Step 68/100 | Global 268 | Loss 0.116519 | LR 9.35e-04
Ensemble 1/3 | Epoch 3/3 | Step 69/100 | Global 269 | Loss 0.081763 | LR 9.35e-04
Ensemble 1/3 | Epoch 3/3 | Step 70/100 | Global 270 | Loss 0.134078 | LR 9.35e-04
Ensemble 1/3 | Epoch 3/3 | Step 71/100 | Global 271 | Loss 0.312317 | LR 9.34e-04
Ensemble 1/3 | Epoch 3/3 | Step 72/100 | Global 272 | Loss 0.147660 | LR 9.34e-04
Ensemble 1/3 | Epoch 3/3 | Step 73/100 | Global 273 | Loss 0.073119 | LR 9.34e-04
Ensemble 1/3 | Epoch 3/3 | Step 74/100 | Global 274 | Loss 0.100536 | LR 9.34e-04
Ensemble 1/3 | Epoch 3/3 | Step 75/100 | Global 275 | Loss 0.290399 | LR 9.34e-04
Ensemble 1/3 | Epoch 3/3 | Step 76/100 | Global 276 | Loss 0.161352 | LR 9.33e-04
Ensemble 1/3 | Epoch 3/3 | Step 77/100 | Global 277 | Loss 0.069545 | LR 9.33e-04
Ensemble 1/3 | Epoch 3/3 | Step 78/100 | Global 278 | Loss 0.070799 | LR 9.33e-04
Ensemble 1/3 | Epoch 3/3 | Step 79/100 | Global 279 | Loss 0.160117 | LR 9.33e-04
Ensemble 1/3 | Epoch 3/3 | Step 80/100 | Global 280 | Loss 0.136388 | LR 9.32e-04
Ensemble 1/3 | Epoch 3/3 | Step 81/100 | Global 281 | Loss 0.090781 | LR 9.32e-04
Ensemble 1/3 | Epoch 3/3 | Step 82/100 | Global 282 | Loss 0.130558 | LR 9.32e-04
Ensemble 1/3 | Epoch 3/3 | Step 83/100 | Global 283 | Loss 0.084639 | LR 9.32e-04
Ensemble 1/3 | Epoch 3/3 | Step 84/100 | Global 284 | Loss 0.090629 | LR 9.31e-04
Ensemble 1/3 | Epoch 3/3 | Step 85/100 | Global 285 | Loss 0.090189 | LR 9.31e-04
Ensemble 1/3 | Epoch 3/3 | Step 86/100 | Global 286 | Loss 0.178180 | LR 9.31e-04
Ensemble 1/3 | Epoch 3/3 | Step 87/100 | Global 287 | Loss 0.087447 | LR 9.31e-04
Ensemble 1/3 | Epoch 3/3 | Step 88/100 | Global 288 | Loss 0.091789 | LR 9.31e-04
Ensemble 1/3 | Epoch 3/3 | Step 89/100 | Global 289 | Loss 0.134855 | LR 9.30e-04
Ensemble 1/3 | Epoch 3/3 | Step 90/100 | Global 290 | Loss 0.083405 | LR 9.30e-04
Ensemble 1/3 | Epoch 3/3 | Step 91/100 | Global 291 | Loss 0.274040 | LR 9.30e-04
Ensemble 1/3 | Epoch 3/3 | Step 92/100 | Global 292 | Loss 0.120576 | LR 9.30e-04
Ensemble 1/3 | Epoch 3/3 | Step 93/100 | Global 293 | Loss 0.132300 | LR 9.29e-04
Ensemble 1/3 | Epoch 3/3 | Step 94/100 | Global 294 | Loss 0.119426 | LR 9.29e-04
Ensemble 1/3 | Epoch 3/3 | Step 95/100 | Global 295 | Loss 0.334642 | LR 9.29e-04
Ensemble 1/3 | Epoch 3/3 | Step 96/100 | Global 296 | Loss 0.112930 | LR 9.29e-04
Ensemble 1/3 | Epoch 3/3 | Step 97/100 | Global 297 | Loss 0.157347 | LR 9.28e-04
Ensemble 1/3 | Epoch 3/3 | Step 98/100 | Global 298 | Loss 0.160358 | LR 9.28e-04
Ensemble 1/3 | Epoch 3/3 | Step 99/100 | Global 299 | Loss 0.176692 | LR 9.28e-04
[2026-05-01 16:53:19,053][train][INFO] - [100.00%] Mini-Batch Losses: Mini-batch loss =  2.285e-01
Ensemble 1/3 | Epoch 3/3 | Step 100/100 | Global 300 | Loss 0.228504 | LR 9.28e-04
[2026-05-01 16:54:28,659][train][INFO] - Epoch 3 Metrics: Learning Rate =  9.277e-04, Mini-batch loss =  1.490e-01
[2026-05-01 16:54:28,659][train][INFO] - Epoch Execution Time:  1.236e+03s, Time/Iter:  1.236e+04ms
[2026-05-01 16:54:28,840][checkpoint][INFO] - Saved model state dictionary: /home/iaziz6/Imo_Training/Training/checkpoints_ensemble_3x3/ensemble_0/UNet.0.3.mdlus
[2026-05-01 16:54:28,937][checkpoint][INFO] - Saved training checkpoint: /home/iaziz6/Imo_Training/Training/checkpoints_ensemble_3x3/ensemble_0/checkpoint.0.3.pt
[2026-05-01 16:54:29,145][checkpoint][WARNING] - Provided checkpoint directory /home/iaziz6/Imo_Training/Training/checkpoints_ensemble_3x3/ensemble_1 does not exist, skipping load
[2026-05-01 16:54:29,145][main][INFO] - Starting ensemble 2/3 with train_num_samples=100, val_num_samples=6, max_epochs=3, log_every_steps=1, val_every_steps=100, save_every=1, checkpoint_dir=/home/iaziz6/Imo_Training/Training/checkpoints_ensemble_3x3/ensemble_1.
Ensemble 2/3 | Epoch 1/3 | Step 1/100 | Global 1 | Loss 0.843500 | LR 1.00e-03
Ensemble 2/3 | Epoch 1/3 | Step 2/100 | Global 2 | Loss 0.381508 | LR 1.00e-03
Ensemble 2/3 | Epoch 1/3 | Step 3/100 | Global 3 | Loss 0.560168 | LR 9.99e-04
Ensemble 2/3 | Epoch 1/3 | Step 4/100 | Global 4 | Loss 0.604773 | LR 9.99e-04
Ensemble 2/3 | Epoch 1/3 | Step 5/100 | Global 5 | Loss 0.436922 | LR 9.99e-04
Ensemble 2/3 | Epoch 1/3 | Step 6/100 | Global 6 | Loss 0.577788 | LR 9.99e-04
Ensemble 2/3 | Epoch 1/3 | Step 7/100 | Global 7 | Loss 0.618354 | LR 9.98e-04
Ensemble 2/3 | Epoch 1/3 | Step 8/100 | Global 8 | Loss 0.316608 | LR 9.98e-04
Ensemble 2/3 | Epoch 1/3 | Step 9/100 | Global 9 | Loss 0.538303 | LR 9.98e-04
Ensemble 2/3 | Epoch 1/3 | Step 10/100 | Global 10 | Loss 0.581912 | LR 9.98e-04
Ensemble 2/3 | Epoch 1/3 | Step 11/100 | Global 11 | Loss 0.356607 | LR 9.97e-04
Ensemble 2/3 | Epoch 1/3 | Step 12/100 | Global 12 | Loss 0.458039 | LR 9.97e-04
Ensemble 2/3 | Epoch 1/3 | Step 13/100 | Global 13 | Loss 0.439852 | LR 9.97e-04
Ensemble 2/3 | Epoch 1/3 | Step 14/100 | Global 14 | Loss 0.336615 | LR 9.97e-04
Ensemble 2/3 | Epoch 1/3 | Step 15/100 | Global 15 | Loss 0.468305 | LR 9.96e-04
Ensemble 2/3 | Epoch 1/3 | Step 16/100 | Global 16 | Loss 0.564085 | LR 9.96e-04
Ensemble 2/3 | Epoch 1/3 | Step 17/100 | Global 17 | Loss 0.402720 | LR 9.96e-04
Ensemble 2/3 | Epoch 1/3 | Step 18/100 | Global 18 | Loss 0.457405 | LR 9.96e-04
Ensemble 2/3 | Epoch 1/3 | Step 19/100 | Global 19 | Loss 0.460026 | LR 9.95e-04
Ensemble 2/3 | Epoch 1/3 | Step 20/100 | Global 20 | Loss 0.254556 | LR 9.95e-04
Ensemble 2/3 | Epoch 1/3 | Step 21/100 | Global 21 | Loss 0.343274 | LR 9.95e-04
Ensemble 2/3 | Epoch 1/3 | Step 22/100 | Global 22 | Loss 0.236531 | LR 9.95e-04
Ensemble 2/3 | Epoch 1/3 | Step 23/100 | Global 23 | Loss 0.255559 | LR 9.94e-04
Ensemble 2/3 | Epoch 1/3 | Step 24/100 | Global 24 | Loss 0.284562 | LR 9.94e-04
Ensemble 2/3 | Epoch 1/3 | Step 25/100 | Global 25 | Loss 0.338915 | LR 9.94e-04
Ensemble 2/3 | Epoch 1/3 | Step 26/100 | Global 26 | Loss 0.205589 | LR 9.94e-04
Ensemble 2/3 | Epoch 1/3 | Step 27/100 | Global 27 | Loss 0.253931 | LR 9.93e-04
Ensemble 2/3 | Epoch 1/3 | Step 28/100 | Global 28 | Loss 0.360257 | LR 9.93e-04
Ensemble 2/3 | Epoch 1/3 | Step 29/100 | Global 29 | Loss 0.271061 | LR 9.93e-04
Ensemble 2/3 | Epoch 1/3 | Step 30/100 | Global 30 | Loss 0.239436 | LR 9.93e-04
Ensemble 2/3 | Epoch 1/3 | Step 31/100 | Global 31 | Loss 0.333271 | LR 9.92e-04
Ensemble 2/3 | Epoch 1/3 | Step 32/100 | Global 32 | Loss 0.212369 | LR 9.92e-04
Ensemble 2/3 | Epoch 1/3 | Step 33/100 | Global 33 | Loss 0.165846 | LR 9.92e-04
Ensemble 2/3 | Epoch 1/3 | Step 34/100 | Global 34 | Loss 0.199319 | LR 9.92e-04
Ensemble 2/3 | Epoch 1/3 | Step 35/100 | Global 35 | Loss 0.323162 | LR 9.91e-04
Ensemble 2/3 | Epoch 1/3 | Step 36/100 | Global 36 | Loss 0.272326 | LR 9.91e-04
Ensemble 2/3 | Epoch 1/3 | Step 37/100 | Global 37 | Loss 0.283565 | LR 9.91e-04
Ensemble 2/3 | Epoch 1/3 | Step 38/100 | Global 38 | Loss 0.248943 | LR 9.91e-04
Ensemble 2/3 | Epoch 1/3 | Step 39/100 | Global 39 | Loss 0.218809 | LR 9.90e-04
Ensemble 2/3 | Epoch 1/3 | Step 40/100 | Global 40 | Loss 0.203423 | LR 9.90e-04
Ensemble 2/3 | Epoch 1/3 | Step 41/100 | Global 41 | Loss 0.187356 | LR 9.90e-04
Ensemble 2/3 | Epoch 1/3 | Step 42/100 | Global 42 | Loss 0.199697 | LR 9.90e-04
Ensemble 2/3 | Epoch 1/3 | Step 43/100 | Global 43 | Loss 0.340697 | LR 9.89e-04
Ensemble 2/3 | Epoch 1/3 | Step 44/100 | Global 44 | Loss 0.206469 | LR 9.89e-04
Ensemble 2/3 | Epoch 1/3 | Step 45/100 | Global 45 | Loss 0.336422 | LR 9.89e-04
Ensemble 2/3 | Epoch 1/3 | Step 46/100 | Global 46 | Loss 0.278479 | LR 9.89e-04
Ensemble 2/3 | Epoch 1/3 | Step 47/100 | Global 47 | Loss 0.332925 | LR 9.88e-04
Ensemble 2/3 | Epoch 1/3 | Step 48/100 | Global 48 | Loss 0.160275 | LR 9.88e-04
Ensemble 2/3 | Epoch 1/3 | Step 49/100 | Global 49 | Loss 0.281238 | LR 9.88e-04
Ensemble 2/3 | Epoch 1/3 | Step 50/100 | Global 50 | Loss 0.183814 | LR 9.88e-04
Ensemble 2/3 | Epoch 1/3 | Step 51/100 | Global 51 | Loss 0.197432 | LR 9.87e-04
Ensemble 2/3 | Epoch 1/3 | Step 52/100 | Global 52 | Loss 0.190612 | LR 9.87e-04
Ensemble 2/3 | Epoch 1/3 | Step 53/100 | Global 53 | Loss 0.239677 | LR 9.87e-04
Ensemble 2/3 | Epoch 1/3 | Step 54/100 | Global 54 | Loss 0.197738 | LR 9.87e-04
Ensemble 2/3 | Epoch 1/3 | Step 55/100 | Global 55 | Loss 0.120462 | LR 9.86e-04
Ensemble 2/3 | Epoch 1/3 | Step 56/100 | Global 56 | Loss 0.140728 | LR 9.86e-04
Ensemble 2/3 | Epoch 1/3 | Step 57/100 | Global 57 | Loss 0.151184 | LR 9.86e-04
Ensemble 2/3 | Epoch 1/3 | Step 58/100 | Global 58 | Loss 0.239202 | LR 9.86e-04
Ensemble 2/3 | Epoch 1/3 | Step 59/100 | Global 59 | Loss 0.220060 | LR 9.85e-04
Ensemble 2/3 | Epoch 1/3 | Step 60/100 | Global 60 | Loss 0.177637 | LR 9.85e-04
Ensemble 2/3 | Epoch 1/3 | Step 61/100 | Global 61 | Loss 0.112599 | LR 9.85e-04
Ensemble 2/3 | Epoch 1/3 | Step 62/100 | Global 62 | Loss 0.201883 | LR 9.85e-04
Ensemble 2/3 | Epoch 1/3 | Step 63/100 | Global 63 | Loss 0.126334 | LR 9.84e-04
Ensemble 2/3 | Epoch 1/3 | Step 64/100 | Global 64 | Loss 0.200858 | LR 9.84e-04
Ensemble 2/3 | Epoch 1/3 | Step 65/100 | Global 65 | Loss 0.179545 | LR 9.84e-04
Ensemble 2/3 | Epoch 1/3 | Step 66/100 | Global 66 | Loss 0.111567 | LR 9.84e-04
Ensemble 2/3 | Epoch 1/3 | Step 67/100 | Global 67 | Loss 0.240638 | LR 9.83e-04
Ensemble 2/3 | Epoch 1/3 | Step 68/100 | Global 68 | Loss 0.114434 | LR 9.83e-04
Ensemble 2/3 | Epoch 1/3 | Step 69/100 | Global 69 | Loss 0.336597 | LR 9.83e-04
Ensemble 2/3 | Epoch 1/3 | Step 70/100 | Global 70 | Loss 0.334337 | LR 9.83e-04
Ensemble 2/3 | Epoch 1/3 | Step 71/100 | Global 71 | Loss 0.407169 | LR 9.82e-04
Ensemble 2/3 | Epoch 1/3 | Step 72/100 | Global 72 | Loss 0.230207 | LR 9.82e-04
Ensemble 2/3 | Epoch 1/3 | Step 73/100 | Global 73 | Loss 0.111910 | LR 9.82e-04
Ensemble 2/3 | Epoch 1/3 | Step 74/100 | Global 74 | Loss 0.130694 | LR 9.82e-04
Ensemble 2/3 | Epoch 1/3 | Step 75/100 | Global 75 | Loss 0.132664 | LR 9.81e-04
Ensemble 2/3 | Epoch 1/3 | Step 76/100 | Global 76 | Loss 0.251322 | LR 9.81e-04
Ensemble 2/3 | Epoch 1/3 | Step 77/100 | Global 77 | Loss 0.113586 | LR 9.81e-04
Ensemble 2/3 | Epoch 1/3 | Step 78/100 | Global 78 | Loss 0.142296 | LR 9.81e-04
Ensemble 2/3 | Epoch 1/3 | Step 79/100 | Global 79 | Loss 0.180330 | LR 9.80e-04
Ensemble 2/3 | Epoch 1/3 | Step 80/100 | Global 80 | Loss 0.191457 | LR 9.80e-04
Ensemble 2/3 | Epoch 1/3 | Step 81/100 | Global 81 | Loss 0.146272 | LR 9.80e-04
Ensemble 2/3 | Epoch 1/3 | Step 82/100 | Global 82 | Loss 0.157389 | LR 9.80e-04
Ensemble 2/3 | Epoch 1/3 | Step 83/100 | Global 83 | Loss 0.196621 | LR 9.79e-04
Ensemble 2/3 | Epoch 1/3 | Step 84/100 | Global 84 | Loss 0.182222 | LR 9.79e-04
Ensemble 2/3 | Epoch 1/3 | Step 85/100 | Global 85 | Loss 0.169690 | LR 9.79e-04
Ensemble 2/3 | Epoch 1/3 | Step 86/100 | Global 86 | Loss 0.192194 | LR 9.79e-04
Ensemble 2/3 | Epoch 1/3 | Step 87/100 | Global 87 | Loss 0.142537 | LR 9.78e-04
Ensemble 2/3 | Epoch 1/3 | Step 88/100 | Global 88 | Loss 0.496142 | LR 9.78e-04
Ensemble 2/3 | Epoch 1/3 | Step 89/100 | Global 89 | Loss 0.186015 | LR 9.78e-04
Ensemble 2/3 | Epoch 1/3 | Step 90/100 | Global 90 | Loss 0.137310 | LR 9.78e-04
Ensemble 2/3 | Epoch 1/3 | Step 91/100 | Global 91 | Loss 0.135118 | LR 9.78e-04
Ensemble 2/3 | Epoch 1/3 | Step 92/100 | Global 92 | Loss 0.302990 | LR 9.77e-04
Ensemble 2/3 | Epoch 1/3 | Step 93/100 | Global 93 | Loss 0.188437 | LR 9.77e-04
Ensemble 2/3 | Epoch 1/3 | Step 94/100 | Global 94 | Loss 0.182231 | LR 9.77e-04
Ensemble 2/3 | Epoch 1/3 | Step 95/100 | Global 95 | Loss 0.180774 | LR 9.77e-04
Ensemble 2/3 | Epoch 1/3 | Step 96/100 | Global 96 | Loss 0.178342 | LR 9.76e-04
Ensemble 2/3 | Epoch 1/3 | Step 97/100 | Global 97 | Loss 0.140849 | LR 9.76e-04
Ensemble 2/3 | Epoch 1/3 | Step 98/100 | Global 98 | Loss 0.165959 | LR 9.76e-04
Ensemble 2/3 | Epoch 1/3 | Step 99/100 | Global 99 | Loss 0.143410 | LR 9.76e-04
[2026-05-01 17:13:53,084][train][INFO] - [100.00%] Mini-Batch Losses: Mini-batch loss =  1.109e-01
Ensemble 2/3 | Epoch 1/3 | Step 100/100 | Global 100 | Loss 0.110856 | LR 9.75e-04
[2026-05-01 17:15:01,842][train][INFO] - Epoch 1 Metrics: Learning Rate =  9.753e-04, Mini-batch loss =  2.688e-01
[2026-05-01 17:15:01,842][train][INFO] - Epoch Execution Time:  1.233e+03s, Time/Iter:  1.233e+04ms
[2026-05-01 17:15:01,985][checkpoint][INFO] - Saved model state dictionary: /home/iaziz6/Imo_Training/Training/checkpoints_ensemble_3x3/ensemble_1/UNet.0.1.mdlus
[2026-05-01 17:15:02,079][checkpoint][INFO] - Saved training checkpoint: /home/iaziz6/Imo_Training/Training/checkpoints_ensemble_3x3/ensemble_1/checkpoint.0.1.pt
Ensemble 2/3 | Epoch 2/3 | Step 1/100 | Global 101 | Loss 0.212508 | LR 9.75e-04
Ensemble 2/3 | Epoch 2/3 | Step 2/100 | Global 102 | Loss 0.164793 | LR 9.75e-04
Ensemble 2/3 | Epoch 2/3 | Step 3/100 | Global 103 | Loss 0.211423 | LR 9.75e-04
Ensemble 2/3 | Epoch 2/3 | Step 4/100 | Global 104 | Loss 0.152446 | LR 9.74e-04
Ensemble 2/3 | Epoch 2/3 | Step 5/100 | Global 105 | Loss 0.133167 | LR 9.74e-04
Ensemble 2/3 | Epoch 2/3 | Step 6/100 | Global 106 | Loss 0.126790 | LR 9.74e-04
Ensemble 2/3 | Epoch 2/3 | Step 7/100 | Global 107 | Loss 0.127328 | LR 9.74e-04
Ensemble 2/3 | Epoch 2/3 | Step 8/100 | Global 108 | Loss 0.126399 | LR 9.73e-04
Ensemble 2/3 | Epoch 2/3 | Step 9/100 | Global 109 | Loss 0.130830 | LR 9.73e-04
Ensemble 2/3 | Epoch 2/3 | Step 10/100 | Global 110 | Loss 0.141948 | LR 9.73e-04
Ensemble 2/3 | Epoch 2/3 | Step 11/100 | Global 111 | Loss 0.179606 | LR 9.73e-04
Ensemble 2/3 | Epoch 2/3 | Step 12/100 | Global 112 | Loss 0.173180 | LR 9.72e-04
Ensemble 2/3 | Epoch 2/3 | Step 13/100 | Global 113 | Loss 0.218231 | LR 9.72e-04
Ensemble 2/3 | Epoch 2/3 | Step 14/100 | Global 114 | Loss 0.118815 | LR 9.72e-04
Ensemble 2/3 | Epoch 2/3 | Step 15/100 | Global 115 | Loss 0.098504 | LR 9.72e-04
Ensemble 2/3 | Epoch 2/3 | Step 16/100 | Global 116 | Loss 0.162391 | LR 9.71e-04
Ensemble 2/3 | Epoch 2/3 | Step 17/100 | Global 117 | Loss 0.111675 | LR 9.71e-04
Ensemble 2/3 | Epoch 2/3 | Step 18/100 | Global 118 | Loss 0.237747 | LR 9.71e-04
Ensemble 2/3 | Epoch 2/3 | Step 19/100 | Global 119 | Loss 0.102639 | LR 9.71e-04
Ensemble 2/3 | Epoch 2/3 | Step 20/100 | Global 120 | Loss 0.293552 | LR 9.70e-04
Ensemble 2/3 | Epoch 2/3 | Step 21/100 | Global 121 | Loss 0.136797 | LR 9.70e-04
Ensemble 2/3 | Epoch 2/3 | Step 22/100 | Global 122 | Loss 0.115618 | LR 9.70e-04
Ensemble 2/3 | Epoch 2/3 | Step 23/100 | Global 123 | Loss 0.172084 | LR 9.70e-04
Ensemble 2/3 | Epoch 2/3 | Step 24/100 | Global 124 | Loss 0.168570 | LR 9.69e-04
Ensemble 2/3 | Epoch 2/3 | Step 25/100 | Global 125 | Loss 0.167236 | LR 9.69e-04
Ensemble 2/3 | Epoch 2/3 | Step 26/100 | Global 126 | Loss 0.112444 | LR 9.69e-04
Ensemble 2/3 | Epoch 2/3 | Step 27/100 | Global 127 | Loss 0.147658 | LR 9.69e-04
Ensemble 2/3 | Epoch 2/3 | Step 28/100 | Global 128 | Loss 0.147530 | LR 9.69e-04
Ensemble 2/3 | Epoch 2/3 | Step 29/100 | Global 129 | Loss 0.117659 | LR 9.68e-04
Ensemble 2/3 | Epoch 2/3 | Step 30/100 | Global 130 | Loss 0.159814 | LR 9.68e-04
Ensemble 2/3 | Epoch 2/3 | Step 31/100 | Global 131 | Loss 0.144605 | LR 9.68e-04
Ensemble 2/3 | Epoch 2/3 | Step 32/100 | Global 132 | Loss 0.149818 | LR 9.68e-04
Ensemble 2/3 | Epoch 2/3 | Step 33/100 | Global 133 | Loss 0.115489 | LR 9.67e-04
Ensemble 2/3 | Epoch 2/3 | Step 34/100 | Global 134 | Loss 0.123346 | LR 9.67e-04
Ensemble 2/3 | Epoch 2/3 | Step 35/100 | Global 135 | Loss 0.136352 | LR 9.67e-04
Ensemble 2/3 | Epoch 2/3 | Step 36/100 | Global 136 | Loss 0.120900 | LR 9.67e-04
Ensemble 2/3 | Epoch 2/3 | Step 37/100 | Global 137 | Loss 0.190080 | LR 9.66e-04
Ensemble 2/3 | Epoch 2/3 | Step 38/100 | Global 138 | Loss 0.183864 | LR 9.66e-04
Ensemble 2/3 | Epoch 2/3 | Step 39/100 | Global 139 | Loss 0.232232 | LR 9.66e-04
Ensemble 2/3 | Epoch 2/3 | Step 40/100 | Global 140 | Loss 0.113599 | LR 9.66e-04
Ensemble 2/3 | Epoch 2/3 | Step 41/100 | Global 141 | Loss 0.126926 | LR 9.65e-04
Ensemble 2/3 | Epoch 2/3 | Step 42/100 | Global 142 | Loss 0.182043 | LR 9.65e-04
Ensemble 2/3 | Epoch 2/3 | Step 43/100 | Global 143 | Loss 0.128013 | LR 9.65e-04
Ensemble 2/3 | Epoch 2/3 | Step 44/100 | Global 144 | Loss 0.214272 | LR 9.65e-04
Ensemble 2/3 | Epoch 2/3 | Step 45/100 | Global 145 | Loss 0.167227 | LR 9.64e-04
Ensemble 2/3 | Epoch 2/3 | Step 46/100 | Global 146 | Loss 0.136727 | LR 9.64e-04
Ensemble 2/3 | Epoch 2/3 | Step 47/100 | Global 147 | Loss 0.084682 | LR 9.64e-04
Ensemble 2/3 | Epoch 2/3 | Step 48/100 | Global 148 | Loss 0.176044 | LR 9.64e-04
Ensemble 2/3 | Epoch 2/3 | Step 49/100 | Global 149 | Loss 0.114682 | LR 9.63e-04
Ensemble 2/3 | Epoch 2/3 | Step 50/100 | Global 150 | Loss 0.179892 | LR 9.63e-04
Ensemble 2/3 | Epoch 2/3 | Step 51/100 | Global 151 | Loss 0.274357 | LR 9.63e-04
Ensemble 2/3 | Epoch 2/3 | Step 52/100 | Global 152 | Loss 0.127876 | LR 9.63e-04
Ensemble 2/3 | Epoch 2/3 | Step 53/100 | Global 153 | Loss 0.142818 | LR 9.62e-04
Ensemble 2/3 | Epoch 2/3 | Step 54/100 | Global 154 | Loss 0.096704 | LR 9.62e-04
Ensemble 2/3 | Epoch 2/3 | Step 55/100 | Global 155 | Loss 0.154502 | LR 9.62e-04
Ensemble 2/3 | Epoch 2/3 | Step 56/100 | Global 156 | Loss 0.154948 | LR 9.62e-04
Ensemble 2/3 | Epoch 2/3 | Step 57/100 | Global 157 | Loss 0.150235 | LR 9.62e-04
Ensemble 2/3 | Epoch 2/3 | Step 58/100 | Global 158 | Loss 0.111585 | LR 9.61e-04
Ensemble 2/3 | Epoch 2/3 | Step 59/100 | Global 159 | Loss 0.137183 | LR 9.61e-04
Ensemble 2/3 | Epoch 2/3 | Step 60/100 | Global 160 | Loss 0.106527 | LR 9.61e-04
Ensemble 2/3 | Epoch 2/3 | Step 61/100 | Global 161 | Loss 0.153881 | LR 9.61e-04
Ensemble 2/3 | Epoch 2/3 | Step 62/100 | Global 162 | Loss 0.121401 | LR 9.60e-04
Ensemble 2/3 | Epoch 2/3 | Step 63/100 | Global 163 | Loss 0.115102 | LR 9.60e-04
Ensemble 2/3 | Epoch 2/3 | Step 64/100 | Global 164 | Loss 0.106551 | LR 9.60e-04
Ensemble 2/3 | Epoch 2/3 | Step 65/100 | Global 165 | Loss 0.153113 | LR 9.60e-04
Ensemble 2/3 | Epoch 2/3 | Step 66/100 | Global 166 | Loss 0.145848 | LR 9.59e-04
Ensemble 2/3 | Epoch 2/3 | Step 67/100 | Global 167 | Loss 0.148541 | LR 9.59e-04
Ensemble 2/3 | Epoch 2/3 | Step 68/100 | Global 168 | Loss 0.120823 | LR 9.59e-04
Ensemble 2/3 | Epoch 2/3 | Step 69/100 | Global 169 | Loss 0.146109 | LR 9.59e-04
Ensemble 2/3 | Epoch 2/3 | Step 70/100 | Global 170 | Loss 0.155795 | LR 9.58e-04
Ensemble 2/3 | Epoch 2/3 | Step 71/100 | Global 171 | Loss 0.163053 | LR 9.58e-04
Ensemble 2/3 | Epoch 2/3 | Step 72/100 | Global 172 | Loss 0.577433 | LR 9.58e-04
Ensemble 2/3 | Epoch 2/3 | Step 73/100 | Global 173 | Loss 0.120919 | LR 9.58e-04
Ensemble 2/3 | Epoch 2/3 | Step 74/100 | Global 174 | Loss 0.128250 | LR 9.57e-04
Ensemble 2/3 | Epoch 2/3 | Step 75/100 | Global 175 | Loss 0.160563 | LR 9.57e-04
Ensemble 2/3 | Epoch 2/3 | Step 76/100 | Global 176 | Loss 0.130706 | LR 9.57e-04
Ensemble 2/3 | Epoch 2/3 | Step 77/100 | Global 177 | Loss 0.141026 | LR 9.57e-04
Ensemble 2/3 | Epoch 2/3 | Step 78/100 | Global 178 | Loss 0.114295 | LR 9.56e-04
Ensemble 2/3 | Epoch 2/3 | Step 79/100 | Global 179 | Loss 0.117651 | LR 9.56e-04
Ensemble 2/3 | Epoch 2/3 | Step 80/100 | Global 180 | Loss 0.210578 | LR 9.56e-04
Ensemble 2/3 | Epoch 2/3 | Step 81/100 | Global 181 | Loss 0.174835 | LR 9.56e-04
Ensemble 2/3 | Epoch 2/3 | Step 82/100 | Global 182 | Loss 0.133418 | LR 9.56e-04
Ensemble 2/3 | Epoch 2/3 | Step 83/100 | Global 183 | Loss 0.086302 | LR 9.55e-04
Ensemble 2/3 | Epoch 2/3 | Step 84/100 | Global 184 | Loss 0.095535 | LR 9.55e-04
Ensemble 2/3 | Epoch 2/3 | Step 85/100 | Global 185 | Loss 0.298019 | LR 9.55e-04
Ensemble 2/3 | Epoch 2/3 | Step 86/100 | Global 186 | Loss 0.084560 | LR 9.55e-04
Ensemble 2/3 | Epoch 2/3 | Step 87/100 | Global 187 | Loss 0.101297 | LR 9.54e-04
Ensemble 2/3 | Epoch 2/3 | Step 88/100 | Global 188 | Loss 0.171892 | LR 9.54e-04
Ensemble 2/3 | Epoch 2/3 | Step 89/100 | Global 189 | Loss 0.110116 | LR 9.54e-04
Ensemble 2/3 | Epoch 2/3 | Step 90/100 | Global 190 | Loss 0.327737 | LR 9.54e-04
Ensemble 2/3 | Epoch 2/3 | Step 91/100 | Global 191 | Loss 0.423535 | LR 9.53e-04
Ensemble 2/3 | Epoch 2/3 | Step 92/100 | Global 192 | Loss 0.291578 | LR 9.53e-04
Ensemble 2/3 | Epoch 2/3 | Step 93/100 | Global 193 | Loss 0.100831 | LR 9.53e-04
Ensemble 2/3 | Epoch 2/3 | Step 94/100 | Global 194 | Loss 0.118083 | LR 9.53e-04
Ensemble 2/3 | Epoch 2/3 | Step 95/100 | Global 195 | Loss 0.097188 | LR 9.52e-04
Ensemble 2/3 | Epoch 2/3 | Step 96/100 | Global 196 | Loss 0.179734 | LR 9.52e-04
Ensemble 2/3 | Epoch 2/3 | Step 97/100 | Global 197 | Loss 0.124713 | LR 9.52e-04
Ensemble 2/3 | Epoch 2/3 | Step 98/100 | Global 198 | Loss 0.111566 | LR 9.52e-04
Ensemble 2/3 | Epoch 2/3 | Step 99/100 | Global 199 | Loss 0.152614 | LR 9.51e-04
[2026-05-01 17:34:21,511][train][INFO] - [100.00%] Mini-Batch Losses: Mini-batch loss =  1.711e-01
Ensemble 2/3 | Epoch 2/3 | Step 100/100 | Global 200 | Loss 0.171087 | LR 9.51e-04
[2026-05-01 17:35:30,492][train][INFO] - Epoch 2 Metrics: Learning Rate =  9.512e-04, Mini-batch loss =  1.573e-01
[2026-05-01 17:35:30,492][train][INFO] - Epoch Execution Time:  1.228e+03s, Time/Iter:  1.228e+04ms
[2026-05-01 17:35:30,614][checkpoint][INFO] - Saved model state dictionary: /home/iaziz6/Imo_Training/Training/checkpoints_ensemble_3x3/ensemble_1/UNet.0.2.mdlus
[2026-05-01 17:35:30,716][checkpoint][INFO] - Saved training checkpoint: /home/iaziz6/Imo_Training/Training/checkpoints_ensemble_3x3/ensemble_1/checkpoint.0.2.pt
Ensemble 2/3 | Epoch 3/3 | Step 1/100 | Global 201 | Loss 0.179634 | LR 9.51e-04
Ensemble 2/3 | Epoch 3/3 | Step 2/100 | Global 202 | Loss 0.162276 | LR 9.51e-04
Ensemble 2/3 | Epoch 3/3 | Step 3/100 | Global 203 | Loss 0.175593 | LR 9.51e-04
Ensemble 2/3 | Epoch 3/3 | Step 4/100 | Global 204 | Loss 0.116317 | LR 9.50e-04
Ensemble 2/3 | Epoch 3/3 | Step 5/100 | Global 205 | Loss 0.412703 | LR 9.50e-04
Ensemble 2/3 | Epoch 3/3 | Step 6/100 | Global 206 | Loss 0.183840 | LR 9.50e-04
Ensemble 2/3 | Epoch 3/3 | Step 7/100 | Global 207 | Loss 0.175182 | LR 9.50e-04
Ensemble 2/3 | Epoch 3/3 | Step 8/100 | Global 208 | Loss 0.163782 | LR 9.49e-04
Ensemble 2/3 | Epoch 3/3 | Step 9/100 | Global 209 | Loss 0.112038 | LR 9.49e-04
Ensemble 2/3 | Epoch 3/3 | Step 10/100 | Global 210 | Loss 0.095114 | LR 9.49e-04
Ensemble 2/3 | Epoch 3/3 | Step 11/100 | Global 211 | Loss 0.108700 | LR 9.49e-04
Ensemble 2/3 | Epoch 3/3 | Step 12/100 | Global 212 | Loss 0.124672 | LR 9.48e-04
Ensemble 2/3 | Epoch 3/3 | Step 13/100 | Global 213 | Loss 0.150502 | LR 9.48e-04
Ensemble 2/3 | Epoch 3/3 | Step 14/100 | Global 214 | Loss 0.211931 | LR 9.48e-04
Ensemble 2/3 | Epoch 3/3 | Step 15/100 | Global 215 | Loss 0.271816 | LR 9.48e-04
Ensemble 2/3 | Epoch 3/3 | Step 16/100 | Global 216 | Loss 0.201054 | LR 9.47e-04
Ensemble 2/3 | Epoch 3/3 | Step 17/100 | Global 217 | Loss 0.135186 | LR 9.47e-04
Ensemble 2/3 | Epoch 3/3 | Step 18/100 | Global 218 | Loss 0.333268 | LR 9.47e-04
Ensemble 2/3 | Epoch 3/3 | Step 19/100 | Global 219 | Loss 0.131462 | LR 9.47e-04
Ensemble 2/3 | Epoch 3/3 | Step 20/100 | Global 220 | Loss 0.139152 | LR 9.46e-04
Ensemble 2/3 | Epoch 3/3 | Step 21/100 | Global 221 | Loss 0.093819 | LR 9.46e-04
Ensemble 2/3 | Epoch 3/3 | Step 22/100 | Global 222 | Loss 0.167726 | LR 9.46e-04
Ensemble 2/3 | Epoch 3/3 | Step 23/100 | Global 223 | Loss 0.179431 | LR 9.46e-04
Ensemble 2/3 | Epoch 3/3 | Step 24/100 | Global 224 | Loss 0.122650 | LR 9.46e-04
Ensemble 2/3 | Epoch 3/3 | Step 25/100 | Global 225 | Loss 0.178332 | LR 9.45e-04
Ensemble 2/3 | Epoch 3/3 | Step 26/100 | Global 226 | Loss 0.138486 | LR 9.45e-04
Ensemble 2/3 | Epoch 3/3 | Step 27/100 | Global 227 | Loss 0.157931 | LR 9.45e-04
Ensemble 2/3 | Epoch 3/3 | Step 28/100 | Global 228 | Loss 0.149894 | LR 9.45e-04
Ensemble 2/3 | Epoch 3/3 | Step 29/100 | Global 229 | Loss 0.112504 | LR 9.44e-04
Ensemble 2/3 | Epoch 3/3 | Step 30/100 | Global 230 | Loss 0.138443 | LR 9.44e-04
Ensemble 2/3 | Epoch 3/3 | Step 31/100 | Global 231 | Loss 0.326910 | LR 9.44e-04
Ensemble 2/3 | Epoch 3/3 | Step 32/100 | Global 232 | Loss 0.188585 | LR 9.44e-04
Ensemble 2/3 | Epoch 3/3 | Step 33/100 | Global 233 | Loss 0.108675 | LR 9.43e-04
Ensemble 2/3 | Epoch 3/3 | Step 34/100 | Global 234 | Loss 0.148042 | LR 9.43e-04
Ensemble 2/3 | Epoch 3/3 | Step 35/100 | Global 235 | Loss 0.089999 | LR 9.43e-04
Ensemble 2/3 | Epoch 3/3 | Step 36/100 | Global 236 | Loss 0.102401 | LR 9.43e-04
Ensemble 2/3 | Epoch 3/3 | Step 37/100 | Global 237 | Loss 0.170716 | LR 9.42e-04
Ensemble 2/3 | Epoch 3/3 | Step 38/100 | Global 238 | Loss 0.134362 | LR 9.42e-04
Ensemble 2/3 | Epoch 3/3 | Step 39/100 | Global 239 | Loss 0.120622 | LR 9.42e-04
Ensemble 2/3 | Epoch 3/3 | Step 40/100 | Global 240 | Loss 0.087286 | LR 9.42e-04
Ensemble 2/3 | Epoch 3/3 | Step 41/100 | Global 241 | Loss 0.153155 | LR 9.42e-04
Ensemble 2/3 | Epoch 3/3 | Step 42/100 | Global 242 | Loss 0.148237 | LR 9.41e-04
Ensemble 2/3 | Epoch 3/3 | Step 43/100 | Global 243 | Loss 0.171373 | LR 9.41e-04
Ensemble 2/3 | Epoch 3/3 | Step 44/100 | Global 244 | Loss 0.209300 | LR 9.41e-04
Ensemble 2/3 | Epoch 3/3 | Step 45/100 | Global 245 | Loss 0.109236 | LR 9.41e-04
Ensemble 2/3 | Epoch 3/3 | Step 46/100 | Global 246 | Loss 0.116514 | LR 9.40e-04
Ensemble 2/3 | Epoch 3/3 | Step 47/100 | Global 247 | Loss 0.157712 | LR 9.40e-04
Ensemble 2/3 | Epoch 3/3 | Step 48/100 | Global 248 | Loss 0.297976 | LR 9.40e-04
Ensemble 2/3 | Epoch 3/3 | Step 49/100 | Global 249 | Loss 0.108562 | LR 9.40e-04
Ensemble 2/3 | Epoch 3/3 | Step 50/100 | Global 250 | Loss 0.134208 | LR 9.39e-04
Ensemble 2/3 | Epoch 3/3 | Step 51/100 | Global 251 | Loss 0.068485 | LR 9.39e-04
Ensemble 2/3 | Epoch 3/3 | Step 52/100 | Global 252 | Loss 0.084467 | LR 9.39e-04
Ensemble 2/3 | Epoch 3/3 | Step 53/100 | Global 253 | Loss 0.254619 | LR 9.39e-04
Ensemble 2/3 | Epoch 3/3 | Step 54/100 | Global 254 | Loss 0.092935 | LR 9.38e-04
Ensemble 2/3 | Epoch 3/3 | Step 55/100 | Global 255 | Loss 0.093017 | LR 9.38e-04
Ensemble 2/3 | Epoch 3/3 | Step 56/100 | Global 256 | Loss 0.097448 | LR 9.38e-04
Ensemble 2/3 | Epoch 3/3 | Step 57/100 | Global 257 | Loss 0.097165 | LR 9.38e-04
Ensemble 2/3 | Epoch 3/3 | Step 58/100 | Global 258 | Loss 0.324208 | LR 9.38e-04
Ensemble 2/3 | Epoch 3/3 | Step 59/100 | Global 259 | Loss 0.233671 | LR 9.37e-04
Ensemble 2/3 | Epoch 3/3 | Step 60/100 | Global 260 | Loss 0.089168 | LR 9.37e-04
Ensemble 2/3 | Epoch 3/3 | Step 61/100 | Global 261 | Loss 0.188006 | LR 9.37e-04
Ensemble 2/3 | Epoch 3/3 | Step 62/100 | Global 262 | Loss 0.108248 | LR 9.37e-04
Ensemble 2/3 | Epoch 3/3 | Step 63/100 | Global 263 | Loss 0.163675 | LR 9.36e-04
Ensemble 2/3 | Epoch 3/3 | Step 64/100 | Global 264 | Loss 0.095466 | LR 9.36e-04
Ensemble 2/3 | Epoch 3/3 | Step 65/100 | Global 265 | Loss 0.075216 | LR 9.36e-04
Ensemble 2/3 | Epoch 3/3 | Step 66/100 | Global 266 | Loss 0.131249 | LR 9.36e-04
Ensemble 2/3 | Epoch 3/3 | Step 67/100 | Global 267 | Loss 0.088226 | LR 9.35e-04
Ensemble 2/3 | Epoch 3/3 | Step 68/100 | Global 268 | Loss 0.164930 | LR 9.35e-04
Ensemble 2/3 | Epoch 3/3 | Step 69/100 | Global 269 | Loss 0.114775 | LR 9.35e-04
Ensemble 2/3 | Epoch 3/3 | Step 70/100 | Global 270 | Loss 0.074956 | LR 9.35e-04
Ensemble 2/3 | Epoch 3/3 | Step 71/100 | Global 271 | Loss 0.170696 | LR 9.34e-04
Ensemble 2/3 | Epoch 3/3 | Step 72/100 | Global 272 | Loss 0.107231 | LR 9.34e-04
Ensemble 2/3 | Epoch 3/3 | Step 73/100 | Global 273 | Loss 0.071272 | LR 9.34e-04
Ensemble 2/3 | Epoch 3/3 | Step 74/100 | Global 274 | Loss 0.139185 | LR 9.34e-04
Ensemble 2/3 | Epoch 3/3 | Step 75/100 | Global 275 | Loss 0.098497 | LR 9.34e-04
Ensemble 2/3 | Epoch 3/3 | Step 76/100 | Global 276 | Loss 0.161762 | LR 9.33e-04
Ensemble 2/3 | Epoch 3/3 | Step 77/100 | Global 277 | Loss 0.110839 | LR 9.33e-04
Ensemble 2/3 | Epoch 3/3 | Step 78/100 | Global 278 | Loss 0.103458 | LR 9.33e-04
Ensemble 2/3 | Epoch 3/3 | Step 79/100 | Global 279 | Loss 0.121336 | LR 9.33e-04
Ensemble 2/3 | Epoch 3/3 | Step 80/100 | Global 280 | Loss 0.126140 | LR 9.32e-04
Ensemble 2/3 | Epoch 3/3 | Step 81/100 | Global 281 | Loss 0.094280 | LR 9.32e-04
Ensemble 2/3 | Epoch 3/3 | Step 82/100 | Global 282 | Loss 0.095390 | LR 9.32e-04
Ensemble 2/3 | Epoch 3/3 | Step 83/100 | Global 283 | Loss 0.112278 | LR 9.32e-04
Ensemble 2/3 | Epoch 3/3 | Step 84/100 | Global 284 | Loss 0.163888 | LR 9.31e-04
Ensemble 2/3 | Epoch 3/3 | Step 85/100 | Global 285 | Loss 0.242857 | LR 9.31e-04
Ensemble 2/3 | Epoch 3/3 | Step 86/100 | Global 286 | Loss 0.128644 | LR 9.31e-04
Ensemble 2/3 | Epoch 3/3 | Step 87/100 | Global 287 | Loss 0.128940 | LR 9.31e-04
Ensemble 2/3 | Epoch 3/3 | Step 88/100 | Global 288 | Loss 0.120212 | LR 9.31e-04
Ensemble 2/3 | Epoch 3/3 | Step 89/100 | Global 289 | Loss 0.138234 | LR 9.30e-04
Ensemble 2/3 | Epoch 3/3 | Step 90/100 | Global 290 | Loss 0.076872 | LR 9.30e-04
Ensemble 2/3 | Epoch 3/3 | Step 91/100 | Global 291 | Loss 0.102460 | LR 9.30e-04
Ensemble 2/3 | Epoch 3/3 | Step 92/100 | Global 292 | Loss 0.215577 | LR 9.30e-04
Ensemble 2/3 | Epoch 3/3 | Step 93/100 | Global 293 | Loss 0.159375 | LR 9.29e-04
Ensemble 2/3 | Epoch 3/3 | Step 94/100 | Global 294 | Loss 0.128435 | LR 9.29e-04
Ensemble 2/3 | Epoch 3/3 | Step 95/100 | Global 295 | Loss 0.090507 | LR 9.29e-04
Ensemble 2/3 | Epoch 3/3 | Step 96/100 | Global 296 | Loss 0.302137 | LR 9.29e-04
Ensemble 2/3 | Epoch 3/3 | Step 97/100 | Global 297 | Loss 0.090422 | LR 9.28e-04
Ensemble 2/3 | Epoch 3/3 | Step 98/100 | Global 298 | Loss 0.139097 | LR 9.28e-04
Ensemble 2/3 | Epoch 3/3 | Step 99/100 | Global 299 | Loss 0.112488 | LR 9.28e-04
[2026-05-01 17:54:44,946][train][INFO] - [100.00%] Mini-Batch Losses: Mini-batch loss =  1.064e-01
Ensemble 2/3 | Epoch 3/3 | Step 100/100 | Global 300 | Loss 0.106364 | LR 9.28e-04
[2026-05-01 17:55:56,434][train][INFO] - Epoch 3 Metrics: Learning Rate =  9.277e-04, Mini-batch loss =  1.471e-01
[2026-05-01 17:55:56,438][train][INFO] - Epoch Execution Time:  1.226e+03s, Time/Iter:  1.226e+04ms
[2026-05-01 17:55:56,564][checkpoint][INFO] - Saved model state dictionary: /home/iaziz6/Imo_Training/Training/checkpoints_ensemble_3x3/ensemble_1/UNet.0.3.mdlus
[2026-05-01 17:55:56,659][checkpoint][INFO] - Saved training checkpoint: /home/iaziz6/Imo_Training/Training/checkpoints_ensemble_3x3/ensemble_1/checkpoint.0.3.pt
[2026-05-01 17:55:56,821][checkpoint][WARNING] - Provided checkpoint directory /home/iaziz6/Imo_Training/Training/checkpoints_ensemble_3x3/ensemble_2 does not exist, skipping load
[2026-05-01 17:55:56,821][main][INFO] - Starting ensemble 3/3 with train_num_samples=100, val_num_samples=6, max_epochs=3, log_every_steps=1, val_every_steps=100, save_every=1, checkpoint_dir=/home/iaziz6/Imo_Training/Training/checkpoints_ensemble_3x3/ensemble_2.
Ensemble 3/3 | Epoch 1/3 | Step 1/100 | Global 1 | Loss 0.957846 | LR 1.00e-03
Ensemble 3/3 | Epoch 1/3 | Step 2/100 | Global 2 | Loss 1.181277 | LR 1.00e-03
Ensemble 3/3 | Epoch 1/3 | Step 3/100 | Global 3 | Loss 0.478138 | LR 9.99e-04
Ensemble 3/3 | Epoch 1/3 | Step 4/100 | Global 4 | Loss 0.401441 | LR 9.99e-04
Ensemble 3/3 | Epoch 1/3 | Step 5/100 | Global 5 | Loss 0.363604 | LR 9.99e-04
Ensemble 3/3 | Epoch 1/3 | Step 6/100 | Global 6 | Loss 0.433195 | LR 9.99e-04
Ensemble 3/3 | Epoch 1/3 | Step 7/100 | Global 7 | Loss 0.636998 | LR 9.98e-04
Ensemble 3/3 | Epoch 1/3 | Step 8/100 | Global 8 | Loss 0.564543 | LR 9.98e-04
Ensemble 3/3 | Epoch 1/3 | Step 9/100 | Global 9 | Loss 0.709410 | LR 9.98e-04
Ensemble 3/3 | Epoch 1/3 | Step 10/100 | Global 10 | Loss 0.447381 | LR 9.98e-04
Ensemble 3/3 | Epoch 1/3 | Step 11/100 | Global 11 | Loss 0.543558 | LR 9.97e-04
Ensemble 3/3 | Epoch 1/3 | Step 12/100 | Global 12 | Loss 0.616788 | LR 9.97e-04
Ensemble 3/3 | Epoch 1/3 | Step 13/100 | Global 13 | Loss 0.583362 | LR 9.97e-04
Ensemble 3/3 | Epoch 1/3 | Step 14/100 | Global 14 | Loss 0.402629 | LR 9.97e-04
Ensemble 3/3 | Epoch 1/3 | Step 15/100 | Global 15 | Loss 0.541724 | LR 9.96e-04
Ensemble 3/3 | Epoch 1/3 | Step 16/100 | Global 16 | Loss 0.371031 | LR 9.96e-04
Ensemble 3/3 | Epoch 1/3 | Step 17/100 | Global 17 | Loss 0.446207 | LR 9.96e-04
Ensemble 3/3 | Epoch 1/3 | Step 18/100 | Global 18 | Loss 0.386354 | LR 9.96e-04
Ensemble 3/3 | Epoch 1/3 | Step 19/100 | Global 19 | Loss 0.410094 | LR 9.95e-04
Ensemble 3/3 | Epoch 1/3 | Step 20/100 | Global 20 | Loss 0.326114 | LR 9.95e-04
Ensemble 3/3 | Epoch 1/3 | Step 21/100 | Global 21 | Loss 0.346847 | LR 9.95e-04
Ensemble 3/3 | Epoch 1/3 | Step 22/100 | Global 22 | Loss 0.470783 | LR 9.95e-04
Ensemble 3/3 | Epoch 1/3 | Step 23/100 | Global 23 | Loss 0.464150 | LR 9.94e-04
Ensemble 3/3 | Epoch 1/3 | Step 24/100 | Global 24 | Loss 0.364192 | LR 9.94e-04
Ensemble 3/3 | Epoch 1/3 | Step 25/100 | Global 25 | Loss 0.841344 | LR 9.94e-04
Ensemble 3/3 | Epoch 1/3 | Step 26/100 | Global 26 | Loss 0.437127 | LR 9.94e-04
Ensemble 3/3 | Epoch 1/3 | Step 27/100 | Global 27 | Loss 0.265131 | LR 9.93e-04
Ensemble 3/3 | Epoch 1/3 | Step 28/100 | Global 28 | Loss 0.417828 | LR 9.93e-04
Ensemble 3/3 | Epoch 1/3 | Step 29/100 | Global 29 | Loss 0.240561 | LR 9.93e-04
Ensemble 3/3 | Epoch 1/3 | Step 30/100 | Global 30 | Loss 0.234884 | LR 9.93e-04
Ensemble 3/3 | Epoch 1/3 | Step 31/100 | Global 31 | Loss 0.251142 | LR 9.92e-04
Ensemble 3/3 | Epoch 1/3 | Step 32/100 | Global 32 | Loss 0.252385 | LR 9.92e-04
Ensemble 3/3 | Epoch 1/3 | Step 33/100 | Global 33 | Loss 0.368404 | LR 9.92e-04
Ensemble 3/3 | Epoch 1/3 | Step 34/100 | Global 34 | Loss 0.284832 | LR 9.92e-04
Ensemble 3/3 | Epoch 1/3 | Step 35/100 | Global 35 | Loss 0.257138 | LR 9.91e-04
Ensemble 3/3 | Epoch 1/3 | Step 36/100 | Global 36 | Loss 0.244050 | LR 9.91e-04
Ensemble 3/3 | Epoch 1/3 | Step 37/100 | Global 37 | Loss 0.351078 | LR 9.91e-04
Ensemble 3/3 | Epoch 1/3 | Step 38/100 | Global 38 | Loss 0.235957 | LR 9.91e-04
Ensemble 3/3 | Epoch 1/3 | Step 39/100 | Global 39 | Loss 0.230388 | LR 9.90e-04
Ensemble 3/3 | Epoch 1/3 | Step 40/100 | Global 40 | Loss 0.227609 | LR 9.90e-04
Ensemble 3/3 | Epoch 1/3 | Step 41/100 | Global 41 | Loss 0.362162 | LR 9.90e-04
Ensemble 3/3 | Epoch 1/3 | Step 42/100 | Global 42 | Loss 0.189780 | LR 9.90e-04
Ensemble 3/3 | Epoch 1/3 | Step 43/100 | Global 43 | Loss 0.308597 | LR 9.89e-04
Ensemble 3/3 | Epoch 1/3 | Step 44/100 | Global 44 | Loss 0.170659 | LR 9.89e-04
Ensemble 3/3 | Epoch 1/3 | Step 45/100 | Global 45 | Loss 0.203559 | LR 9.89e-04
Ensemble 3/3 | Epoch 1/3 | Step 46/100 | Global 46 | Loss 0.302069 | LR 9.89e-04
Ensemble 3/3 | Epoch 1/3 | Step 47/100 | Global 47 | Loss 0.308752 | LR 9.88e-04
Ensemble 3/3 | Epoch 1/3 | Step 48/100 | Global 48 | Loss 0.155458 | LR 9.88e-04
Ensemble 3/3 | Epoch 1/3 | Step 49/100 | Global 49 | Loss 0.175482 | LR 9.88e-04
Ensemble 3/3 | Epoch 1/3 | Step 50/100 | Global 50 | Loss 0.315585 | LR 9.88e-04
Ensemble 3/3 | Epoch 1/3 | Step 51/100 | Global 51 | Loss 0.284805 | LR 9.87e-04
Ensemble 3/3 | Epoch 1/3 | Step 52/100 | Global 52 | Loss 0.198528 | LR 9.87e-04
Ensemble 3/3 | Epoch 1/3 | Step 53/100 | Global 53 | Loss 0.232998 | LR 9.87e-04
Ensemble 3/3 | Epoch 1/3 | Step 54/100 | Global 54 | Loss 0.278391 | LR 9.87e-04
Ensemble 3/3 | Epoch 1/3 | Step 55/100 | Global 55 | Loss 0.227669 | LR 9.86e-04
Ensemble 3/3 | Epoch 1/3 | Step 56/100 | Global 56 | Loss 0.284557 | LR 9.86e-04
Ensemble 3/3 | Epoch 1/3 | Step 57/100 | Global 57 | Loss 0.570988 | LR 9.86e-04
Ensemble 3/3 | Epoch 1/3 | Step 58/100 | Global 58 | Loss 0.261880 | LR 9.86e-04
Ensemble 3/3 | Epoch 1/3 | Step 59/100 | Global 59 | Loss 0.233908 | LR 9.85e-04
Ensemble 3/3 | Epoch 1/3 | Step 60/100 | Global 60 | Loss 0.142529 | LR 9.85e-04
Ensemble 3/3 | Epoch 1/3 | Step 61/100 | Global 61 | Loss 0.150245 | LR 9.85e-04
Ensemble 3/3 | Epoch 1/3 | Step 62/100 | Global 62 | Loss 0.295511 | LR 9.85e-04
Ensemble 3/3 | Epoch 1/3 | Step 63/100 | Global 63 | Loss 0.201390 | LR 9.84e-04
Ensemble 3/3 | Epoch 1/3 | Step 64/100 | Global 64 | Loss 0.180454 | LR 9.84e-04
Ensemble 3/3 | Epoch 1/3 | Step 65/100 | Global 65 | Loss 0.174278 | LR 9.84e-04
Ensemble 3/3 | Epoch 1/3 | Step 66/100 | Global 66 | Loss 0.276006 | LR 9.84e-04
Ensemble 3/3 | Epoch 1/3 | Step 67/100 | Global 67 | Loss 0.196637 | LR 9.83e-04
Ensemble 3/3 | Epoch 1/3 | Step 68/100 | Global 68 | Loss 0.141692 | LR 9.83e-04
Ensemble 3/3 | Epoch 1/3 | Step 69/100 | Global 69 | Loss 0.222045 | LR 9.83e-04
Ensemble 3/3 | Epoch 1/3 | Step 70/100 | Global 70 | Loss 0.362819 | LR 9.83e-04
Ensemble 3/3 | Epoch 1/3 | Step 71/100 | Global 71 | Loss 0.326351 | LR 9.82e-04
Ensemble 3/3 | Epoch 1/3 | Step 72/100 | Global 72 | Loss 0.276138 | LR 9.82e-04
Ensemble 3/3 | Epoch 1/3 | Step 73/100 | Global 73 | Loss 0.240931 | LR 9.82e-04
Ensemble 3/3 | Epoch 1/3 | Step 74/100 | Global 74 | Loss 0.211719 | LR 9.82e-04
Ensemble 3/3 | Epoch 1/3 | Step 75/100 | Global 75 | Loss 0.246753 | LR 9.81e-04
Ensemble 3/3 | Epoch 1/3 | Step 76/100 | Global 76 | Loss 0.223849 | LR 9.81e-04
Ensemble 3/3 | Epoch 1/3 | Step 77/100 | Global 77 | Loss 0.201943 | LR 9.81e-04
Ensemble 3/3 | Epoch 1/3 | Step 78/100 | Global 78 | Loss 0.183973 | LR 9.81e-04
Ensemble 3/3 | Epoch 1/3 | Step 79/100 | Global 79 | Loss 0.392236 | LR 9.80e-04
Ensemble 3/3 | Epoch 1/3 | Step 80/100 | Global 80 | Loss 0.224236 | LR 9.80e-04
Ensemble 3/3 | Epoch 1/3 | Step 81/100 | Global 81 | Loss 0.290907 | LR 9.80e-04
Ensemble 3/3 | Epoch 1/3 | Step 82/100 | Global 82 | Loss 0.301462 | LR 9.80e-04
Ensemble 3/3 | Epoch 1/3 | Step 83/100 | Global 83 | Loss 0.270610 | LR 9.79e-04
Ensemble 3/3 | Epoch 1/3 | Step 84/100 | Global 84 | Loss 0.230629 | LR 9.79e-04
Ensemble 3/3 | Epoch 1/3 | Step 85/100 | Global 85 | Loss 0.158641 | LR 9.79e-04
Ensemble 3/3 | Epoch 1/3 | Step 86/100 | Global 86 | Loss 0.247902 | LR 9.79e-04
Ensemble 3/3 | Epoch 1/3 | Step 87/100 | Global 87 | Loss 0.219925 | LR 9.78e-04
Ensemble 3/3 | Epoch 1/3 | Step 88/100 | Global 88 | Loss 0.122292 | LR 9.78e-04
Ensemble 3/3 | Epoch 1/3 | Step 89/100 | Global 89 | Loss 0.258199 | LR 9.78e-04
Ensemble 3/3 | Epoch 1/3 | Step 90/100 | Global 90 | Loss 0.251615 | LR 9.78e-04
Ensemble 3/3 | Epoch 1/3 | Step 91/100 | Global 91 | Loss 0.204010 | LR 9.78e-04
Ensemble 3/3 | Epoch 1/3 | Step 92/100 | Global 92 | Loss 0.189406 | LR 9.77e-04
Ensemble 3/3 | Epoch 1/3 | Step 93/100 | Global 93 | Loss 0.153098 | LR 9.77e-04
Ensemble 3/3 | Epoch 1/3 | Step 94/100 | Global 94 | Loss 0.208746 | LR 9.77e-04
Ensemble 3/3 | Epoch 1/3 | Step 95/100 | Global 95 | Loss 0.141300 | LR 9.77e-04
Ensemble 3/3 | Epoch 1/3 | Step 96/100 | Global 96 | Loss 0.138234 | LR 9.76e-04
Ensemble 3/3 | Epoch 1/3 | Step 97/100 | Global 97 | Loss 0.133734 | LR 9.76e-04
Ensemble 3/3 | Epoch 1/3 | Step 98/100 | Global 98 | Loss 0.199008 | LR 9.76e-04
Ensemble 3/3 | Epoch 1/3 | Step 99/100 | Global 99 | Loss 0.466017 | LR 9.76e-04
[2026-05-01 18:15:18,436][train][INFO] - [100.00%] Mini-Batch Losses: Mini-batch loss =  4.953e-01
Ensemble 3/3 | Epoch 1/3 | Step 100/100 | Global 100 | Loss 0.495335 | LR 9.75e-04
[2026-05-01 18:16:27,657][train][INFO] - Epoch 1 Metrics: Learning Rate =  9.753e-04, Mini-batch loss =  3.221e-01
[2026-05-01 18:16:27,659][train][INFO] - Epoch Execution Time:  1.231e+03s, Time/Iter:  1.231e+04ms
[2026-05-01 18:16:27,795][checkpoint][INFO] - Saved model state dictionary: /home/iaziz6/Imo_Training/Training/checkpoints_ensemble_3x3/ensemble_2/UNet.0.1.mdlus
[2026-05-01 18:16:27,892][checkpoint][INFO] - Saved training checkpoint: /home/iaziz6/Imo_Training/Training/checkpoints_ensemble_3x3/ensemble_2/checkpoint.0.1.pt
Ensemble 3/3 | Epoch 2/3 | Step 1/100 | Global 101 | Loss 0.155931 | LR 9.75e-04
Ensemble 3/3 | Epoch 2/3 | Step 2/100 | Global 102 | Loss 0.151228 | LR 9.75e-04
Ensemble 3/3 | Epoch 2/3 | Step 3/100 | Global 103 | Loss 0.152247 | LR 9.75e-04
Ensemble 3/3 | Epoch 2/3 | Step 4/100 | Global 104 | Loss 0.239050 | LR 9.74e-04
Ensemble 3/3 | Epoch 2/3 | Step 5/100 | Global 105 | Loss 0.134314 | LR 9.74e-04
Ensemble 3/3 | Epoch 2/3 | Step 6/100 | Global 106 | Loss 0.163108 | LR 9.74e-04
Ensemble 3/3 | Epoch 2/3 | Step 7/100 | Global 107 | Loss 0.128609 | LR 9.74e-04
Ensemble 3/3 | Epoch 2/3 | Step 8/100 | Global 108 | Loss 0.162961 | LR 9.73e-04
Ensemble 3/3 | Epoch 2/3 | Step 9/100 | Global 109 | Loss 0.337065 | LR 9.73e-04
Ensemble 3/3 | Epoch 2/3 | Step 10/100 | Global 110 | Loss 0.223435 | LR 9.73e-04
Ensemble 3/3 | Epoch 2/3 | Step 11/100 | Global 111 | Loss 0.272303 | LR 9.73e-04
Ensemble 3/3 | Epoch 2/3 | Step 12/100 | Global 112 | Loss 0.143400 | LR 9.72e-04
Ensemble 3/3 | Epoch 2/3 | Step 13/100 | Global 113 | Loss 0.166388 | LR 9.72e-04
Ensemble 3/3 | Epoch 2/3 | Step 14/100 | Global 114 | Loss 0.269705 | LR 9.72e-04
Ensemble 3/3 | Epoch 2/3 | Step 15/100 | Global 115 | Loss 0.198763 | LR 9.72e-04
Ensemble 3/3 | Epoch 2/3 | Step 16/100 | Global 116 | Loss 0.200010 | LR 9.71e-04
Ensemble 3/3 | Epoch 2/3 | Step 17/100 | Global 117 | Loss 0.178186 | LR 9.71e-04
Ensemble 3/3 | Epoch 2/3 | Step 18/100 | Global 118 | Loss 0.212027 | LR 9.71e-04
Ensemble 3/3 | Epoch 2/3 | Step 19/100 | Global 119 | Loss 0.202175 | LR 9.71e-04
Ensemble 3/3 | Epoch 2/3 | Step 20/100 | Global 120 | Loss 0.216842 | LR 9.70e-04
Ensemble 3/3 | Epoch 2/3 | Step 21/100 | Global 121 | Loss 0.181026 | LR 9.70e-04
Ensemble 3/3 | Epoch 2/3 | Step 22/100 | Global 122 | Loss 0.177933 | LR 9.70e-04
Ensemble 3/3 | Epoch 2/3 | Step 23/100 | Global 123 | Loss 0.121558 | LR 9.70e-04
Ensemble 3/3 | Epoch 2/3 | Step 24/100 | Global 124 | Loss 0.126559 | LR 9.69e-04
Ensemble 3/3 | Epoch 2/3 | Step 25/100 | Global 125 | Loss 0.177755 | LR 9.69e-04
Ensemble 3/3 | Epoch 2/3 | Step 26/100 | Global 126 | Loss 0.156534 | LR 9.69e-04
Ensemble 3/3 | Epoch 2/3 | Step 27/100 | Global 127 | Loss 0.136115 | LR 9.69e-04
Ensemble 3/3 | Epoch 2/3 | Step 28/100 | Global 128 | Loss 0.283724 | LR 9.69e-04
Ensemble 3/3 | Epoch 2/3 | Step 29/100 | Global 129 | Loss 0.160185 | LR 9.68e-04
Ensemble 3/3 | Epoch 2/3 | Step 30/100 | Global 130 | Loss 0.122038 | LR 9.68e-04
Ensemble 3/3 | Epoch 2/3 | Step 31/100 | Global 131 | Loss 0.144229 | LR 9.68e-04
Ensemble 3/3 | Epoch 2/3 | Step 32/100 | Global 132 | Loss 0.166852 | LR 9.68e-04
Ensemble 3/3 | Epoch 2/3 | Step 33/100 | Global 133 | Loss 0.118713 | LR 9.67e-04
Ensemble 3/3 | Epoch 2/3 | Step 34/100 | Global 134 | Loss 0.146550 | LR 9.67e-04
Ensemble 3/3 | Epoch 2/3 | Step 35/100 | Global 135 | Loss 0.139438 | LR 9.67e-04
Ensemble 3/3 | Epoch 2/3 | Step 36/100 | Global 136 | Loss 0.444295 | LR 9.67e-04
Ensemble 3/3 | Epoch 2/3 | Step 37/100 | Global 137 | Loss 0.121844 | LR 9.66e-04
Ensemble 3/3 | Epoch 2/3 | Step 38/100 | Global 138 | Loss 0.192266 | LR 9.66e-04
Ensemble 3/3 | Epoch 2/3 | Step 39/100 | Global 139 | Loss 0.103369 | LR 9.66e-04
Ensemble 3/3 | Epoch 2/3 | Step 40/100 | Global 140 | Loss 0.191211 | LR 9.66e-04
Ensemble 3/3 | Epoch 2/3 | Step 41/100 | Global 141 | Loss 0.166954 | LR 9.65e-04
Ensemble 3/3 | Epoch 2/3 | Step 42/100 | Global 142 | Loss 0.242133 | LR 9.65e-04
Ensemble 3/3 | Epoch 2/3 | Step 43/100 | Global 143 | Loss 0.170153 | LR 9.65e-04
Ensemble 3/3 | Epoch 2/3 | Step 44/100 | Global 144 | Loss 0.204590 | LR 9.65e-04
Ensemble 3/3 | Epoch 2/3 | Step 45/100 | Global 145 | Loss 0.184824 | LR 9.64e-04
Ensemble 3/3 | Epoch 2/3 | Step 46/100 | Global 146 | Loss 0.205141 | LR 9.64e-04
Ensemble 3/3 | Epoch 2/3 | Step 47/100 | Global 147 | Loss 0.109745 | LR 9.64e-04
Ensemble 3/3 | Epoch 2/3 | Step 48/100 | Global 148 | Loss 0.233314 | LR 9.64e-04
Ensemble 3/3 | Epoch 2/3 | Step 49/100 | Global 149 | Loss 0.160572 | LR 9.63e-04
Ensemble 3/3 | Epoch 2/3 | Step 50/100 | Global 150 | Loss 0.378789 | LR 9.63e-04
Ensemble 3/3 | Epoch 2/3 | Step 51/100 | Global 151 | Loss 0.283756 | LR 9.63e-04
Ensemble 3/3 | Epoch 2/3 | Step 52/100 | Global 152 | Loss 0.113956 | LR 9.63e-04
Ensemble 3/3 | Epoch 2/3 | Step 53/100 | Global 153 | Loss 0.166394 | LR 9.62e-04
Ensemble 3/3 | Epoch 2/3 | Step 54/100 | Global 154 | Loss 0.144027 | LR 9.62e-04
Ensemble 3/3 | Epoch 2/3 | Step 55/100 | Global 155 | Loss 0.138382 | LR 9.62e-04
Ensemble 3/3 | Epoch 2/3 | Step 56/100 | Global 156 | Loss 0.169948 | LR 9.62e-04
Ensemble 3/3 | Epoch 2/3 | Step 57/100 | Global 157 | Loss 0.164590 | LR 9.62e-04
Ensemble 3/3 | Epoch 2/3 | Step 58/100 | Global 158 | Loss 0.187817 | LR 9.61e-04
Ensemble 3/3 | Epoch 2/3 | Step 59/100 | Global 159 | Loss 0.220645 | LR 9.61e-04
Ensemble 3/3 | Epoch 2/3 | Step 60/100 | Global 160 | Loss 0.106910 | LR 9.61e-04
Ensemble 3/3 | Epoch 2/3 | Step 61/100 | Global 161 | Loss 0.165177 | LR 9.61e-04
Ensemble 3/3 | Epoch 2/3 | Step 62/100 | Global 162 | Loss 0.126589 | LR 9.60e-04
Ensemble 3/3 | Epoch 2/3 | Step 63/100 | Global 163 | Loss 0.190987 | LR 9.60e-04
Ensemble 3/3 | Epoch 2/3 | Step 64/100 | Global 164 | Loss 0.100691 | LR 9.60e-04
Ensemble 3/3 | Epoch 2/3 | Step 65/100 | Global 165 | Loss 0.147797 | LR 9.60e-04
Ensemble 3/3 | Epoch 2/3 | Step 66/100 | Global 166 | Loss 0.108462 | LR 9.59e-04
Ensemble 3/3 | Epoch 2/3 | Step 67/100 | Global 167 | Loss 0.310589 | LR 9.59e-04
Ensemble 3/3 | Epoch 2/3 | Step 68/100 | Global 168 | Loss 0.235764 | LR 9.59e-04
Ensemble 3/3 | Epoch 2/3 | Step 69/100 | Global 169 | Loss 0.093994 | LR 9.59e-04
Ensemble 3/3 | Epoch 2/3 | Step 70/100 | Global 170 | Loss 0.070163 | LR 9.58e-04
Ensemble 3/3 | Epoch 2/3 | Step 71/100 | Global 171 | Loss 0.103925 | LR 9.58e-04
Ensemble 3/3 | Epoch 2/3 | Step 72/100 | Global 172 | Loss 0.106613 | LR 9.58e-04
Ensemble 3/3 | Epoch 2/3 | Step 73/100 | Global 173 | Loss 0.235785 | LR 9.58e-04
Ensemble 3/3 | Epoch 2/3 | Step 74/100 | Global 174 | Loss 0.329604 | LR 9.57e-04
Ensemble 3/3 | Epoch 2/3 | Step 75/100 | Global 175 | Loss 0.072119 | LR 9.57e-04
Ensemble 3/3 | Epoch 2/3 | Step 76/100 | Global 176 | Loss 0.102877 | LR 9.57e-04
Ensemble 3/3 | Epoch 2/3 | Step 77/100 | Global 177 | Loss 0.112392 | LR 9.57e-04
Ensemble 3/3 | Epoch 2/3 | Step 78/100 | Global 178 | Loss 0.114613 | LR 9.56e-04
Ensemble 3/3 | Epoch 2/3 | Step 79/100 | Global 179 | Loss 0.166215 | LR 9.56e-04
Ensemble 3/3 | Epoch 2/3 | Step 80/100 | Global 180 | Loss 0.154778 | LR 9.56e-04
Ensemble 3/3 | Epoch 2/3 | Step 81/100 | Global 181 | Loss 0.141019 | LR 9.56e-04
Ensemble 3/3 | Epoch 2/3 | Step 82/100 | Global 182 | Loss 0.168437 | LR 9.56e-04
Ensemble 3/3 | Epoch 2/3 | Step 83/100 | Global 183 | Loss 0.133304 | LR 9.55e-04
Ensemble 3/3 | Epoch 2/3 | Step 84/100 | Global 184 | Loss 0.088738 | LR 9.55e-04
Ensemble 3/3 | Epoch 2/3 | Step 85/100 | Global 185 | Loss 0.138397 | LR 9.55e-04
Ensemble 3/3 | Epoch 2/3 | Step 86/100 | Global 186 | Loss 0.129905 | LR 9.55e-04
Ensemble 3/3 | Epoch 2/3 | Step 87/100 | Global 187 | Loss 0.107323 | LR 9.54e-04
Ensemble 3/3 | Epoch 2/3 | Step 88/100 | Global 188 | Loss 0.090328 | LR 9.54e-04
Ensemble 3/3 | Epoch 2/3 | Step 89/100 | Global 189 | Loss 0.156011 | LR 9.54e-04
Ensemble 3/3 | Epoch 2/3 | Step 90/100 | Global 190 | Loss 0.083998 | LR 9.54e-04
Ensemble 3/3 | Epoch 2/3 | Step 91/100 | Global 191 | Loss 0.090900 | LR 9.53e-04
Ensemble 3/3 | Epoch 2/3 | Step 92/100 | Global 192 | Loss 0.084906 | LR 9.53e-04
Ensemble 3/3 | Epoch 2/3 | Step 93/100 | Global 193 | Loss 0.139158 | LR 9.53e-04
Ensemble 3/3 | Epoch 2/3 | Step 94/100 | Global 194 | Loss 0.160409 | LR 9.53e-04
Ensemble 3/3 | Epoch 2/3 | Step 95/100 | Global 195 | Loss 0.203829 | LR 9.52e-04
Ensemble 3/3 | Epoch 2/3 | Step 96/100 | Global 196 | Loss 0.133553 | LR 9.52e-04
Ensemble 3/3 | Epoch 2/3 | Step 97/100 | Global 197 | Loss 0.073395 | LR 9.52e-04
Ensemble 3/3 | Epoch 2/3 | Step 98/100 | Global 198 | Loss 0.112726 | LR 9.52e-04
Ensemble 3/3 | Epoch 2/3 | Step 99/100 | Global 199 | Loss 0.142317 | LR 9.51e-04
[2026-05-01 18:35:51,593][train][INFO] - [100.00%] Mini-Batch Losses: Mini-batch loss =  1.286e-01
Ensemble 3/3 | Epoch 2/3 | Step 100/100 | Global 200 | Loss 0.128594 | LR 9.51e-04
[2026-05-01 18:36:59,721][train][INFO] - Epoch 2 Metrics: Learning Rate =  9.512e-04, Mini-batch loss =  1.663e-01
[2026-05-01 18:36:59,725][train][INFO] - Epoch Execution Time:  1.232e+03s, Time/Iter:  1.232e+04ms
[2026-05-01 18:36:59,852][checkpoint][INFO] - Saved model state dictionary: /home/iaziz6/Imo_Training/Training/checkpoints_ensemble_3x3/ensemble_2/UNet.0.2.mdlus
[2026-05-01 18:36:59,948][checkpoint][INFO] - Saved training checkpoint: /home/iaziz6/Imo_Training/Training/checkpoints_ensemble_3x3/ensemble_2/checkpoint.0.2.pt
Ensemble 3/3 | Epoch 3/3 | Step 1/100 | Global 201 | Loss 0.141783 | LR 9.51e-04
Ensemble 3/3 | Epoch 3/3 | Step 2/100 | Global 202 | Loss 0.094834 | LR 9.51e-04
Ensemble 3/3 | Epoch 3/3 | Step 3/100 | Global 203 | Loss 0.128413 | LR 9.51e-04
Ensemble 3/3 | Epoch 3/3 | Step 4/100 | Global 204 | Loss 0.102874 | LR 9.50e-04
Ensemble 3/3 | Epoch 3/3 | Step 5/100 | Global 205 | Loss 0.132620 | LR 9.50e-04
Ensemble 3/3 | Epoch 3/3 | Step 6/100 | Global 206 | Loss 0.113300 | LR 9.50e-04
Ensemble 3/3 | Epoch 3/3 | Step 7/100 | Global 207 | Loss 0.131762 | LR 9.50e-04
Ensemble 3/3 | Epoch 3/3 | Step 8/100 | Global 208 | Loss 0.118074 | LR 9.49e-04
Ensemble 3/3 | Epoch 3/3 | Step 9/100 | Global 209 | Loss 0.118578 | LR 9.49e-04
Ensemble 3/3 | Epoch 3/3 | Step 10/100 | Global 210 | Loss 0.162699 | LR 9.49e-04
Ensemble 3/3 | Epoch 3/3 | Step 11/100 | Global 211 | Loss 0.272177 | LR 9.49e-04
Ensemble 3/3 | Epoch 3/3 | Step 12/100 | Global 212 | Loss 0.119308 | LR 9.48e-04
Ensemble 3/3 | Epoch 3/3 | Step 13/100 | Global 213 | Loss 0.097237 | LR 9.48e-04
Ensemble 3/3 | Epoch 3/3 | Step 14/100 | Global 214 | Loss 0.099217 | LR 9.48e-04
Ensemble 3/3 | Epoch 3/3 | Step 15/100 | Global 215 | Loss 0.130204 | LR 9.48e-04
Ensemble 3/3 | Epoch 3/3 | Step 16/100 | Global 216 | Loss 0.110607 | LR 9.47e-04
Ensemble 3/3 | Epoch 3/3 | Step 17/100 | Global 217 | Loss 0.180105 | LR 9.47e-04
Ensemble 3/3 | Epoch 3/3 | Step 18/100 | Global 218 | Loss 0.210580 | LR 9.47e-04
Ensemble 3/3 | Epoch 3/3 | Step 19/100 | Global 219 | Loss 0.203855 | LR 9.47e-04
Ensemble 3/3 | Epoch 3/3 | Step 20/100 | Global 220 | Loss 0.238884 | LR 9.46e-04
Ensemble 3/3 | Epoch 3/3 | Step 21/100 | Global 221 | Loss 0.197098 | LR 9.46e-04
Ensemble 3/3 | Epoch 3/3 | Step 22/100 | Global 222 | Loss 0.105666 | LR 9.46e-04
Ensemble 3/3 | Epoch 3/3 | Step 23/100 | Global 223 | Loss 0.120263 | LR 9.46e-04
Ensemble 3/3 | Epoch 3/3 | Step 24/100 | Global 224 | Loss 0.163861 | LR 9.46e-04
Ensemble 3/3 | Epoch 3/3 | Step 25/100 | Global 225 | Loss 0.117365 | LR 9.45e-04
Ensemble 3/3 | Epoch 3/3 | Step 26/100 | Global 226 | Loss 0.109052 | LR 9.45e-04
Ensemble 3/3 | Epoch 3/3 | Step 27/100 | Global 227 | Loss 0.290428 | LR 9.45e-04
Ensemble 3/3 | Epoch 3/3 | Step 28/100 | Global 228 | Loss 0.146716 | LR 9.45e-04
Ensemble 3/3 | Epoch 3/3 | Step 29/100 | Global 229 | Loss 0.152575 | LR 9.44e-04
Ensemble 3/3 | Epoch 3/3 | Step 30/100 | Global 230 | Loss 0.104282 | LR 9.44e-04
Ensemble 3/3 | Epoch 3/3 | Step 31/100 | Global 231 | Loss 0.115291 | LR 9.44e-04
Ensemble 3/3 | Epoch 3/3 | Step 32/100 | Global 232 | Loss 0.094188 | LR 9.44e-04
Ensemble 3/3 | Epoch 3/3 | Step 33/100 | Global 233 | Loss 0.117796 | LR 9.43e-04
Ensemble 3/3 | Epoch 3/3 | Step 34/100 | Global 234 | Loss 0.164720 | LR 9.43e-04
Ensemble 3/3 | Epoch 3/3 | Step 35/100 | Global 235 | Loss 0.326474 | LR 9.43e-04
Ensemble 3/3 | Epoch 3/3 | Step 36/100 | Global 236 | Loss 0.126666 | LR 9.43e-04
Ensemble 3/3 | Epoch 3/3 | Step 37/100 | Global 237 | Loss 0.153477 | LR 9.42e-04
Ensemble 3/3 | Epoch 3/3 | Step 38/100 | Global 238 | Loss 0.147400 | LR 9.42e-04
Ensemble 3/3 | Epoch 3/3 | Step 39/100 | Global 239 | Loss 0.093363 | LR 9.42e-04
Ensemble 3/3 | Epoch 3/3 | Step 40/100 | Global 240 | Loss 0.153258 | LR 9.42e-04
Ensemble 3/3 | Epoch 3/3 | Step 41/100 | Global 241 | Loss 0.119507 | LR 9.42e-04
Ensemble 3/3 | Epoch 3/3 | Step 42/100 | Global 242 | Loss 0.102842 | LR 9.41e-04
Ensemble 3/3 | Epoch 3/3 | Step 43/100 | Global 243 | Loss 0.144785 | LR 9.41e-04
Ensemble 3/3 | Epoch 3/3 | Step 44/100 | Global 244 | Loss 0.141496 | LR 9.41e-04
Ensemble 3/3 | Epoch 3/3 | Step 45/100 | Global 245 | Loss 0.129411 | LR 9.41e-04
Ensemble 3/3 | Epoch 3/3 | Step 46/100 | Global 246 | Loss 0.175778 | LR 9.40e-04
Ensemble 3/3 | Epoch 3/3 | Step 47/100 | Global 247 | Loss 0.151938 | LR 9.40e-04
Ensemble 3/3 | Epoch 3/3 | Step 48/100 | Global 248 | Loss 0.178921 | LR 9.40e-04
Ensemble 3/3 | Epoch 3/3 | Step 49/100 | Global 249 | Loss 0.492923 | LR 9.40e-04
Ensemble 3/3 | Epoch 3/3 | Step 50/100 | Global 250 | Loss 0.105186 | LR 9.39e-04
Ensemble 3/3 | Epoch 3/3 | Step 51/100 | Global 251 | Loss 0.145125 | LR 9.39e-04
Ensemble 3/3 | Epoch 3/3 | Step 52/100 | Global 252 | Loss 0.103090 | LR 9.39e-04
Ensemble 3/3 | Epoch 3/3 | Step 53/100 | Global 253 | Loss 0.230048 | LR 9.39e-04
Ensemble 3/3 | Epoch 3/3 | Step 54/100 | Global 254 | Loss 0.144231 | LR 9.38e-04
Ensemble 3/3 | Epoch 3/3 | Step 55/100 | Global 255 | Loss 0.265302 | LR 9.38e-04
Ensemble 3/3 | Epoch 3/3 | Step 56/100 | Global 256 | Loss 0.364430 | LR 9.38e-04
Ensemble 3/3 | Epoch 3/3 | Step 57/100 | Global 257 | Loss 0.119371 | LR 9.38e-04
Ensemble 3/3 | Epoch 3/3 | Step 58/100 | Global 258 | Loss 0.204958 | LR 9.38e-04
Ensemble 3/3 | Epoch 3/3 | Step 59/100 | Global 259 | Loss 0.168920 | LR 9.37e-04
Ensemble 3/3 | Epoch 3/3 | Step 60/100 | Global 260 | Loss 0.135803 | LR 9.37e-04
Ensemble 3/3 | Epoch 3/3 | Step 61/100 | Global 261 | Loss 0.094483 | LR 9.37e-04
Ensemble 3/3 | Epoch 3/3 | Step 62/100 | Global 262 | Loss 0.126065 | LR 9.37e-04
Ensemble 3/3 | Epoch 3/3 | Step 63/100 | Global 263 | Loss 0.229674 | LR 9.36e-04
Ensemble 3/3 | Epoch 3/3 | Step 64/100 | Global 264 | Loss 0.234787 | LR 9.36e-04
Ensemble 3/3 | Epoch 3/3 | Step 65/100 | Global 265 | Loss 0.207295 | LR 9.36e-04
Ensemble 3/3 | Epoch 3/3 | Step 66/100 | Global 266 | Loss 0.145394 | LR 9.36e-04
Ensemble 3/3 | Epoch 3/3 | Step 67/100 | Global 267 | Loss 0.220040 | LR 9.35e-04
Ensemble 3/3 | Epoch 3/3 | Step 68/100 | Global 268 | Loss 0.159533 | LR 9.35e-04
Ensemble 3/3 | Epoch 3/3 | Step 69/100 | Global 269 | Loss 0.189125 | LR 9.35e-04
Ensemble 3/3 | Epoch 3/3 | Step 70/100 | Global 270 | Loss 0.133499 | LR 9.35e-04
Ensemble 3/3 | Epoch 3/3 | Step 71/100 | Global 271 | Loss 0.089850 | LR 9.34e-04
Ensemble 3/3 | Epoch 3/3 | Step 72/100 | Global 272 | Loss 0.147056 | LR 9.34e-04
Ensemble 3/3 | Epoch 3/3 | Step 73/100 | Global 273 | Loss 0.156905 | LR 9.34e-04
Ensemble 3/3 | Epoch 3/3 | Step 74/100 | Global 274 | Loss 0.155276 | LR 9.34e-04
Ensemble 3/3 | Epoch 3/3 | Step 75/100 | Global 275 | Loss 0.160191 | LR 9.34e-04
Ensemble 3/3 | Epoch 3/3 | Step 76/100 | Global 276 | Loss 0.134112 | LR 9.33e-04
Ensemble 3/3 | Epoch 3/3 | Step 77/100 | Global 277 | Loss 0.105237 | LR 9.33e-04
Ensemble 3/3 | Epoch 3/3 | Step 78/100 | Global 278 | Loss 0.164352 | LR 9.33e-04
Ensemble 3/3 | Epoch 3/3 | Step 79/100 | Global 279 | Loss 0.199482 | LR 9.33e-04
Ensemble 3/3 | Epoch 3/3 | Step 80/100 | Global 280 | Loss 0.111280 | LR 9.32e-04
Ensemble 3/3 | Epoch 3/3 | Step 81/100 | Global 281 | Loss 0.404895 | LR 9.32e-04
Ensemble 3/3 | Epoch 3/3 | Step 82/100 | Global 282 | Loss 0.176522 | LR 9.32e-04
Ensemble 3/3 | Epoch 3/3 | Step 83/100 | Global 283 | Loss 0.115740 | LR 9.32e-04
Ensemble 3/3 | Epoch 3/3 | Step 84/100 | Global 284 | Loss 0.187558 | LR 9.31e-04
Ensemble 3/3 | Epoch 3/3 | Step 85/100 | Global 285 | Loss 0.214067 | LR 9.31e-04
Ensemble 3/3 | Epoch 3/3 | Step 86/100 | Global 286 | Loss 0.317849 | LR 9.31e-04
Ensemble 3/3 | Epoch 3/3 | Step 87/100 | Global 287 | Loss 0.149493 | LR 9.31e-04
Ensemble 3/3 | Epoch 3/3 | Step 88/100 | Global 288 | Loss 0.121846 | LR 9.31e-04
Ensemble 3/3 | Epoch 3/3 | Step 89/100 | Global 289 | Loss 0.111933 | LR 9.30e-04
Ensemble 3/3 | Epoch 3/3 | Step 90/100 | Global 290 | Loss 0.188063 | LR 9.30e-04
Ensemble 3/3 | Epoch 3/3 | Step 91/100 | Global 291 | Loss 0.143036 | LR 9.30e-04
Ensemble 3/3 | Epoch 3/3 | Step 92/100 | Global 292 | Loss 0.181021 | LR 9.30e-04
Ensemble 3/3 | Epoch 3/3 | Step 93/100 | Global 293 | Loss 0.290381 | LR 9.29e-04
Ensemble 3/3 | Epoch 3/3 | Step 94/100 | Global 294 | Loss 0.103224 | LR 9.29e-04
Ensemble 3/3 | Epoch 3/3 | Step 95/100 | Global 295 | Loss 0.202689 | LR 9.29e-04
Ensemble 3/3 | Epoch 3/3 | Step 96/100 | Global 296 | Loss 0.128900 | LR 9.29e-04
Ensemble 3/3 | Epoch 3/3 | Step 97/100 | Global 297 | Loss 0.124277 | LR 9.28e-04
Ensemble 3/3 | Epoch 3/3 | Step 98/100 | Global 298 | Loss 0.144380 | LR 9.28e-04
Ensemble 3/3 | Epoch 3/3 | Step 99/100 | Global 299 | Loss 0.104120 | LR 9.28e-04
[2026-05-01 18:56:04,861][train][INFO] - [100.00%] Mini-Batch Losses: Mini-batch loss =  1.666e-01
Ensemble 3/3 | Epoch 3/3 | Step 100/100 | Global 300 | Loss 0.166636 | LR 9.28e-04
[2026-05-01 18:57:13,321][train][INFO] - Epoch 3 Metrics: Learning Rate =  9.277e-04, Mini-batch loss =  1.627e-01
[2026-05-01 18:57:13,325][train][INFO] - Epoch Execution Time:  1.213e+03s, Time/Iter:  1.213e+04ms
[2026-05-01 18:57:13,451][checkpoint][INFO] - Saved model state dictionary: /home/iaziz6/Imo_Training/Training/checkpoints_ensemble_3x3/ensemble_2/UNet.0.3.mdlus
[2026-05-01 18:57:13,544][checkpoint][INFO] - Saved training checkpoint: /home/iaziz6/Imo_Training/Training/checkpoints_ensemble_3x3/ensemble_2/checkpoint.0.3.pt
