Warp DeprecationWarning: The symbol `warp.context.Device` will soon be removed from the public API. Use `warp.Device` instead.
/home/iaziz6/Imo_Training/Training/physicsnemo_env/lib/python3.10/site-packages/physicsnemo/distributed/manager.py:415: UserWarning: Could not initialize using ENV, SLURM or OPENMPI methods. Assuming this is a single process job
  warn(
[2026-04-30 13:16:36,232][checkpoint][INFO] - Loaded model state dictionary /home/iaziz6/Imo_Training/Training/outputs/checkpoints/UNet.0.8.mdlus to device cuda:0
[2026-04-30 13:16:36,356][checkpoint][INFO] - Loaded checkpoint file /home/iaziz6/Imo_Training/Training/outputs/checkpoints/checkpoint.0.8.pt to device cuda:0
[2026-04-30 13:16:36,357][checkpoint][INFO] - Loaded optimizer state dictionary
[2026-04-30 13:16:36,357][checkpoint][INFO] - Loaded scheduler state dictionary
[2026-04-30 13:16:36,357][main][INFO] - Using physics-informed training with train_num_samples=100, val_num_samples=6, max_epochs=15, log_every_steps=10, val_every_steps=100.
Epoch 9/15 | Step 1/100 | Global 1 | Total 0.182620 | Data 0.176502 | NS 3.882889 | T 2.235455 | LR 8.19e-04
Epoch 9/15 | Step 2/100 | Global 2 | Total 0.180157 | Data 0.174143 | NS 3.997145 | T 2.016706 | LR 8.18e-04
Epoch 9/15 | Step 3/100 | Global 3 | Total 0.400119 | Data 0.394110 | NS 3.948353 | T 2.061043 | LR 8.18e-04
Epoch 9/15 | Step 4/100 | Global 4 | Total 0.130738 | Data 0.124935 | NS 3.406199 | T 2.397317 | LR 8.18e-04
Epoch 9/15 | Step 5/100 | Global 5 | Total 0.177146 | Data 0.171773 | NS 2.794591 | T 2.578557 | LR 8.18e-04
Epoch 9/15 | Step 6/100 | Global 6 | Total 0.245465 | Data 0.239453 | NS 3.599925 | T 2.411836 | LR 8.17e-04
Epoch 9/15 | Step 7/100 | Global 7 | Total 0.135782 | Data 0.130691 | NS 2.867903 | T 2.223041 | LR 8.17e-04
Epoch 9/15 | Step 8/100 | Global 8 | Total 0.127653 | Data 0.122879 | NS 2.795276 | T 1.979058 | LR 8.17e-04
Epoch 9/15 | Step 9/100 | Global 9 | Total 0.123895 | Data 0.119829 | NS 2.383546 | T 1.683075 | LR 8.17e-04
Epoch 9/15 | Step 10/100 | Global 10 | Total 0.139436 | Data 0.134727 | NS 2.688239 | T 2.020423 | LR 8.17e-04
Epoch 9/15 | Step 11/100 | Global 11 | Total 0.355195 | Data 0.349336 | NS 3.241563 | T 2.617081 | LR 8.16e-04
Epoch 9/15 | Step 12/100 | Global 12 | Total 0.234307 | Data 0.226811 | NS 3.696985 | T 3.798748 | LR 8.16e-04
Epoch 9/15 | Step 13/100 | Global 13 | Total 0.341274 | Data 0.332175 | NS 4.186909 | T 4.912407 | LR 8.16e-04
Epoch 9/15 | Step 14/100 | Global 14 | Total 0.169696 | Data 0.158680 | NS 4.406784 | T 6.608496 | LR 8.16e-04
Epoch 9/15 | Step 15/100 | Global 15 | Total 0.219880 | Data 0.211206 | NS 3.344861 | T 5.329484 | LR 8.16e-04
Epoch 9/15 | Step 16/100 | Global 16 | Total 0.278882 | Data 0.270044 | NS 3.666404 | T 5.172174 | LR 8.15e-04
Epoch 9/15 | Step 17/100 | Global 17 | Total 0.146577 | Data 0.138820 | NS 4.073222 | T 3.683350 | LR 8.15e-04
Epoch 9/15 | Step 18/100 | Global 18 | Total 0.168284 | Data 0.162024 | NS 3.808033 | T 2.452584 | LR 8.15e-04
Epoch 9/15 | Step 19/100 | Global 19 | Total 0.159801 | Data 0.153358 | NS 4.313120 | T 2.130300 | LR 8.15e-04
Epoch 9/15 | Step 20/100 | Global 20 | Total 0.130108 | Data 0.122948 | NS 4.735016 | T 2.424877 | LR 8.15e-04
Epoch 9/15 | Step 21/100 | Global 21 | Total 0.124141 | Data 0.112488 | NS 6.447517 | T 5.205527 | LR 8.14e-04
Epoch 9/15 | Step 22/100 | Global 22 | Total 0.194239 | Data 0.185354 | NS 4.714833 | T 4.169981 | LR 8.14e-04
Epoch 9/15 | Step 23/100 | Global 23 | Total 0.135648 | Data 0.127835 | NS 4.146385 | T 3.666154 | LR 8.14e-04
Epoch 9/15 | Step 24/100 | Global 24 | Total 0.185881 | Data 0.177964 | NS 4.394891 | T 3.522641 | LR 8.14e-04
[2026-04-30 13:22:09,796][train][INFO] - [100.00%] Mini-Batch Losses: Mini-batch T phy loss =  3.239e+00
Epoch 9/15 | Step 25/100 | Global 25 | Total 0.247211 | Data 0.240100 | NS 3.871455 | T 3.239458 | LR 8.14e-04
Epoch 9/15 | Step 26/100 | Global 26 | Total 0.181795 | Data 0.174097 | NS 5.044256 | T 2.653652 | LR 8.13e-04
Epoch 9/15 | Step 27/100 | Global 27 | Total 0.174943 | Data 0.168373 | NS 3.787833 | T 2.782381 | LR 8.13e-04
Epoch 9/15 | Step 28/100 | Global 28 | Total 0.139656 | Data 0.134268 | NS 3.063214 | T 2.324127 | LR 8.13e-04
Epoch 9/15 | Step 29/100 | Global 29 | Total 0.160156 | Data 0.154812 | NS 2.961827 | T 2.382375 | LR 8.13e-04
Epoch 9/15 | Step 30/100 | Global 30 | Total 0.284483 | Data 0.278631 | NS 3.195132 | T 2.656575 | LR 8.13e-04
Epoch 9/15 | Step 31/100 | Global 31 | Total 0.182768 | Data 0.177655 | NS 2.401260 | T 2.711691 | LR 8.12e-04
Epoch 9/15 | Step 32/100 | Global 32 | Total 0.147076 | Data 0.142008 | NS 2.345450 | T 2.721940 | LR 8.12e-04
Epoch 9/15 | Step 33/100 | Global 33 | Total 0.138452 | Data 0.133719 | NS 2.104721 | T 2.627733 | LR 8.12e-04
Epoch 9/15 | Step 34/100 | Global 34 | Total 0.094571 | Data 0.089088 | NS 2.565426 | T 2.918021 | LR 8.12e-04
Epoch 9/15 | Step 35/100 | Global 35 | Total 0.125568 | Data 0.120534 | NS 2.672285 | T 2.361750 | LR 8.12e-04
Epoch 9/15 | Step 36/100 | Global 36 | Total 0.193806 | Data 0.188233 | NS 2.797289 | T 2.776266 | LR 8.11e-04
Epoch 9/15 | Step 37/100 | Global 37 | Total 0.182101 | Data 0.176558 | NS 2.618101 | T 2.924697 | LR 8.11e-04
Epoch 9/15 | Step 38/100 | Global 38 | Total 0.247775 | Data 0.242474 | NS 2.811919 | T 2.489105 | LR 8.11e-04
Epoch 9/15 | Step 39/100 | Global 39 | Total 0.139431 | Data 0.133542 | NS 2.720252 | T 3.168441 | LR 8.11e-04
Epoch 9/15 | Step 40/100 | Global 40 | Total 0.300584 | Data 0.294473 | NS 3.119517 | T 2.992297 | LR 8.11e-04
Epoch 9/15 | Step 41/100 | Global 41 | Total 0.102612 | Data 0.096241 | NS 3.085948 | T 3.285617 | LR 8.10e-04
Epoch 9/15 | Step 42/100 | Global 42 | Total 0.231710 | Data 0.224443 | NS 3.103651 | T 4.164150 | LR 8.10e-04
Epoch 9/15 | Step 43/100 | Global 43 | Total 0.127669 | Data 0.121427 | NS 2.883832 | T 3.358064 | LR 8.10e-04
Epoch 9/15 | Step 44/100 | Global 44 | Total 0.193469 | Data 0.187208 | NS 2.834591 | T 3.427037 | LR 8.10e-04
Epoch 9/15 | Step 45/100 | Global 45 | Total 0.125387 | Data 0.117415 | NS 3.323830 | T 4.648451 | LR 8.10e-04
Epoch 9/15 | Step 46/100 | Global 46 | Total 0.145228 | Data 0.137907 | NS 3.267446 | T 4.053677 | LR 8.09e-04
Epoch 9/15 | Step 47/100 | Global 47 | Total 0.278958 | Data 0.272150 | NS 3.430799 | T 3.377450 | LR 8.09e-04
Epoch 9/15 | Step 48/100 | Global 48 | Total 0.136377 | Data 0.130310 | NS 3.745811 | T 2.321446 | LR 8.09e-04
Epoch 9/15 | Step 49/100 | Global 49 | Total 0.131572 | Data 0.125045 | NS 4.057281 | T 2.469296 | LR 8.09e-04
[2026-04-30 13:27:11,278][train][INFO] - [200.00%] Mini-Batch Losses: Mini-batch T phy loss =  3.770e+00
Epoch 9/15 | Step 50/100 | Global 50 | Total 0.155393 | Data 0.147287 | NS 4.336402 | T 3.770419 | LR 8.09e-04
Epoch 9/15 | Step 51/100 | Global 51 | Total 0.544873 | Data 0.536302 | NS 4.431778 | T 4.139350 | LR 8.08e-04
Epoch 9/15 | Step 52/100 | Global 52 | Total 0.102528 | Data 0.093227 | NS 4.500183 | T 4.800638 | LR 8.08e-04
Epoch 9/15 | Step 53/100 | Global 53 | Total 0.184042 | Data 0.175345 | NS 3.174460 | T 5.523425 | LR 8.08e-04
Epoch 9/15 | Step 54/100 | Global 54 | Total 0.268459 | Data 0.260799 | NS 3.146116 | T 4.513627 | LR 8.08e-04
Epoch 9/15 | Step 55/100 | Global 55 | Total 0.157846 | Data 0.152024 | NS 2.735577 | T 3.086868 | LR 8.08e-04
Epoch 9/15 | Step 56/100 | Global 56 | Total 0.182042 | Data 0.176012 | NS 2.918367 | T 3.111663 | LR 8.07e-04
Epoch 9/15 | Step 57/100 | Global 57 | Total 0.130567 | Data 0.123809 | NS 2.653081 | T 4.105075 | LR 8.07e-04
Epoch 9/15 | Step 58/100 | Global 58 | Total 0.107717 | Data 0.100589 | NS 2.546933 | T 4.581121 | LR 8.07e-04
Epoch 9/15 | Step 59/100 | Global 59 | Total 0.285356 | Data 0.277736 | NS 2.613704 | T 5.006238 | LR 8.07e-04
Epoch 9/15 | Step 60/100 | Global 60 | Total 0.104573 | Data 0.098059 | NS 2.397168 | T 4.116580 | LR 8.07e-04
Epoch 9/15 | Step 61/100 | Global 61 | Total 0.196715 | Data 0.190904 | NS 2.394507 | T 3.416349 | LR 8.06e-04
Epoch 9/15 | Step 62/100 | Global 62 | Total 0.133723 | Data 0.127247 | NS 3.304242 | T 3.171624 | LR 8.06e-04
Epoch 9/15 | Step 63/100 | Global 63 | Total 0.176405 | Data 0.171016 | NS 2.774275 | T 2.615641 | LR 8.06e-04
Epoch 9/15 | Step 64/100 | Global 64 | Total 0.106673 | Data 0.100841 | NS 2.877504 | T 2.954433 | LR 8.06e-04
Epoch 9/15 | Step 65/100 | Global 65 | Total 0.182518 | Data 0.175372 | NS 3.464533 | T 3.681116 | LR 8.06e-04
Epoch 9/15 | Step 66/100 | Global 66 | Total 0.160793 | Data 0.153638 | NS 3.623588 | T 3.531755 | LR 8.05e-04
Epoch 9/15 | Step 67/100 | Global 67 | Total 0.230351 | Data 0.225063 | NS 2.749126 | T 2.538542 | LR 8.05e-04
Epoch 9/15 | Step 68/100 | Global 68 | Total 0.282669 | Data 0.276209 | NS 3.795825 | T 2.664069 | LR 8.05e-04
Epoch 9/15 | Step 69/100 | Global 69 | Total 0.207155 | Data 0.201395 | NS 3.604447 | T 2.155726 | LR 8.05e-04
Epoch 9/15 | Step 70/100 | Global 70 | Total 0.205379 | Data 0.199358 | NS 4.008947 | T 2.011826 | LR 8.05e-04
Epoch 9/15 | Step 71/100 | Global 71 | Total 0.160227 | Data 0.153561 | NS 3.766185 | T 2.900112 | LR 8.04e-04
Epoch 9/15 | Step 72/100 | Global 72 | Total 0.207258 | Data 0.198560 | NS 3.726883 | T 4.971821 | LR 8.04e-04
Epoch 9/15 | Step 73/100 | Global 73 | Total 0.542413 | Data 0.533544 | NS 3.914008 | T 4.954839 | LR 8.04e-04
Epoch 9/15 | Step 74/100 | Global 74 | Total 0.177442 | Data 0.169597 | NS 3.006220 | T 4.839025 | LR 8.04e-04
[2026-04-30 13:32:09,879][train][INFO] - [300.00%] Mini-Batch Losses: Mini-batch T phy loss =  3.160e+00
Epoch 9/15 | Step 75/100 | Global 75 | Total 0.274883 | Data 0.269386 | NS 2.337599 | T 3.159806 | LR 8.04e-04
Epoch 9/15 | Step 76/100 | Global 76 | Total 0.134623 | Data 0.130286 | NS 2.315288 | T 2.021338 | LR 8.03e-04
Epoch 9/15 | Step 77/100 | Global 77 | Total 0.175292 | Data 0.169707 | NS 2.685570 | T 2.899963 | LR 8.03e-04
Epoch 9/15 | Step 78/100 | Global 78 | Total 0.162313 | Data 0.155876 | NS 2.323239 | T 4.113658 | LR 8.03e-04
Epoch 9/15 | Step 79/100 | Global 79 | Total 0.280424 | Data 0.272709 | NS 2.557579 | T 5.158092 | LR 8.03e-04
Epoch 9/15 | Step 80/100 | Global 80 | Total 0.227868 | Data 0.220043 | NS 2.646026 | T 5.179055 | LR 8.02e-04
Epoch 9/15 | Step 81/100 | Global 81 | Total 0.305997 | Data 0.297735 | NS 3.469179 | T 4.792352 | LR 8.02e-04
Epoch 9/15 | Step 82/100 | Global 82 | Total 0.115866 | Data 0.109555 | NS 2.827475 | T 3.483556 | LR 8.02e-04
Epoch 9/15 | Step 83/100 | Global 83 | Total 0.223997 | Data 0.216736 | NS 2.989213 | T 4.271463 | LR 8.02e-04
Epoch 9/15 | Step 84/100 | Global 84 | Total 0.116377 | Data 0.109858 | NS 2.597737 | T 3.921177 | LR 8.02e-04
Epoch 9/15 | Step 85/100 | Global 85 | Total 0.158878 | Data 0.152335 | NS 3.055309 | T 3.487725 | LR 8.01e-04
Epoch 9/15 | Step 86/100 | Global 86 | Total 0.173112 | Data 0.168284 | NS 2.527354 | T 2.300029 | LR 8.01e-04
Epoch 9/15 | Step 87/100 | Global 87 | Total 0.565604 | Data 0.560117 | NS 3.081467 | T 2.406021 | LR 8.01e-04
Epoch 9/15 | Step 88/100 | Global 88 | Total 0.146732 | Data 0.142840 | NS 1.939413 | T 1.952329 | LR 8.01e-04
Epoch 9/15 | Step 89/100 | Global 89 | Total 0.178809 | Data 0.173021 | NS 2.901944 | T 2.886816 | LR 8.01e-04
Epoch 9/15 | Step 90/100 | Global 90 | Total 0.205963 | Data 0.200373 | NS 2.858693 | T 2.731678 | LR 8.00e-04
Epoch 9/15 | Step 91/100 | Global 91 | Total 0.150573 | Data 0.146102 | NS 2.140172 | T 2.331383 | LR 8.00e-04
Epoch 9/15 | Step 92/100 | Global 92 | Total 0.158480 | Data 0.152635 | NS 2.624855 | T 3.220357 | LR 8.00e-04
Epoch 9/15 | Step 93/100 | Global 93 | Total 0.105477 | Data 0.099985 | NS 2.171221 | T 3.321695 | LR 8.00e-04
Epoch 9/15 | Step 94/100 | Global 94 | Total 0.091534 | Data 0.083506 | NS 2.530960 | T 5.497708 | LR 8.00e-04
Epoch 9/15 | Step 95/100 | Global 95 | Total 0.144415 | Data 0.135006 | NS 3.729103 | T 5.680024 | LR 7.99e-04
Epoch 9/15 | Step 96/100 | Global 96 | Total 0.126905 | Data 0.120579 | NS 2.967610 | T 3.358479 | LR 7.99e-04
Epoch 9/15 | Step 97/100 | Global 97 | Total 0.168759 | Data 0.162104 | NS 3.705536 | T 2.949156 | LR 7.99e-04
Epoch 9/15 | Step 98/100 | Global 98 | Total 0.094439 | Data 0.089109 | NS 2.738813 | T 2.590975 | LR 7.99e-04
Epoch 9/15 | Step 99/100 | Global 99 | Total 0.164772 | Data 0.157616 | NS 3.616628 | T 3.539251 | LR 7.99e-04
[2026-04-30 13:36:48,958][train][INFO] - [400.00%] Mini-Batch Losses: Mini-batch T phy loss =  4.437e+00
Epoch 9/15 | Step 100/100 | Global 100 | Total 0.087678 | Data 0.079388 | NS 3.853690 | T 4.436541 | LR 7.98e-04
[2026-04-30 13:38:01,648][train][INFO] - Epoch 9 Metrics: Learning Rate =  7.985e-04, Mini-batch total loss =  4.758e-02, Mini-batch data loss =  4.593e-02, Mini-batch NS phy loss =  8.125e-01, Mini-batch T phy loss =  8.425e-01
[2026-04-30 13:38:01,661][train][INFO] - Epoch Execution Time:  1.285e+03s, Time/Iter:  3.213e+03ms
Epoch 10/15 | Step 1/100 | Global 101 | Total 0.123549 | Data 0.117387 | NS 2.781564 | T 3.380341 | LR 7.98e-04
Epoch 10/15 | Step 2/100 | Global 102 | Total 0.165727 | Data 0.160646 | NS 2.353368 | T 2.727681 | LR 7.98e-04
Epoch 10/15 | Step 3/100 | Global 103 | Total 0.146423 | Data 0.140922 | NS 2.835325 | T 2.665220 | LR 7.98e-04
Epoch 10/15 | Step 4/100 | Global 104 | Total 0.075370 | Data 0.070978 | NS 2.172148 | T 2.220208 | LR 7.98e-04
Epoch 10/15 | Step 5/100 | Global 105 | Total 0.109551 | Data 0.104047 | NS 2.570204 | T 2.934252 | LR 7.97e-04
Epoch 10/15 | Step 6/100 | Global 106 | Total 0.071114 | Data 0.064792 | NS 3.416802 | T 2.905594 | LR 7.97e-04
Epoch 10/15 | Step 7/100 | Global 107 | Total 0.106971 | Data 0.100840 | NS 2.846493 | T 3.284925 | LR 7.97e-04
Epoch 10/15 | Step 8/100 | Global 108 | Total 0.161395 | Data 0.153488 | NS 4.023356 | T 3.883891 | LR 7.97e-04
Epoch 10/15 | Step 9/100 | Global 109 | Total 0.254725 | Data 0.246716 | NS 4.214358 | T 3.794921 | LR 7.97e-04
Epoch 10/15 | Step 10/100 | Global 110 | Total 0.135270 | Data 0.127046 | NS 4.212971 | T 4.010886 | LR 7.96e-04
Epoch 10/15 | Step 11/100 | Global 111 | Total 0.093474 | Data 0.084823 | NS 4.583930 | T 4.067236 | LR 7.96e-04
Epoch 10/15 | Step 12/100 | Global 112 | Total 0.156328 | Data 0.147050 | NS 4.598664 | T 4.679055 | LR 7.96e-04
Epoch 10/15 | Step 13/100 | Global 113 | Total 0.147332 | Data 0.139771 | NS 3.289400 | T 4.272199 | LR 7.96e-04
Epoch 10/15 | Step 14/100 | Global 114 | Total 0.067523 | Data 0.060417 | NS 3.264116 | T 3.842243 | LR 7.96e-04
Epoch 10/15 | Step 15/100 | Global 115 | Total 0.261429 | Data 0.254946 | NS 3.032588 | T 3.450128 | LR 7.96e-04
Epoch 10/15 | Step 16/100 | Global 116 | Total 0.262037 | Data 0.255503 | NS 3.370633 | T 3.162519 | LR 7.95e-04
Epoch 10/15 | Step 17/100 | Global 117 | Total 0.237396 | Data 0.231821 | NS 3.017183 | T 2.558088 | LR 7.95e-04
Epoch 10/15 | Step 18/100 | Global 118 | Total 0.204772 | Data 0.197790 | NS 4.081347 | T 2.901349 | LR 7.95e-04
Epoch 10/15 | Step 19/100 | Global 119 | Total 0.109682 | Data 0.101328 | NS 5.145527 | T 3.208612 | LR 7.95e-04
Epoch 10/15 | Step 20/100 | Global 120 | Total 0.283271 | Data 0.273822 | NS 5.982200 | T 3.466125 | LR 7.95e-04
Epoch 10/15 | Step 21/100 | Global 121 | Total 0.160257 | Data 0.151702 | NS 5.331677 | T 3.223434 | LR 7.94e-04
Epoch 10/15 | Step 22/100 | Global 122 | Total 0.185798 | Data 0.178310 | NS 4.712134 | T 2.776392 | LR 7.94e-04
Epoch 10/15 | Step 23/100 | Global 123 | Total 0.149431 | Data 0.142498 | NS 4.930957 | T 2.001302 | LR 7.94e-04
Epoch 10/15 | Step 24/100 | Global 124 | Total 0.161033 | Data 0.153559 | NS 4.944910 | T 2.528712 | LR 7.94e-04
[2026-04-30 13:43:19,332][train][INFO] - [100.00%] Mini-Batch Losses: Mini-batch T phy loss =  2.718e+00
Epoch 10/15 | Step 25/100 | Global 125 | Total 0.136202 | Data 0.129192 | NS 4.292834 | T 2.718109 | LR 7.94e-04
Epoch 10/15 | Step 26/100 | Global 126 | Total 0.132030 | Data 0.123755 | NS 4.761767 | T 3.513465 | LR 7.93e-04
Epoch 10/15 | Step 27/100 | Global 127 | Total 0.170270 | Data 0.162255 | NS 4.195663 | T 3.818757 | LR 7.93e-04
Epoch 10/15 | Step 28/100 | Global 128 | Total 0.115780 | Data 0.109510 | NS 3.140460 | T 3.129410 | LR 7.93e-04
Epoch 10/15 | Step 29/100 | Global 129 | Total 0.141660 | Data 0.133138 | NS 3.498494 | T 5.023255 | LR 7.93e-04
Epoch 10/15 | Step 30/100 | Global 130 | Total 0.106046 | Data 0.100029 | NS 2.467765 | T 3.548816 | LR 7.93e-04
Epoch 10/15 | Step 31/100 | Global 131 | Total 0.223535 | Data 0.218018 | NS 2.200450 | T 3.316472 | LR 7.92e-04
Epoch 10/15 | Step 32/100 | Global 132 | Total 0.182198 | Data 0.176172 | NS 2.620674 | T 3.405419 | LR 7.92e-04
Epoch 10/15 | Step 33/100 | Global 133 | Total 0.292573 | Data 0.287452 | NS 2.176287 | T 2.944598 | LR 7.92e-04
Epoch 10/15 | Step 34/100 | Global 134 | Total 0.142116 | Data 0.136076 | NS 2.615551 | T 3.424402 | LR 7.92e-04
Epoch 10/15 | Step 35/100 | Global 135 | Total 0.265045 | Data 0.256862 | NS 3.353551 | T 4.828832 | LR 7.92e-04
Epoch 10/15 | Step 36/100 | Global 136 | Total 0.299029 | Data 0.291723 | NS 2.357522 | T 4.948042 | LR 7.91e-04
Epoch 10/15 | Step 37/100 | Global 137 | Total 0.099691 | Data 0.091831 | NS 2.571206 | T 5.289627 | LR 7.91e-04
Epoch 10/15 | Step 38/100 | Global 138 | Total 0.147912 | Data 0.140431 | NS 3.028610 | T 4.453093 | LR 7.91e-04
Epoch 10/15 | Step 39/100 | Global 139 | Total 0.244877 | Data 0.239306 | NS 2.721653 | T 2.849164 | LR 7.91e-04
Epoch 10/15 | Step 40/100 | Global 140 | Total 0.225265 | Data 0.220636 | NS 2.520036 | T 2.108621 | LR 7.91e-04
Epoch 10/15 | Step 41/100 | Global 141 | Total 0.116371 | Data 0.111369 | NS 2.884872 | T 2.117908 | LR 7.90e-04
Epoch 10/15 | Step 42/100 | Global 142 | Total 0.155835 | Data 0.149937 | NS 3.234075 | T 2.664373 | LR 7.90e-04
Epoch 10/15 | Step 43/100 | Global 143 | Total 0.193167 | Data 0.187617 | NS 3.331467 | T 2.218328 | LR 7.90e-04
Epoch 10/15 | Step 44/100 | Global 144 | Total 0.134696 | Data 0.129365 | NS 3.102086 | T 2.229539 | LR 7.90e-04
Epoch 10/15 | Step 45/100 | Global 145 | Total 0.133317 | Data 0.127120 | NS 3.553014 | T 2.644010 | LR 7.90e-04
Epoch 10/15 | Step 46/100 | Global 146 | Total 0.189448 | Data 0.182981 | NS 3.831615 | T 2.635266 | LR 7.89e-04
Epoch 10/15 | Step 47/100 | Global 147 | Total 0.156774 | Data 0.150370 | NS 3.963676 | T 2.440751 | LR 7.89e-04
Epoch 10/15 | Step 48/100 | Global 148 | Total 0.174108 | Data 0.167466 | NS 3.838830 | T 2.803807 | LR 7.89e-04
Epoch 10/15 | Step 49/100 | Global 149 | Total 0.237990 | Data 0.231003 | NS 4.200498 | T 2.785575 | LR 7.89e-04
[2026-04-30 13:48:18,069][train][INFO] - [200.00%] Mini-Batch Losses: Mini-batch T phy loss =  2.445e+00
Epoch 10/15 | Step 50/100 | Global 150 | Total 0.162482 | Data 0.156394 | NS 3.642390 | T 2.445195 | LR 7.89e-04
Epoch 10/15 | Step 51/100 | Global 151 | Total 0.127139 | Data 0.122207 | NS 2.812433 | T 2.118779 | LR 7.88e-04
Epoch 10/15 | Step 52/100 | Global 152 | Total 0.198207 | Data 0.193705 | NS 2.796978 | T 1.705226 | LR 7.88e-04
Epoch 10/15 | Step 53/100 | Global 153 | Total 0.161990 | Data 0.157224 | NS 2.712790 | T 2.053055 | LR 7.88e-04
Epoch 10/15 | Step 54/100 | Global 154 | Total 0.234393 | Data 0.229404 | NS 2.910764 | T 2.078138 | LR 7.88e-04
Epoch 10/15 | Step 55/100 | Global 155 | Total 0.174324 | Data 0.168516 | NS 2.661501 | T 3.146795 | LR 7.88e-04
Epoch 10/15 | Step 56/100 | Global 156 | Total 0.148661 | Data 0.140804 | NS 2.832793 | T 5.024661 | LR 7.87e-04
Epoch 10/15 | Step 57/100 | Global 157 | Total 0.294772 | Data 0.286444 | NS 2.413941 | T 5.914064 | LR 7.87e-04
Epoch 10/15 | Step 58/100 | Global 158 | Total 0.113361 | Data 0.105515 | NS 2.610050 | T 5.235780 | LR 7.87e-04
Epoch 10/15 | Step 59/100 | Global 159 | Total 0.173681 | Data 0.166722 | NS 2.950869 | T 4.008407 | LR 7.87e-04
Epoch 10/15 | Step 60/100 | Global 160 | Total 0.111853 | Data 0.106588 | NS 2.307531 | T 2.958349 | LR 7.87e-04
Epoch 10/15 | Step 61/100 | Global 161 | Total 0.533059 | Data 0.526539 | NS 2.747998 | T 3.772099 | LR 7.86e-04
Epoch 10/15 | Step 62/100 | Global 162 | Total 0.141947 | Data 0.136777 | NS 2.331794 | T 2.838933 | LR 7.86e-04
Epoch 10/15 | Step 63/100 | Global 163 | Total 0.115778 | Data 0.109445 | NS 3.355363 | T 2.977113 | LR 7.86e-04
Epoch 10/15 | Step 64/100 | Global 164 | Total 0.133856 | Data 0.127942 | NS 2.935502 | T 2.978097 | LR 7.86e-04
Epoch 10/15 | Step 65/100 | Global 165 | Total 0.093006 | Data 0.086032 | NS 3.362198 | T 3.612171 | LR 7.86e-04
Epoch 10/15 | Step 66/100 | Global 166 | Total 0.336024 | Data 0.329149 | NS 3.112737 | T 3.762802 | LR 7.85e-04
Epoch 10/15 | Step 67/100 | Global 167 | Total 0.217102 | Data 0.208546 | NS 3.866200 | T 4.688879 | LR 7.85e-04
Epoch 10/15 | Step 68/100 | Global 168 | Total 0.144791 | Data 0.136817 | NS 3.149745 | T 4.824258 | LR 7.85e-04
Epoch 10/15 | Step 69/100 | Global 169 | Total 0.126285 | Data 0.118701 | NS 2.835542 | T 4.748519 | LR 7.85e-04
Epoch 10/15 | Step 70/100 | Global 170 | Total 0.183981 | Data 0.177627 | NS 2.443084 | T 3.910520 | LR 7.85e-04
Epoch 10/15 | Step 71/100 | Global 171 | Total 0.253733 | Data 0.247823 | NS 2.949034 | T 2.960915 | LR 7.84e-04
Epoch 10/15 | Step 72/100 | Global 172 | Total 0.148120 | Data 0.142955 | NS 3.049418 | T 2.115796 | LR 7.84e-04
Epoch 10/15 | Step 73/100 | Global 173 | Total 0.183790 | Data 0.178029 | NS 2.855921 | T 2.904782 | LR 7.84e-04
Epoch 10/15 | Step 74/100 | Global 174 | Total 0.267700 | Data 0.261177 | NS 3.079568 | T 3.443991 | LR 7.84e-04
[2026-04-30 13:53:16,989][train][INFO] - [300.00%] Mini-Batch Losses: Mini-batch T phy loss =  2.737e+00
Epoch 10/15 | Step 75/100 | Global 175 | Total 0.130268 | Data 0.125054 | NS 2.477373 | T 2.736776 | LR 7.84e-04
Epoch 10/15 | Step 76/100 | Global 176 | Total 0.098141 | Data 0.093126 | NS 2.751412 | T 2.264307 | LR 7.83e-04
Epoch 10/15 | Step 77/100 | Global 177 | Total 0.088118 | Data 0.082976 | NS 2.995703 | T 2.146305 | LR 7.83e-04
Epoch 10/15 | Step 78/100 | Global 178 | Total 0.102492 | Data 0.097295 | NS 3.144126 | T 2.052883 | LR 7.83e-04
Epoch 10/15 | Step 79/100 | Global 179 | Total 0.221733 | Data 0.216672 | NS 2.784012 | T 2.276910 | LR 7.83e-04
Epoch 10/15 | Step 80/100 | Global 180 | Total 0.252157 | Data 0.245257 | NS 3.123189 | T 3.776494 | LR 7.83e-04
Epoch 10/15 | Step 81/100 | Global 181 | Total 0.093203 | Data 0.087225 | NS 3.118731 | T 2.859285 | LR 7.82e-04
Epoch 10/15 | Step 82/100 | Global 182 | Total 0.195531 | Data 0.190387 | NS 3.369670 | T 1.774881 | LR 7.82e-04
Epoch 10/15 | Step 83/100 | Global 183 | Total 0.161587 | Data 0.155987 | NS 3.745417 | T 1.853679 | LR 7.82e-04
Epoch 10/15 | Step 84/100 | Global 184 | Total 0.145993 | Data 0.139343 | NS 4.497442 | T 2.152206 | LR 7.82e-04
Epoch 10/15 | Step 85/100 | Global 185 | Total 0.236084 | Data 0.228807 | NS 4.479116 | T 2.797887 | LR 7.82e-04
Epoch 10/15 | Step 86/100 | Global 186 | Total 0.545496 | Data 0.537675 | NS 4.983740 | T 2.837008 | LR 7.82e-04
Epoch 10/15 | Step 87/100 | Global 187 | Total 0.419005 | Data 0.411960 | NS 4.118916 | T 2.926730 | LR 7.81e-04
Epoch 10/15 | Step 88/100 | Global 188 | Total 0.130665 | Data 0.124947 | NS 2.728403 | T 2.989886 | LR 7.81e-04
Epoch 10/15 | Step 89/100 | Global 189 | Total 0.175532 | Data 0.169955 | NS 2.615278 | T 2.961527 | LR 7.81e-04
Epoch 10/15 | Step 90/100 | Global 190 | Total 0.283405 | Data 0.279012 | NS 2.088682 | T 2.304003 | LR 7.81e-04
Epoch 10/15 | Step 91/100 | Global 191 | Total 0.085797 | Data 0.080384 | NS 3.003338 | T 2.409748 | LR 7.81e-04
Epoch 10/15 | Step 92/100 | Global 192 | Total 0.182527 | Data 0.177138 | NS 2.499885 | T 2.889374 | LR 7.80e-04
Epoch 10/15 | Step 93/100 | Global 193 | Total 0.179020 | Data 0.171744 | NS 2.957917 | T 4.318280 | LR 7.80e-04
Epoch 10/15 | Step 94/100 | Global 194 | Total 0.448358 | Data 0.439471 | NS 3.199490 | T 5.687599 | LR 7.80e-04
Epoch 10/15 | Step 95/100 | Global 195 | Total 0.168490 | Data 0.160800 | NS 2.513700 | T 5.176210 | LR 7.80e-04
Epoch 10/15 | Step 96/100 | Global 196 | Total 0.231586 | Data 0.221831 | NS 3.273494 | T 6.480701 | LR 7.80e-04
Epoch 10/15 | Step 97/100 | Global 197 | Total 0.355333 | Data 0.348019 | NS 2.810942 | T 4.503684 | LR 7.79e-04
Epoch 10/15 | Step 98/100 | Global 198 | Total 0.279461 | Data 0.273878 | NS 2.799810 | T 2.783629 | LR 7.79e-04
Epoch 10/15 | Step 99/100 | Global 199 | Total 0.157878 | Data 0.152587 | NS 2.497253 | T 2.794369 | LR 7.79e-04
[2026-04-30 13:57:56,815][train][INFO] - [400.00%] Mini-Batch Losses: Mini-batch T phy loss =  3.880e+00
Epoch 10/15 | Step 100/100 | Global 200 | Total 0.127313 | Data 0.120577 | NS 2.855814 | T 3.880245 | LR 7.79e-04
[2026-04-30 13:59:08,464][train][INFO] - Epoch 10 Metrics: Learning Rate =  7.788e-04, Mini-batch total loss =  4.630e-02, Mini-batch data loss =  4.467e-02, Mini-batch NS phy loss =  8.158e-01, Mini-batch T phy loss =  8.192e-01
[2026-04-30 13:59:08,468][train][INFO] - Epoch Execution Time:  1.267e+03s, Time/Iter:  3.167e+03ms
[2026-04-30 13:59:08,761][checkpoint][INFO] - Saved model state dictionary: /home/iaziz6/Imo_Training/Training/outputs/checkpoints/UNet.0.10.mdlus
[2026-04-30 13:59:08,864][checkpoint][INFO] - Saved training checkpoint: /home/iaziz6/Imo_Training/Training/outputs/checkpoints/checkpoint.0.10.pt
Epoch 11/15 | Step 1/100 | Global 201 | Total 0.097287 | Data 0.088364 | NS 4.005044 | T 4.918020 | LR 7.79e-04
Epoch 11/15 | Step 2/100 | Global 202 | Total 0.198296 | Data 0.192366 | NS 3.424108 | T 2.506226 | LR 7.78e-04
Epoch 11/15 | Step 3/100 | Global 203 | Total 0.273065 | Data 0.267951 | NS 3.341722 | T 1.772427 | LR 7.78e-04
Epoch 11/15 | Step 4/100 | Global 204 | Total 0.137539 | Data 0.130568 | NS 2.881722 | T 4.089409 | LR 7.78e-04
Epoch 11/15 | Step 5/100 | Global 205 | Total 0.211768 | Data 0.202065 | NS 3.184067 | T 6.519633 | LR 7.78e-04
Epoch 11/15 | Step 6/100 | Global 206 | Total 0.095645 | Data 0.085494 | NS 3.685442 | T 6.465231 | LR 7.78e-04
Epoch 11/15 | Step 7/100 | Global 207 | Total 0.168295 | Data 0.161055 | NS 2.868423 | T 4.371585 | LR 7.77e-04
Epoch 11/15 | Step 8/100 | Global 208 | Total 0.297522 | Data 0.293139 | NS 2.393922 | T 1.988355 | LR 7.77e-04
Epoch 11/15 | Step 9/100 | Global 209 | Total 0.162134 | Data 0.157282 | NS 2.657287 | T 2.194593 | LR 7.77e-04
Epoch 11/15 | Step 10/100 | Global 210 | Total 0.249611 | Data 0.243086 | NS 3.107150 | T 3.418257 | LR 7.77e-04
Epoch 11/15 | Step 11/100 | Global 211 | Total 0.160213 | Data 0.153340 | NS 2.955720 | T 3.917947 | LR 7.77e-04
Epoch 11/15 | Step 12/100 | Global 212 | Total 0.198890 | Data 0.191297 | NS 4.005762 | T 3.587244 | LR 7.76e-04
Epoch 11/15 | Step 13/100 | Global 213 | Total 0.186187 | Data 0.179072 | NS 3.780918 | T 3.334357 | LR 7.76e-04
Epoch 11/15 | Step 14/100 | Global 214 | Total 0.141869 | Data 0.134781 | NS 4.142230 | T 2.945768 | LR 7.76e-04
Epoch 11/15 | Step 15/100 | Global 215 | Total 0.147203 | Data 0.138100 | NS 5.196981 | T 3.905971 | LR 7.76e-04
Epoch 11/15 | Step 16/100 | Global 216 | Total 0.234989 | Data 0.227267 | NS 4.696510 | T 3.025251 | LR 7.76e-04
Epoch 11/15 | Step 17/100 | Global 217 | Total 0.191052 | Data 0.184026 | NS 3.990854 | T 3.034578 | LR 7.75e-04
Epoch 11/15 | Step 18/100 | Global 218 | Total 0.153051 | Data 0.145905 | NS 3.581532 | T 3.564261 | LR 7.75e-04
Epoch 11/15 | Step 19/100 | Global 219 | Total 0.118999 | Data 0.113346 | NS 3.148142 | T 2.504250 | LR 7.75e-04
Epoch 11/15 | Step 20/100 | Global 220 | Total 0.104649 | Data 0.099696 | NS 2.691650 | T 2.261369 | LR 7.75e-04
Epoch 11/15 | Step 21/100 | Global 221 | Total 0.166561 | Data 0.161983 | NS 2.794341 | T 1.784395 | LR 7.75e-04
Epoch 11/15 | Step 22/100 | Global 222 | Total 0.138957 | Data 0.133478 | NS 2.982949 | T 2.495431 | LR 7.75e-04
Epoch 11/15 | Step 23/100 | Global 223 | Total 0.227422 | Data 0.221589 | NS 2.807600 | T 3.025085 | LR 7.74e-04
Epoch 11/15 | Step 24/100 | Global 224 | Total 0.276510 | Data 0.269923 | NS 2.665864 | T 3.921238 | LR 7.74e-04
[2026-04-30 14:04:25,879][train][INFO] - [100.00%] Mini-Batch Losses: Mini-batch T phy loss =  4.199e+00
Epoch 11/15 | Step 25/100 | Global 225 | Total 0.151926 | Data 0.145557 | NS 2.170312 | T 4.198520 | LR 7.74e-04
Epoch 11/15 | Step 26/100 | Global 226 | Total 0.163237 | Data 0.155043 | NS 2.913029 | T 5.280741 | LR 7.74e-04
Epoch 11/15 | Step 27/100 | Global 227 | Total 0.092959 | Data 0.085848 | NS 3.035266 | T 4.075906 | LR 7.74e-04
Epoch 11/15 | Step 28/100 | Global 228 | Total 0.148684 | Data 0.139711 | NS 5.132345 | T 3.840161 | LR 7.73e-04
Epoch 11/15 | Step 29/100 | Global 229 | Total 0.109978 | Data 0.101158 | NS 4.981972 | T 3.837768 | LR 7.73e-04
Epoch 11/15 | Step 30/100 | Global 230 | Total 0.278093 | Data 0.266052 | NS 6.725163 | T 5.315466 | LR 7.73e-04
Epoch 11/15 | Step 31/100 | Global 231 | Total 0.138015 | Data 0.127392 | NS 5.317924 | T 5.304558 | LR 7.73e-04
Epoch 11/15 | Step 32/100 | Global 232 | Total 0.195511 | Data 0.184266 | NS 5.108782 | T 6.135511 | LR 7.73e-04
Epoch 11/15 | Step 33/100 | Global 233 | Total 0.386604 | Data 0.374671 | NS 5.364311 | T 6.568216 | LR 7.72e-04
Epoch 11/15 | Step 34/100 | Global 234 | Total 0.384440 | Data 0.376541 | NS 4.056363 | T 3.842254 | LR 7.72e-04
Epoch 11/15 | Step 35/100 | Global 235 | Total 0.320014 | Data 0.311259 | NS 3.800520 | T 4.954232 | LR 7.72e-04
Epoch 11/15 | Step 36/100 | Global 236 | Total 0.155125 | Data 0.147018 | NS 3.714131 | T 4.392526 | LR 7.72e-04
Epoch 11/15 | Step 37/100 | Global 237 | Total 0.227679 | Data 0.220615 | NS 3.372180 | T 3.692708 | LR 7.72e-04
Epoch 11/15 | Step 38/100 | Global 238 | Total 0.108166 | Data 0.101907 | NS 3.645434 | T 2.613324 | LR 7.71e-04
Epoch 11/15 | Step 39/100 | Global 239 | Total 0.175784 | Data 0.167310 | NS 4.549872 | T 3.923957 | LR 7.71e-04
Epoch 11/15 | Step 40/100 | Global 240 | Total 0.233709 | Data 0.226180 | NS 4.323091 | T 3.206006 | LR 7.71e-04
Epoch 11/15 | Step 41/100 | Global 241 | Total 0.133909 | Data 0.126505 | NS 4.517153 | T 2.887023 | LR 7.71e-04
Epoch 11/15 | Step 42/100 | Global 242 | Total 0.170466 | Data 0.162193 | NS 5.117197 | T 3.155333 | LR 7.71e-04
Epoch 11/15 | Step 43/100 | Global 243 | Total 0.173513 | Data 0.164434 | NS 5.619653 | T 3.459532 | LR 7.70e-04
Epoch 11/15 | Step 44/100 | Global 244 | Total 0.123923 | Data 0.116329 | NS 4.606706 | T 2.987816 | LR 7.70e-04
Epoch 11/15 | Step 45/100 | Global 245 | Total 0.164632 | Data 0.156749 | NS 4.477641 | T 3.404999 | LR 7.70e-04
Epoch 11/15 | Step 46/100 | Global 246 | Total 0.169827 | Data 0.162075 | NS 4.031249 | T 3.720695 | LR 7.70e-04
Epoch 11/15 | Step 47/100 | Global 247 | Total 0.158271 | Data 0.151632 | NS 3.586478 | T 3.052507 | LR 7.70e-04
Epoch 11/15 | Step 48/100 | Global 248 | Total 0.209347 | Data 0.204009 | NS 3.044356 | T 2.293533 | LR 7.69e-04
Epoch 11/15 | Step 49/100 | Global 249 | Total 0.136448 | Data 0.130863 | NS 3.185287 | T 2.400085 | LR 7.69e-04
[2026-04-30 14:09:20,013][train][INFO] - [200.00%] Mini-Batch Losses: Mini-batch T phy loss =  2.354e+00
Epoch 11/15 | Step 50/100 | Global 250 | Total 0.200706 | Data 0.195196 | NS 3.156130 | T 2.353512 | LR 7.69e-04
Epoch 11/15 | Step 51/100 | Global 251 | Total 0.119415 | Data 0.113431 | NS 3.403455 | T 2.580818 | LR 7.69e-04
Epoch 11/15 | Step 52/100 | Global 252 | Total 0.205095 | Data 0.197578 | NS 3.970987 | T 3.545832 | LR 7.69e-04
Epoch 11/15 | Step 53/100 | Global 253 | Total 0.170098 | Data 0.163372 | NS 3.600313 | T 3.125592 | LR 7.69e-04
Epoch 11/15 | Step 54/100 | Global 254 | Total 0.156670 | Data 0.149718 | NS 3.167404 | T 3.784883 | LR 7.68e-04
Epoch 11/15 | Step 55/100 | Global 255 | Total 0.149422 | Data 0.142239 | NS 3.491740 | T 3.691298 | LR 7.68e-04
Epoch 11/15 | Step 56/100 | Global 256 | Total 0.151533 | Data 0.144623 | NS 3.010179 | T 3.899349 | LR 7.68e-04
Epoch 11/15 | Step 57/100 | Global 257 | Total 0.170786 | Data 0.164406 | NS 2.757394 | T 3.622605 | LR 7.68e-04
Epoch 11/15 | Step 58/100 | Global 258 | Total 0.210323 | Data 0.205045 | NS 2.322633 | T 2.955151 | LR 7.68e-04
Epoch 11/15 | Step 59/100 | Global 259 | Total 0.174465 | Data 0.169712 | NS 2.188731 | T 2.563681 | LR 7.67e-04
Epoch 11/15 | Step 60/100 | Global 260 | Total 0.131230 | Data 0.127347 | NS 1.927119 | T 1.955819 | LR 7.67e-04
Epoch 11/15 | Step 61/100 | Global 261 | Total 0.151842 | Data 0.147351 | NS 2.200786 | T 2.290552 | LR 7.67e-04
Epoch 11/15 | Step 62/100 | Global 262 | Total 0.262531 | Data 0.258618 | NS 1.814519 | T 2.098708 | LR 7.67e-04
Epoch 11/15 | Step 63/100 | Global 263 | Total 0.154448 | Data 0.150086 | NS 2.153668 | T 2.207960 | LR 7.67e-04
Epoch 11/15 | Step 64/100 | Global 264 | Total 0.158134 | Data 0.152099 | NS 2.778552 | T 3.256007 | LR 7.66e-04
Epoch 11/15 | Step 65/100 | Global 265 | Total 0.081684 | Data 0.076697 | NS 2.075002 | T 2.912166 | LR 7.66e-04
Epoch 11/15 | Step 66/100 | Global 266 | Total 0.481590 | Data 0.473727 | NS 3.112142 | T 4.750634 | LR 7.66e-04
Epoch 11/15 | Step 67/100 | Global 267 | Total 0.179713 | Data 0.174093 | NS 2.188032 | T 3.431107 | LR 7.66e-04
Epoch 11/15 | Step 68/100 | Global 268 | Total 0.124479 | Data 0.119211 | NS 2.279402 | T 2.988812 | LR 7.66e-04
Epoch 11/15 | Step 69/100 | Global 269 | Total 0.124522 | Data 0.119082 | NS 2.709219 | T 2.730170 | LR 7.65e-04
Epoch 11/15 | Step 70/100 | Global 270 | Total 0.222544 | Data 0.217750 | NS 2.594686 | T 2.199579 | LR 7.65e-04
Epoch 11/15 | Step 71/100 | Global 271 | Total 0.405825 | Data 0.398717 | NS 3.948253 | T 3.159313 | LR 7.65e-04
Epoch 11/15 | Step 72/100 | Global 272 | Total 0.181464 | Data 0.175586 | NS 3.299428 | T 2.579343 | LR 7.65e-04
Epoch 11/15 | Step 73/100 | Global 273 | Total 0.083981 | Data 0.076715 | NS 4.169299 | T 3.096606 | LR 7.65e-04
Epoch 11/15 | Step 74/100 | Global 274 | Total 0.170092 | Data 0.162535 | NS 3.917644 | T 3.639462 | LR 7.64e-04
[2026-04-30 14:14:17,778][train][INFO] - [300.00%] Mini-Batch Losses: Mini-batch T phy loss =  3.755e+00
Epoch 11/15 | Step 75/100 | Global 275 | Total 0.307794 | Data 0.299153 | NS 4.886454 | T 3.754948 | LR 7.64e-04
Epoch 11/15 | Step 76/100 | Global 276 | Total 0.192503 | Data 0.185722 | NS 3.401010 | T 3.380032 | LR 7.64e-04
Epoch 11/15 | Step 77/100 | Global 277 | Total 0.074023 | Data 0.065732 | NS 3.688132 | T 4.602735 | LR 7.64e-04
Epoch 11/15 | Step 78/100 | Global 278 | Total 0.075475 | Data 0.067266 | NS 3.585355 | T 4.623446 | LR 7.64e-04
Epoch 11/15 | Step 79/100 | Global 279 | Total 0.226645 | Data 0.219832 | NS 3.707673 | T 3.105683 | LR 7.64e-04
Epoch 11/15 | Step 80/100 | Global 280 | Total 0.209221 | Data 0.204493 | NS 2.669867 | T 2.058623 | LR 7.63e-04
Epoch 11/15 | Step 81/100 | Global 281 | Total 0.120224 | Data 0.115575 | NS 2.890257 | T 1.759040 | LR 7.63e-04
Epoch 11/15 | Step 82/100 | Global 282 | Total 0.156298 | Data 0.151032 | NS 3.090798 | T 2.174698 | LR 7.63e-04
Epoch 11/15 | Step 83/100 | Global 283 | Total 0.108274 | Data 0.101757 | NS 4.221232 | T 2.295915 | LR 7.63e-04
Epoch 11/15 | Step 84/100 | Global 284 | Total 0.123091 | Data 0.116841 | NS 4.065794 | T 2.184544 | LR 7.63e-04
Epoch 11/15 | Step 85/100 | Global 285 | Total 0.145868 | Data 0.139276 | NS 4.380843 | T 2.211241 | LR 7.62e-04
Epoch 11/15 | Step 86/100 | Global 286 | Total 0.231525 | Data 0.224836 | NS 4.084938 | T 2.604647 | LR 7.62e-04
Epoch 11/15 | Step 87/100 | Global 287 | Total 0.156947 | Data 0.149480 | NS 4.722132 | T 2.745445 | LR 7.62e-04
Epoch 11/15 | Step 88/100 | Global 288 | Total 0.118524 | Data 0.110956 | NS 3.745966 | T 3.821369 | LR 7.62e-04
Epoch 11/15 | Step 89/100 | Global 289 | Total 0.142185 | Data 0.136695 | NS 2.922143 | T 2.567616 | LR 7.62e-04
Epoch 11/15 | Step 90/100 | Global 290 | Total 0.116370 | Data 0.110758 | NS 2.888455 | T 2.723703 | LR 7.61e-04
Epoch 11/15 | Step 91/100 | Global 291 | Total 0.277733 | Data 0.272254 | NS 2.668867 | T 2.810110 | LR 7.61e-04
Epoch 11/15 | Step 92/100 | Global 292 | Total 0.170331 | Data 0.164517 | NS 3.070787 | T 2.742985 | LR 7.61e-04
Epoch 11/15 | Step 93/100 | Global 293 | Total 0.154543 | Data 0.148800 | NS 3.419419 | T 2.323658 | LR 7.61e-04
Epoch 11/15 | Step 94/100 | Global 294 | Total 0.162642 | Data 0.155726 | NS 3.656235 | T 3.260030 | LR 7.61e-04
Epoch 11/15 | Step 95/100 | Global 295 | Total 0.463851 | Data 0.456506 | NS 3.609623 | T 3.734903 | LR 7.60e-04
Epoch 11/15 | Step 96/100 | Global 296 | Total 0.109516 | Data 0.104720 | NS 2.292310 | T 2.504476 | LR 7.60e-04
Epoch 11/15 | Step 97/100 | Global 297 | Total 0.182826 | Data 0.176517 | NS 2.736435 | T 3.572998 | LR 7.60e-04
Epoch 11/15 | Step 98/100 | Global 298 | Total 0.247621 | Data 0.240594 | NS 2.646027 | T 4.380962 | LR 7.60e-04
Epoch 11/15 | Step 99/100 | Global 299 | Total 0.212186 | Data 0.204734 | NS 2.905515 | T 4.545755 | LR 7.60e-04
[2026-04-30 14:18:56,676][train][INFO] - [400.00%] Mini-Batch Losses: Mini-batch T phy loss =  2.686e+00
Epoch 11/15 | Step 100/100 | Global 300 | Total 0.350694 | Data 0.345396 | NS 2.612350 | T 2.685818 | LR 7.60e-04
[2026-04-30 14:20:07,565][train][INFO] - Epoch 11 Metrics: Learning Rate =  7.595e-04, Mini-batch total loss =  4.627e-02, Mini-batch data loss =  4.456e-02, Mini-batch NS phy loss =  8.705e-01, Mini-batch T phy loss =  8.367e-01
[2026-04-30 14:20:07,565][train][INFO] - Epoch Execution Time:  1.259e+03s, Time/Iter:  3.147e+03ms
Epoch 12/15 | Step 1/100 | Global 301 | Total 0.196853 | Data 0.191925 | NS 2.436442 | T 2.491750 | LR 7.59e-04
Epoch 12/15 | Step 2/100 | Global 302 | Total 0.218598 | Data 0.211370 | NS 2.490198 | T 4.738716 | LR 7.59e-04
Epoch 12/15 | Step 3/100 | Global 303 | Total 0.183881 | Data 0.173634 | NS 3.385709 | T 6.861442 | LR 7.59e-04
Epoch 12/15 | Step 4/100 | Global 304 | Total 0.178115 | Data 0.169084 | NS 3.209248 | T 5.821964 | LR 7.59e-04
Epoch 12/15 | Step 5/100 | Global 305 | Total 0.209435 | Data 0.203102 | NS 2.787765 | T 3.544809 | LR 7.59e-04
Epoch 12/15 | Step 6/100 | Global 306 | Total 0.233840 | Data 0.227069 | NS 3.484845 | T 3.285389 | LR 7.58e-04
Epoch 12/15 | Step 7/100 | Global 307 | Total 0.105282 | Data 0.098499 | NS 3.075523 | T 3.707316 | LR 7.58e-04
Epoch 12/15 | Step 8/100 | Global 308 | Total 0.178294 | Data 0.170301 | NS 3.260380 | T 4.732616 | LR 7.58e-04
Epoch 12/15 | Step 9/100 | Global 309 | Total 0.133696 | Data 0.125876 | NS 3.781987 | T 4.038284 | LR 7.58e-04
Epoch 12/15 | Step 10/100 | Global 310 | Total 0.208897 | Data 0.201844 | NS 3.158015 | T 3.895225 | LR 7.58e-04
Epoch 12/15 | Step 11/100 | Global 311 | Total 0.242130 | Data 0.237204 | NS 2.430803 | T 2.495160 | LR 7.57e-04
Epoch 12/15 | Step 12/100 | Global 312 | Total 0.163865 | Data 0.159486 | NS 2.342704 | T 2.036367 | LR 7.57e-04
Epoch 12/15 | Step 13/100 | Global 313 | Total 0.123327 | Data 0.119033 | NS 2.252043 | T 2.042243 | LR 7.57e-04
Epoch 12/15 | Step 14/100 | Global 314 | Total 0.176257 | Data 0.170733 | NS 2.493940 | T 3.030438 | LR 7.57e-04
Epoch 12/15 | Step 15/100 | Global 315 | Total 0.168969 | Data 0.162292 | NS 2.499891 | T 4.177011 | LR 7.57e-04
Epoch 12/15 | Step 16/100 | Global 316 | Total 0.256074 | Data 0.249203 | NS 2.976182 | T 3.895241 | LR 7.57e-04
Epoch 12/15 | Step 17/100 | Global 317 | Total 0.158713 | Data 0.153596 | NS 2.532838 | T 2.583731 | LR 7.56e-04
Epoch 12/15 | Step 18/100 | Global 318 | Total 0.123614 | Data 0.118741 | NS 2.405915 | T 2.467086 | LR 7.56e-04
Epoch 12/15 | Step 19/100 | Global 319 | Total 0.222505 | Data 0.216159 | NS 2.950194 | T 3.395420 | LR 7.56e-04
Epoch 12/15 | Step 20/100 | Global 320 | Total 0.202729 | Data 0.195432 | NS 2.844933 | T 4.452343 | LR 7.56e-04
Epoch 12/15 | Step 21/100 | Global 321 | Total 0.119435 | Data 0.113247 | NS 2.373984 | T 3.814652 | LR 7.56e-04
Epoch 12/15 | Step 22/100 | Global 322 | Total 0.127306 | Data 0.122044 | NS 2.194907 | T 3.066580 | LR 7.55e-04
Epoch 12/15 | Step 23/100 | Global 323 | Total 0.195423 | Data 0.191213 | NS 1.933940 | T 2.275780 | LR 7.55e-04
Epoch 12/15 | Step 24/100 | Global 324 | Total 0.080314 | Data 0.073111 | NS 3.234011 | T 3.968891 | LR 7.55e-04
[2026-04-30 14:25:19,754][train][INFO] - [100.00%] Mini-Batch Losses: Mini-batch T phy loss =  3.961e+00
Epoch 12/15 | Step 25/100 | Global 325 | Total 0.147416 | Data 0.141123 | NS 2.332109 | T 3.960756 | LR 7.55e-04
Epoch 12/15 | Step 26/100 | Global 326 | Total 0.189743 | Data 0.183151 | NS 2.488117 | T 4.103387 | LR 7.55e-04
Epoch 12/15 | Step 27/100 | Global 327 | Total 0.151438 | Data 0.144733 | NS 2.865051 | T 3.840294 | LR 7.54e-04
Epoch 12/15 | Step 28/100 | Global 328 | Total 0.150772 | Data 0.145372 | NS 2.523010 | T 2.876567 | LR 7.54e-04
Epoch 12/15 | Step 29/100 | Global 329 | Total 0.150416 | Data 0.144558 | NS 2.684371 | T 3.173306 | LR 7.54e-04
Epoch 12/15 | Step 30/100 | Global 330 | Total 0.223387 | Data 0.216778 | NS 2.585974 | T 4.023731 | LR 7.54e-04
Epoch 12/15 | Step 31/100 | Global 331 | Total 0.124042 | Data 0.118184 | NS 2.467531 | T 3.390841 | LR 7.54e-04
Epoch 12/15 | Step 32/100 | Global 332 | Total 0.125132 | Data 0.120908 | NS 1.986422 | T 2.238197 | LR 7.53e-04
Epoch 12/15 | Step 33/100 | Global 333 | Total 0.102345 | Data 0.098403 | NS 2.222366 | T 1.719547 | LR 7.53e-04
Epoch 12/15 | Step 34/100 | Global 334 | Total 0.232129 | Data 0.227757 | NS 2.547060 | T 1.825603 | LR 7.53e-04
Epoch 12/15 | Step 35/100 | Global 335 | Total 0.122274 | Data 0.117195 | NS 2.355847 | T 2.723240 | LR 7.53e-04
Epoch 12/15 | Step 36/100 | Global 336 | Total 0.110200 | Data 0.104727 | NS 2.516629 | T 2.956697 | LR 7.53e-04
Epoch 12/15 | Step 37/100 | Global 337 | Total 0.153513 | Data 0.148549 | NS 2.617834 | T 2.345444 | LR 7.53e-04
Epoch 12/15 | Step 38/100 | Global 338 | Total 0.137740 | Data 0.132971 | NS 2.973423 | T 1.795367 | LR 7.52e-04
Epoch 12/15 | Step 39/100 | Global 339 | Total 0.216871 | Data 0.211726 | NS 2.848464 | T 2.296123 | LR 7.52e-04
Epoch 12/15 | Step 40/100 | Global 340 | Total 0.145406 | Data 0.139623 | NS 2.839439 | T 2.943650 | LR 7.52e-04
Epoch 12/15 | Step 41/100 | Global 341 | Total 0.173699 | Data 0.168675 | NS 2.272842 | T 2.751544 | LR 7.52e-04
Epoch 12/15 | Step 42/100 | Global 342 | Total 0.149394 | Data 0.144467 | NS 2.220860 | T 2.706331 | LR 7.52e-04
Epoch 12/15 | Step 43/100 | Global 343 | Total 0.136519 | Data 0.131739 | NS 2.385593 | T 2.394902 | LR 7.51e-04
Epoch 12/15 | Step 44/100 | Global 344 | Total 0.107598 | Data 0.103665 | NS 2.230934 | T 1.702148 | LR 7.51e-04
Epoch 12/15 | Step 45/100 | Global 345 | Total 0.341071 | Data 0.336726 | NS 2.464550 | T 1.880713 | LR 7.51e-04
Epoch 12/15 | Step 46/100 | Global 346 | Total 0.178318 | Data 0.174403 | NS 1.913172 | T 2.002457 | LR 7.51e-04
Epoch 12/15 | Step 47/100 | Global 347 | Total 0.297817 | Data 0.294112 | NS 1.852106 | T 1.852782 | LR 7.51e-04
Epoch 12/15 | Step 48/100 | Global 348 | Total 0.118081 | Data 0.113812 | NS 2.139771 | T 2.129561 | LR 7.50e-04
Epoch 12/15 | Step 49/100 | Global 349 | Total 0.161324 | Data 0.156240 | NS 2.551961 | T 2.532784 | LR 7.50e-04
[2026-04-30 14:30:18,601][train][INFO] - [200.00%] Mini-Batch Losses: Mini-batch T phy loss =  2.105e+00
Epoch 12/15 | Step 50/100 | Global 350 | Total 0.089076 | Data 0.084863 | NS 2.107799 | T 2.105198 | LR 7.50e-04
Epoch 12/15 | Step 51/100 | Global 351 | Total 0.169161 | Data 0.163407 | NS 2.791687 | T 2.961927 | LR 7.50e-04
Epoch 12/15 | Step 52/100 | Global 352 | Total 0.073504 | Data 0.069424 | NS 2.088347 | T 1.991025 | LR 7.50e-04
Epoch 12/15 | Step 53/100 | Global 353 | Total 0.272948 | Data 0.268169 | NS 2.204156 | T 2.574484 | LR 7.50e-04
Epoch 12/15 | Step 54/100 | Global 354 | Total 0.147206 | Data 0.142331 | NS 2.631814 | T 2.243747 | LR 7.49e-04
Epoch 12/15 | Step 55/100 | Global 355 | Total 0.098404 | Data 0.093898 | NS 2.516293 | T 1.990202 | LR 7.49e-04
Epoch 12/15 | Step 56/100 | Global 356 | Total 0.158377 | Data 0.154666 | NS 2.054716 | T 1.656621 | LR 7.49e-04
Epoch 12/15 | Step 57/100 | Global 357 | Total 0.148069 | Data 0.142758 | NS 2.914139 | T 2.397695 | LR 7.49e-04
Epoch 12/15 | Step 58/100 | Global 358 | Total 0.271053 | Data 0.266065 | NS 2.846225 | T 2.141286 | LR 7.49e-04
Epoch 12/15 | Step 59/100 | Global 359 | Total 0.167932 | Data 0.162779 | NS 2.728262 | T 2.425231 | LR 7.48e-04
Epoch 12/15 | Step 60/100 | Global 360 | Total 0.106678 | Data 0.102176 | NS 2.629233 | T 1.872190 | LR 7.48e-04
Epoch 12/15 | Step 61/100 | Global 361 | Total 0.078996 | Data 0.075423 | NS 2.058045 | T 1.515002 | LR 7.48e-04
Epoch 12/15 | Step 62/100 | Global 362 | Total 0.253555 | Data 0.249298 | NS 2.356585 | T 1.900264 | LR 7.48e-04
Epoch 12/15 | Step 63/100 | Global 363 | Total 0.088623 | Data 0.084736 | NS 2.077451 | T 1.808797 | LR 7.48e-04
Epoch 12/15 | Step 64/100 | Global 364 | Total 0.256852 | Data 0.252541 | NS 2.259702 | T 2.051754 | LR 7.47e-04
Epoch 12/15 | Step 65/100 | Global 365 | Total 0.145094 | Data 0.141375 | NS 2.038119 | T 1.680655 | LR 7.47e-04
Epoch 12/15 | Step 66/100 | Global 366 | Total 0.115237 | Data 0.111402 | NS 2.073566 | T 1.762067 | LR 7.47e-04
Epoch 12/15 | Step 67/100 | Global 367 | Total 0.287202 | Data 0.283408 | NS 1.947312 | T 1.847048 | LR 7.47e-04
Epoch 12/15 | Step 68/100 | Global 368 | Total 0.143113 | Data 0.137502 | NS 2.857347 | T 2.753459 | LR 7.47e-04
Epoch 12/15 | Step 69/100 | Global 369 | Total 0.403972 | Data 0.398295 | NS 2.942679 | T 2.733982 | LR 7.47e-04
Epoch 12/15 | Step 70/100 | Global 370 | Total 0.438153 | Data 0.432845 | NS 2.961676 | T 2.346959 | LR 7.46e-04
Epoch 12/15 | Step 71/100 | Global 371 | Total 0.341817 | Data 0.337027 | NS 2.251978 | T 2.538760 | LR 7.46e-04
Epoch 12/15 | Step 72/100 | Global 372 | Total 0.155165 | Data 0.150239 | NS 2.171926 | T 2.754742 | LR 7.46e-04
Epoch 12/15 | Step 73/100 | Global 373 | Total 0.105604 | Data 0.100311 | NS 2.555836 | T 2.736370 | LR 7.46e-04
Epoch 12/15 | Step 74/100 | Global 374 | Total 0.079093 | Data 0.073621 | NS 3.109814 | T 2.361634 | LR 7.46e-04
[2026-04-30 14:35:15,410][train][INFO] - [300.00%] Mini-Batch Losses: Mini-batch T phy loss =  1.988e+00
Epoch 12/15 | Step 75/100 | Global 375 | Total 0.122945 | Data 0.118283 | NS 2.673975 | T 1.987789 | LR 7.45e-04
Epoch 12/15 | Step 76/100 | Global 376 | Total 0.279927 | Data 0.274481 | NS 2.765872 | T 2.680301 | LR 7.45e-04
Epoch 12/15 | Step 77/100 | Global 377 | Total 0.141760 | Data 0.135660 | NS 2.901980 | T 3.198252 | LR 7.45e-04
Epoch 12/15 | Step 78/100 | Global 378 | Total 0.122136 | Data 0.114572 | NS 3.213253 | T 4.350871 | LR 7.45e-04
Epoch 12/15 | Step 79/100 | Global 379 | Total 0.207939 | Data 0.200137 | NS 3.694117 | T 4.108367 | LR 7.45e-04
Epoch 12/15 | Step 80/100 | Global 380 | Total 0.264795 | Data 0.258426 | NS 2.999777 | T 3.369366 | LR 7.45e-04
Epoch 12/15 | Step 81/100 | Global 381 | Total 0.118247 | Data 0.112312 | NS 3.253758 | T 2.681239 | LR 7.44e-04
Epoch 12/15 | Step 82/100 | Global 382 | Total 0.150435 | Data 0.143022 | NS 4.204978 | T 3.208247 | LR 7.44e-04
Epoch 12/15 | Step 83/100 | Global 383 | Total 0.126304 | Data 0.120402 | NS 3.520702 | T 2.381425 | LR 7.44e-04
Epoch 12/15 | Step 84/100 | Global 384 | Total 0.175419 | Data 0.169442 | NS 3.766140 | T 2.210509 | LR 7.44e-04
Epoch 12/15 | Step 85/100 | Global 385 | Total 0.165852 | Data 0.160194 | NS 3.637532 | T 2.020492 | LR 7.44e-04
Epoch 12/15 | Step 86/100 | Global 386 | Total 0.228676 | Data 0.222587 | NS 3.939393 | T 2.149396 | LR 7.43e-04
Epoch 12/15 | Step 87/100 | Global 387 | Total 0.117006 | Data 0.110247 | NS 4.060512 | T 2.698172 | LR 7.43e-04
Epoch 12/15 | Step 88/100 | Global 388 | Total 0.666406 | Data 0.657180 | NS 5.265638 | T 3.960373 | LR 7.43e-04
Epoch 12/15 | Step 89/100 | Global 389 | Total 0.175225 | Data 0.168020 | NS 3.606229 | T 3.599300 | LR 7.43e-04
Epoch 12/15 | Step 90/100 | Global 390 | Total 0.121915 | Data 0.115303 | NS 3.226602 | T 3.384947 | LR 7.43e-04
Epoch 12/15 | Step 91/100 | Global 391 | Total 0.140982 | Data 0.135512 | NS 2.565323 | T 2.904543 | LR 7.42e-04
Epoch 12/15 | Step 92/100 | Global 392 | Total 0.292937 | Data 0.287623 | NS 2.316021 | T 2.997812 | LR 7.42e-04
Epoch 12/15 | Step 93/100 | Global 393 | Total 0.229938 | Data 0.225201 | NS 2.486290 | T 2.250011 | LR 7.42e-04
Epoch 12/15 | Step 94/100 | Global 394 | Total 0.137008 | Data 0.130743 | NS 2.855283 | T 3.409337 | LR 7.42e-04
Epoch 12/15 | Step 95/100 | Global 395 | Total 0.224820 | Data 0.219999 | NS 2.303411 | T 2.517691 | LR 7.42e-04
Epoch 12/15 | Step 96/100 | Global 396 | Total 0.177026 | Data 0.171338 | NS 2.352747 | T 3.335398 | LR 7.42e-04
Epoch 12/15 | Step 97/100 | Global 397 | Total 0.132231 | Data 0.124225 | NS 3.092692 | T 4.913215 | LR 7.41e-04
Epoch 12/15 | Step 98/100 | Global 398 | Total 0.142156 | Data 0.132993 | NS 3.539149 | T 5.624142 | LR 7.41e-04
Epoch 12/15 | Step 99/100 | Global 399 | Total 0.110047 | Data 0.102991 | NS 3.269787 | T 3.785393 | LR 7.41e-04
[2026-04-30 14:39:53,061][train][INFO] - [400.00%] Mini-Batch Losses: Mini-batch T phy loss =  2.581e+00
Epoch 12/15 | Step 100/100 | Global 400 | Total 0.113216 | Data 0.108312 | NS 2.322634 | T 2.580998 | LR 7.41e-04
[2026-04-30 14:41:04,445][train][INFO] - Epoch 12 Metrics: Learning Rate =  7.408e-04, Mini-batch total loss =  4.459e-02, Mini-batch data loss =  4.318e-02, Mini-batch NS phy loss =  6.811e-01, Mini-batch T phy loss =  7.261e-01
[2026-04-30 14:41:04,445][train][INFO] - Epoch Execution Time:  1.257e+03s, Time/Iter:  3.142e+03ms
[2026-04-30 14:41:04,577][checkpoint][INFO] - Saved model state dictionary: /home/iaziz6/Imo_Training/Training/outputs/checkpoints/UNet.0.12.mdlus
[2026-04-30 14:41:04,682][checkpoint][INFO] - Saved training checkpoint: /home/iaziz6/Imo_Training/Training/outputs/checkpoints/checkpoint.0.12.pt
Epoch 13/15 | Step 1/100 | Global 401 | Total 0.235411 | Data 0.230106 | NS 2.450964 | T 2.854175 | LR 7.41e-04
Epoch 13/15 | Step 2/100 | Global 402 | Total 0.179120 | Data 0.173835 | NS 2.858924 | T 2.426173 | LR 7.40e-04
Epoch 13/15 | Step 3/100 | Global 403 | Total 0.209793 | Data 0.204470 | NS 2.675805 | T 2.647145 | LR 7.40e-04
Epoch 13/15 | Step 4/100 | Global 404 | Total 0.133164 | Data 0.126866 | NS 3.043308 | T 3.254791 | LR 7.40e-04
Epoch 13/15 | Step 5/100 | Global 405 | Total 0.131242 | Data 0.127227 | NS 2.101689 | T 1.913202 | LR 7.40e-04
Epoch 13/15 | Step 6/100 | Global 406 | Total 0.144963 | Data 0.140862 | NS 2.053251 | T 2.047965 | LR 7.40e-04
Epoch 13/15 | Step 7/100 | Global 407 | Total 0.128288 | Data 0.124305 | NS 1.942268 | T 2.040390 | LR 7.39e-04
Epoch 13/15 | Step 8/100 | Global 408 | Total 0.167034 | Data 0.160999 | NS 2.769296 | T 3.265371 | LR 7.39e-04
Epoch 13/15 | Step 9/100 | Global 409 | Total 0.149083 | Data 0.142979 | NS 2.865480 | T 3.238939 | LR 7.39e-04
Epoch 13/15 | Step 10/100 | Global 410 | Total 0.167719 | Data 0.161592 | NS 2.889113 | T 3.237608 | LR 7.39e-04
Epoch 13/15 | Step 11/100 | Global 411 | Total 0.281424 | Data 0.275523 | NS 2.889497 | T 3.011543 | LR 7.39e-04
Epoch 13/15 | Step 12/100 | Global 412 | Total 0.214591 | Data 0.207536 | NS 3.584594 | T 3.470950 | LR 7.39e-04
Epoch 13/15 | Step 13/100 | Global 413 | Total 0.173401 | Data 0.167198 | NS 3.105769 | T 3.098025 | LR 7.38e-04
Epoch 13/15 | Step 14/100 | Global 414 | Total 0.151622 | Data 0.144896 | NS 3.539651 | T 3.186578 | LR 7.38e-04
Epoch 13/15 | Step 15/100 | Global 415 | Total 0.079680 | Data 0.073577 | NS 3.058713 | T 3.044564 | LR 7.38e-04
Epoch 13/15 | Step 16/100 | Global 416 | Total 0.227774 | Data 0.221275 | NS 3.201847 | T 3.297333 | LR 7.38e-04
Epoch 13/15 | Step 17/100 | Global 417 | Total 0.075753 | Data 0.068999 | NS 2.994260 | T 3.759842 | LR 7.38e-04
Epoch 13/15 | Step 18/100 | Global 418 | Total 0.321542 | Data 0.315788 | NS 2.693940 | T 3.059562 | LR 7.37e-04
Epoch 13/15 | Step 19/100 | Global 419 | Total 0.075217 | Data 0.069784 | NS 2.594909 | T 2.838270 | LR 7.37e-04
Epoch 13/15 | Step 20/100 | Global 420 | Total 0.390315 | Data 0.384408 | NS 2.919954 | T 2.987783 | LR 7.37e-04
Epoch 13/15 | Step 21/100 | Global 421 | Total 0.126232 | Data 0.119849 | NS 3.294959 | T 3.088910 | LR 7.37e-04
Epoch 13/15 | Step 22/100 | Global 422 | Total 0.117206 | Data 0.111677 | NS 3.246175 | T 2.282739 | LR 7.37e-04
Epoch 13/15 | Step 23/100 | Global 423 | Total 0.192776 | Data 0.185518 | NS 4.374224 | T 2.883852 | LR 7.37e-04
Epoch 13/15 | Step 24/100 | Global 424 | Total 0.228673 | Data 0.222423 | NS 3.818037 | T 2.431197 | LR 7.36e-04
[2026-04-30 14:46:18,816][train][INFO] - [100.00%] Mini-Batch Losses: Mini-batch T phy loss =  2.185e+00
Epoch 13/15 | Step 25/100 | Global 425 | Total 0.162430 | Data 0.156606 | NS 3.639264 | T 2.184970 | LR 7.36e-04
Epoch 13/15 | Step 26/100 | Global 426 | Total 0.131136 | Data 0.124664 | NS 4.346499 | T 2.125020 | LR 7.36e-04
Epoch 13/15 | Step 27/100 | Global 427 | Total 0.158472 | Data 0.151133 | NS 5.108387 | T 2.230274 | LR 7.36e-04
Epoch 13/15 | Step 28/100 | Global 428 | Total 0.187985 | Data 0.181271 | NS 4.414604 | T 2.299462 | LR 7.36e-04
Epoch 13/15 | Step 29/100 | Global 429 | Total 0.144532 | Data 0.137483 | NS 4.385518 | T 2.663425 | LR 7.35e-04
Epoch 13/15 | Step 30/100 | Global 430 | Total 0.180173 | Data 0.173172 | NS 3.645761 | T 3.355773 | LR 7.35e-04
Epoch 13/15 | Step 31/100 | Global 431 | Total 0.166749 | Data 0.159802 | NS 3.464310 | T 3.482308 | LR 7.35e-04
Epoch 13/15 | Step 32/100 | Global 432 | Total 0.150093 | Data 0.144121 | NS 2.738846 | T 3.233145 | LR 7.35e-04
Epoch 13/15 | Step 33/100 | Global 433 | Total 0.121069 | Data 0.115675 | NS 2.782022 | T 2.612466 | LR 7.35e-04
Epoch 13/15 | Step 34/100 | Global 434 | Total 0.120171 | Data 0.114818 | NS 2.340220 | T 3.011917 | LR 7.35e-04
Epoch 13/15 | Step 35/100 | Global 435 | Total 0.165131 | Data 0.160867 | NS 2.061821 | T 2.202276 | LR 7.34e-04
Epoch 13/15 | Step 36/100 | Global 436 | Total 0.138919 | Data 0.134734 | NS 2.096741 | T 2.088268 | LR 7.34e-04
Epoch 13/15 | Step 37/100 | Global 437 | Total 0.185951 | Data 0.180681 | NS 2.356259 | T 2.913540 | LR 7.34e-04
Epoch 13/15 | Step 38/100 | Global 438 | Total 0.199106 | Data 0.194276 | NS 2.435385 | T 2.394265 | LR 7.34e-04
Epoch 13/15 | Step 39/100 | Global 439 | Total 0.311817 | Data 0.305754 | NS 3.078121 | T 2.985425 | LR 7.34e-04
Epoch 13/15 | Step 40/100 | Global 440 | Total 0.119936 | Data 0.112706 | NS 3.101195 | T 4.129426 | LR 7.33e-04
Epoch 13/15 | Step 41/100 | Global 441 | Total 0.147053 | Data 0.140813 | NS 2.324229 | T 3.915463 | LR 7.33e-04
Epoch 13/15 | Step 42/100 | Global 442 | Total 0.185502 | Data 0.177558 | NS 2.892326 | T 5.051934 | LR 7.33e-04
Epoch 13/15 | Step 43/100 | Global 443 | Total 0.165329 | Data 0.159440 | NS 2.450763 | T 3.438152 | LR 7.33e-04
Epoch 13/15 | Step 44/100 | Global 444 | Total 0.327625 | Data 0.322850 | NS 2.225033 | T 2.549961 | LR 7.33e-04
Epoch 13/15 | Step 45/100 | Global 445 | Total 0.195486 | Data 0.188964 | NS 3.303724 | T 3.218524 | LR 7.33e-04
Epoch 13/15 | Step 46/100 | Global 446 | Total 0.203370 | Data 0.198408 | NS 2.517087 | T 2.445076 | LR 7.32e-04
Epoch 13/15 | Step 47/100 | Global 447 | Total 0.104566 | Data 0.099610 | NS 2.810821 | T 2.145170 | LR 7.32e-04
Epoch 13/15 | Step 48/100 | Global 448 | Total 0.258451 | Data 0.253209 | NS 3.231630 | T 2.010196 | LR 7.32e-04
Epoch 13/15 | Step 49/100 | Global 449 | Total 0.095482 | Data 0.090990 | NS 2.616663 | T 1.875541 | LR 7.32e-04
[2026-04-30 14:51:16,752][train][INFO] - [200.00%] Mini-Batch Losses: Mini-batch T phy loss =  2.704e+00
Epoch 13/15 | Step 50/100 | Global 450 | Total 0.167799 | Data 0.162135 | NS 2.960596 | T 2.703517 | LR 7.32e-04
Epoch 13/15 | Step 51/100 | Global 451 | Total 0.262942 | Data 0.257117 | NS 2.766854 | T 3.058222 | LR 7.31e-04
Epoch 13/15 | Step 52/100 | Global 452 | Total 0.135114 | Data 0.130959 | NS 2.433254 | T 1.721481 | LR 7.31e-04
Epoch 13/15 | Step 53/100 | Global 453 | Total 0.147802 | Data 0.142673 | NS 2.959501 | T 2.169794 | LR 7.31e-04
Epoch 13/15 | Step 54/100 | Global 454 | Total 0.109344 | Data 0.103227 | NS 3.359897 | T 2.756676 | LR 7.31e-04
Epoch 13/15 | Step 55/100 | Global 455 | Total 0.156582 | Data 0.150776 | NS 3.189403 | T 2.616180 | LR 7.31e-04
Epoch 13/15 | Step 56/100 | Global 456 | Total 0.210258 | Data 0.202768 | NS 4.040027 | T 3.449030 | LR 7.30e-04
Epoch 13/15 | Step 57/100 | Global 457 | Total 0.209793 | Data 0.204386 | NS 3.365201 | T 2.042031 | LR 7.30e-04
Epoch 13/15 | Step 58/100 | Global 458 | Total 0.112262 | Data 0.106859 | NS 3.564039 | T 1.839267 | LR 7.30e-04
Epoch 13/15 | Step 59/100 | Global 459 | Total 0.147089 | Data 0.141548 | NS 3.669169 | T 1.871902 | LR 7.30e-04
Epoch 13/15 | Step 60/100 | Global 460 | Total 0.128089 | Data 0.122627 | NS 3.584316 | T 1.877590 | LR 7.30e-04
Epoch 13/15 | Step 61/100 | Global 461 | Total 0.140450 | Data 0.133070 | NS 4.754587 | T 2.624682 | LR 7.30e-04
Epoch 13/15 | Step 62/100 | Global 462 | Total 0.156798 | Data 0.150744 | NS 3.814494 | T 2.239922 | LR 7.29e-04
Epoch 13/15 | Step 63/100 | Global 463 | Total 0.137437 | Data 0.131316 | NS 3.854239 | T 2.266988 | LR 7.29e-04
Epoch 13/15 | Step 64/100 | Global 464 | Total 0.121465 | Data 0.114803 | NS 4.143540 | T 2.518992 | LR 7.29e-04
Epoch 13/15 | Step 65/100 | Global 465 | Total 0.152166 | Data 0.145920 | NS 3.394214 | T 2.851374 | LR 7.29e-04
Epoch 13/15 | Step 66/100 | Global 466 | Total 0.158050 | Data 0.153447 | NS 2.664109 | T 1.939089 | LR 7.29e-04
Epoch 13/15 | Step 67/100 | Global 467 | Total 0.157188 | Data 0.151833 | NS 2.922303 | T 2.432547 | LR 7.28e-04
Epoch 13/15 | Step 68/100 | Global 468 | Total 0.152313 | Data 0.146456 | NS 3.081631 | T 2.774659 | LR 7.28e-04
Epoch 13/15 | Step 69/100 | Global 469 | Total 0.180757 | Data 0.174525 | NS 2.965343 | T 3.266544 | LR 7.28e-04
Epoch 13/15 | Step 70/100 | Global 470 | Total 0.215913 | Data 0.208427 | NS 3.211266 | T 4.274778 | LR 7.28e-04
Epoch 13/15 | Step 71/100 | Global 471 | Total 0.180069 | Data 0.174464 | NS 2.422193 | T 3.182879 | LR 7.28e-04
Epoch 13/15 | Step 72/100 | Global 472 | Total 0.664822 | Data 0.656683 | NS 3.556304 | T 4.582410 | LR 7.28e-04
Epoch 13/15 | Step 73/100 | Global 473 | Total 0.157193 | Data 0.150137 | NS 2.985052 | T 4.071206 | LR 7.27e-04
Epoch 13/15 | Step 74/100 | Global 474 | Total 0.138943 | Data 0.133809 | NS 1.967252 | T 3.166663 | LR 7.27e-04
[2026-04-30 14:56:10,993][train][INFO] - [300.00%] Mini-Batch Losses: Mini-batch T phy loss =  3.392e+00
Epoch 13/15 | Step 75/100 | Global 475 | Total 0.164965 | Data 0.159177 | NS 2.396059 | T 3.391646 | LR 7.27e-04
Epoch 13/15 | Step 76/100 | Global 476 | Total 0.162506 | Data 0.157237 | NS 2.650412 | T 2.617868 | LR 7.27e-04
Epoch 13/15 | Step 77/100 | Global 477 | Total 0.168054 | Data 0.163574 | NS 2.214659 | T 2.264737 | LR 7.27e-04
Epoch 13/15 | Step 78/100 | Global 478 | Total 0.130924 | Data 0.126716 | NS 1.890968 | T 2.316996 | LR 7.26e-04
Epoch 13/15 | Step 79/100 | Global 479 | Total 0.156423 | Data 0.151139 | NS 2.202023 | T 3.082020 | LR 7.26e-04
Epoch 13/15 | Step 80/100 | Global 480 | Total 0.283908 | Data 0.277596 | NS 2.402796 | T 3.908355 | LR 7.26e-04
Epoch 13/15 | Step 81/100 | Global 481 | Total 0.234174 | Data 0.227531 | NS 2.616359 | T 4.027207 | LR 7.26e-04
Epoch 13/15 | Step 82/100 | Global 482 | Total 0.162757 | Data 0.156568 | NS 2.284465 | T 3.904157 | LR 7.26e-04
Epoch 13/15 | Step 83/100 | Global 483 | Total 0.088182 | Data 0.081675 | NS 2.589351 | T 3.916870 | LR 7.26e-04
Epoch 13/15 | Step 84/100 | Global 484 | Total 0.080966 | Data 0.073507 | NS 3.702694 | T 3.756447 | LR 7.25e-04
Epoch 13/15 | Step 85/100 | Global 485 | Total 0.405630 | Data 0.397679 | NS 4.979466 | T 2.972364 | LR 7.25e-04
Epoch 13/15 | Step 86/100 | Global 486 | Total 0.090160 | Data 0.082677 | NS 4.679264 | T 2.803571 | LR 7.25e-04
Epoch 13/15 | Step 87/100 | Global 487 | Total 0.130366 | Data 0.123248 | NS 4.691080 | T 2.426721 | LR 7.25e-04
Epoch 13/15 | Step 88/100 | Global 488 | Total 0.262502 | Data 0.254837 | NS 5.061058 | T 2.603304 | LR 7.25e-04
Epoch 13/15 | Step 89/100 | Global 489 | Total 0.108639 | Data 0.100511 | NS 4.605893 | T 3.521811 | LR 7.24e-04
Epoch 13/15 | Step 90/100 | Global 490 | Total 0.318438 | Data 0.309705 | NS 4.539446 | T 4.192997 | LR 7.24e-04
Epoch 13/15 | Step 91/100 | Global 491 | Total 0.499117 | Data 0.490797 | NS 4.335963 | T 3.984279 | LR 7.24e-04
Epoch 13/15 | Step 92/100 | Global 492 | Total 0.429767 | Data 0.420585 | NS 4.411273 | T 4.771525 | LR 7.24e-04
Epoch 13/15 | Step 93/100 | Global 493 | Total 0.094398 | Data 0.083157 | NS 4.391859 | T 6.848747 | LR 7.24e-04
Epoch 13/15 | Step 94/100 | Global 494 | Total 0.088239 | Data 0.078329 | NS 3.887152 | T 6.022347 | LR 7.24e-04
Epoch 13/15 | Step 95/100 | Global 495 | Total 0.104486 | Data 0.096146 | NS 4.370871 | T 3.969532 | LR 7.23e-04
Epoch 13/15 | Step 96/100 | Global 496 | Total 0.252349 | Data 0.244262 | NS 4.228718 | T 3.858674 | LR 7.23e-04
Epoch 13/15 | Step 97/100 | Global 497 | Total 0.150856 | Data 0.142472 | NS 4.612672 | T 3.770662 | LR 7.23e-04
Epoch 13/15 | Step 98/100 | Global 498 | Total 0.147238 | Data 0.138946 | NS 4.870065 | T 3.421972 | LR 7.23e-04
Epoch 13/15 | Step 99/100 | Global 499 | Total 0.181277 | Data 0.173304 | NS 5.002259 | T 2.971300 | LR 7.23e-04
[2026-04-30 15:00:46,824][train][INFO] - [400.00%] Mini-Batch Losses: Mini-batch T phy loss =  3.709e+00
Epoch 13/15 | Step 100/100 | Global 500 | Total 0.156985 | Data 0.147842 | NS 5.433533 | T 3.708821 | LR 7.22e-04
[2026-04-30 15:01:58,129][train][INFO] - Epoch 13 Metrics: Learning Rate =  7.225e-04, Mini-batch total loss =  4.546e-02, Mini-batch data loss =  4.388e-02, Mini-batch NS phy loss =  8.200e-01, Mini-batch T phy loss =  7.582e-01
[2026-04-30 15:01:58,129][train][INFO] - Epoch Execution Time:  1.253e+03s, Time/Iter:  3.134e+03ms
Epoch 14/15 | Step 1/100 | Global 501 | Total 0.195786 | Data 0.187059 | NS 5.366419 | T 3.360445 | LR 7.22e-04
Epoch 14/15 | Step 2/100 | Global 502 | Total 0.158867 | Data 0.150060 | NS 5.034956 | T 3.772788 | LR 7.22e-04
Epoch 14/15 | Step 3/100 | Global 503 | Total 0.185797 | Data 0.177614 | NS 5.053985 | T 3.128712 | LR 7.22e-04
Epoch 14/15 | Step 4/100 | Global 504 | Total 0.144866 | Data 0.137467 | NS 4.447024 | T 2.952172 | LR 7.22e-04
Epoch 14/15 | Step 5/100 | Global 505 | Total 0.634562 | Data 0.626066 | NS 5.205025 | T 3.291592 | LR 7.22e-04
Epoch 14/15 | Step 6/100 | Global 506 | Total 0.186210 | Data 0.179877 | NS 3.403630 | T 2.929921 | LR 7.21e-04
Epoch 14/15 | Step 7/100 | Global 507 | Total 0.256940 | Data 0.247997 | NS 3.889100 | T 5.053947 | LR 7.21e-04
Epoch 14/15 | Step 8/100 | Global 508 | Total 0.156187 | Data 0.148076 | NS 3.431543 | T 4.678957 | LR 7.21e-04
Epoch 14/15 | Step 9/100 | Global 509 | Total 0.122124 | Data 0.114854 | NS 2.916606 | T 4.353926 | LR 7.21e-04
Epoch 14/15 | Step 10/100 | Global 510 | Total 0.110658 | Data 0.104444 | NS 3.175476 | T 3.038566 | LR 7.21e-04
Epoch 14/15 | Step 11/100 | Global 511 | Total 0.122129 | Data 0.117282 | NS 2.555260 | T 2.292379 | LR 7.21e-04
Epoch 14/15 | Step 12/100 | Global 512 | Total 0.132831 | Data 0.126180 | NS 3.679931 | T 2.970594 | LR 7.20e-04
Epoch 14/15 | Step 13/100 | Global 513 | Total 0.167385 | Data 0.160034 | NS 3.986945 | T 3.364839 | LR 7.20e-04
Epoch 14/15 | Step 14/100 | Global 514 | Total 0.281475 | Data 0.274134 | NS 3.539955 | T 3.800306 | LR 7.20e-04
Epoch 14/15 | Step 15/100 | Global 515 | Total 0.366379 | Data 0.359104 | NS 2.981481 | T 4.293689 | LR 7.20e-04
Epoch 14/15 | Step 16/100 | Global 516 | Total 0.211178 | Data 0.202761 | NS 2.709305 | T 5.707967 | LR 7.20e-04
Epoch 14/15 | Step 17/100 | Global 517 | Total 0.180985 | Data 0.171446 | NS 2.899334 | T 6.639493 | LR 7.19e-04
Epoch 14/15 | Step 18/100 | Global 518 | Total 0.361263 | Data 0.351937 | NS 3.231936 | T 6.093657 | LR 7.19e-04
Epoch 14/15 | Step 19/100 | Global 519 | Total 0.083500 | Data 0.077957 | NS 2.606551 | T 2.936332 | LR 7.19e-04
Epoch 14/15 | Step 20/100 | Global 520 | Total 0.192123 | Data 0.186424 | NS 2.853448 | T 2.846315 | LR 7.19e-04
Epoch 14/15 | Step 21/100 | Global 521 | Total 0.150249 | Data 0.144002 | NS 3.066795 | T 3.180555 | LR 7.19e-04
Epoch 14/15 | Step 22/100 | Global 522 | Total 0.209134 | Data 0.202401 | NS 3.132977 | T 3.600557 | LR 7.19e-04
Epoch 14/15 | Step 23/100 | Global 523 | Total 0.197929 | Data 0.192900 | NS 2.400493 | T 2.629039 | LR 7.18e-04
Epoch 14/15 | Step 24/100 | Global 524 | Total 0.163807 | Data 0.158810 | NS 2.580003 | T 2.417172 | LR 7.18e-04
[2026-04-30 15:07:16,900][train][INFO] - [100.00%] Mini-Batch Losses: Mini-batch T phy loss =  3.519e+00
Epoch 14/15 | Step 25/100 | Global 525 | Total 0.230051 | Data 0.223472 | NS 3.059766 | T 3.518610 | LR 7.18e-04
Epoch 14/15 | Step 26/100 | Global 526 | Total 0.208278 | Data 0.198610 | NS 4.718302 | T 4.949442 | LR 7.18e-04
Epoch 14/15 | Step 27/100 | Global 527 | Total 0.163500 | Data 0.154580 | NS 4.569124 | T 4.351049 | LR 7.18e-04
Epoch 14/15 | Step 28/100 | Global 528 | Total 0.156001 | Data 0.148017 | NS 4.706377 | T 3.277159 | LR 7.17e-04
Epoch 14/15 | Step 29/100 | Global 529 | Total 0.144606 | Data 0.136301 | NS 5.556750 | T 2.747779 | LR 7.17e-04
Epoch 14/15 | Step 30/100 | Global 530 | Total 0.196839 | Data 0.189369 | NS 5.090305 | T 2.379394 | LR 7.17e-04
Epoch 14/15 | Step 31/100 | Global 531 | Total 0.397570 | Data 0.390115 | NS 4.880644 | T 2.573849 | LR 7.17e-04
Epoch 14/15 | Step 32/100 | Global 532 | Total 0.229237 | Data 0.221381 | NS 3.883847 | T 3.972376 | LR 7.17e-04
Epoch 14/15 | Step 33/100 | Global 533 | Total 0.169111 | Data 0.160283 | NS 4.260651 | T 4.567437 | LR 7.17e-04
Epoch 14/15 | Step 34/100 | Global 534 | Total 0.202816 | Data 0.194937 | NS 3.888808 | T 3.990066 | LR 7.16e-04
Epoch 14/15 | Step 35/100 | Global 535 | Total 0.121145 | Data 0.113596 | NS 3.662616 | T 3.887197 | LR 7.16e-04
Epoch 14/15 | Step 36/100 | Global 536 | Total 0.102066 | Data 0.096176 | NS 2.984107 | T 2.905772 | LR 7.16e-04
Epoch 14/15 | Step 37/100 | Global 537 | Total 0.252887 | Data 0.247216 | NS 3.095946 | T 2.575136 | LR 7.16e-04
Epoch 14/15 | Step 38/100 | Global 538 | Total 0.142805 | Data 0.137395 | NS 2.717250 | T 2.692059 | LR 7.16e-04
Epoch 14/15 | Step 39/100 | Global 539 | Total 0.123645 | Data 0.119289 | NS 2.153114 | T 2.202595 | LR 7.15e-04
Epoch 14/15 | Step 40/100 | Global 540 | Total 0.114493 | Data 0.110390 | NS 1.835410 | T 2.267183 | LR 7.15e-04
Epoch 14/15 | Step 41/100 | Global 541 | Total 0.198009 | Data 0.192078 | NS 2.686711 | T 3.244483 | LR 7.15e-04
Epoch 14/15 | Step 42/100 | Global 542 | Total 0.137518 | Data 0.130159 | NS 2.856190 | T 4.502069 | LR 7.15e-04
Epoch 14/15 | Step 43/100 | Global 543 | Total 0.229647 | Data 0.222151 | NS 3.480245 | T 4.016015 | LR 7.15e-04
Epoch 14/15 | Step 44/100 | Global 544 | Total 0.292404 | Data 0.284188 | NS 3.588560 | T 4.627789 | LR 7.15e-04
Epoch 14/15 | Step 45/100 | Global 545 | Total 0.086725 | Data 0.079011 | NS 3.436837 | T 4.277077 | LR 7.14e-04
Epoch 14/15 | Step 46/100 | Global 546 | Total 0.092200 | Data 0.085930 | NS 2.754199 | T 3.515912 | LR 7.14e-04
Epoch 14/15 | Step 47/100 | Global 547 | Total 0.190355 | Data 0.183310 | NS 3.239743 | T 3.804813 | LR 7.14e-04
Epoch 14/15 | Step 48/100 | Global 548 | Total 0.368914 | Data 0.362386 | NS 3.155065 | T 3.372794 | LR 7.14e-04
Epoch 14/15 | Step 49/100 | Global 549 | Total 0.121360 | Data 0.116103 | NS 2.670719 | T 2.585552 | LR 7.14e-04
[2026-04-30 15:12:15,012][train][INFO] - [200.00%] Mini-Batch Losses: Mini-batch T phy loss =  2.645e+00
Epoch 14/15 | Step 50/100 | Global 550 | Total 0.189128 | Data 0.183249 | NS 3.234718 | T 2.644829 | LR 7.14e-04
Epoch 14/15 | Step 51/100 | Global 551 | Total 0.080390 | Data 0.075444 | NS 2.877369 | T 2.068888 | LR 7.13e-04
Epoch 14/15 | Step 52/100 | Global 552 | Total 0.107221 | Data 0.100799 | NS 3.776176 | T 2.645405 | LR 7.13e-04
Epoch 14/15 | Step 53/100 | Global 553 | Total 0.342413 | Data 0.336202 | NS 3.254860 | T 2.956096 | LR 7.13e-04
Epoch 14/15 | Step 54/100 | Global 554 | Total 0.132863 | Data 0.124167 | NS 4.108563 | T 4.587311 | LR 7.13e-04
Epoch 14/15 | Step 55/100 | Global 555 | Total 0.075986 | Data 0.065403 | NS 4.198245 | T 6.384496 | LR 7.13e-04
Epoch 14/15 | Step 56/100 | Global 556 | Total 0.135601 | Data 0.128270 | NS 3.271976 | T 4.058500 | LR 7.12e-04
Epoch 14/15 | Step 57/100 | Global 557 | Total 0.140943 | Data 0.133410 | NS 3.397768 | T 4.135117 | LR 7.12e-04
Epoch 14/15 | Step 58/100 | Global 558 | Total 0.379581 | Data 0.370864 | NS 4.280173 | T 4.436175 | LR 7.12e-04
Epoch 14/15 | Step 59/100 | Global 559 | Total 0.326643 | Data 0.320920 | NS 2.931245 | T 2.792057 | LR 7.12e-04
Epoch 14/15 | Step 60/100 | Global 560 | Total 0.115601 | Data 0.109315 | NS 3.220063 | T 3.066501 | LR 7.12e-04
Epoch 14/15 | Step 61/100 | Global 561 | Total 0.214100 | Data 0.208105 | NS 2.755218 | T 3.239706 | LR 7.12e-04
Epoch 14/15 | Step 62/100 | Global 562 | Total 0.096804 | Data 0.090031 | NS 3.533234 | T 3.240171 | LR 7.11e-04
Epoch 14/15 | Step 63/100 | Global 563 | Total 0.210439 | Data 0.203637 | NS 3.950077 | T 2.851083 | LR 7.11e-04
Epoch 14/15 | Step 64/100 | Global 564 | Total 0.141143 | Data 0.135460 | NS 3.743397 | T 1.939755 | LR 7.11e-04
Epoch 14/15 | Step 65/100 | Global 565 | Total 0.074235 | Data 0.068463 | NS 3.266083 | T 2.506498 | LR 7.11e-04
Epoch 14/15 | Step 66/100 | Global 566 | Total 0.144746 | Data 0.139298 | NS 3.390180 | T 2.057578 | LR 7.11e-04
Epoch 14/15 | Step 67/100 | Global 567 | Total 0.119072 | Data 0.113380 | NS 4.016052 | T 1.675985 | LR 7.10e-04
Epoch 14/15 | Step 68/100 | Global 568 | Total 0.173338 | Data 0.167524 | NS 3.322361 | T 2.491593 | LR 7.10e-04
Epoch 14/15 | Step 69/100 | Global 569 | Total 0.150468 | Data 0.144489 | NS 3.760412 | T 2.218918 | LR 7.10e-04
Epoch 14/15 | Step 70/100 | Global 570 | Total 0.081394 | Data 0.074743 | NS 4.287571 | T 2.362945 | LR 7.10e-04
Epoch 14/15 | Step 71/100 | Global 571 | Total 0.246042 | Data 0.239063 | NS 3.681205 | T 3.297736 | LR 7.10e-04
Epoch 14/15 | Step 72/100 | Global 572 | Total 0.134092 | Data 0.128433 | NS 2.971271 | T 2.687698 | LR 7.10e-04
Epoch 14/15 | Step 73/100 | Global 573 | Total 0.099690 | Data 0.094185 | NS 3.236724 | T 2.268534 | LR 7.09e-04
Epoch 14/15 | Step 74/100 | Global 574 | Total 0.200814 | Data 0.195631 | NS 3.051622 | T 2.131383 | LR 7.09e-04
[2026-04-30 15:17:08,962][train][INFO] - [300.00%] Mini-Batch Losses: Mini-batch T phy loss =  2.319e+00
Epoch 14/15 | Step 75/100 | Global 575 | Total 0.144518 | Data 0.139225 | NS 2.973977 | T 2.318780 | LR 7.09e-04
Epoch 14/15 | Step 76/100 | Global 576 | Total 0.153434 | Data 0.147706 | NS 3.250129 | T 2.477341 | LR 7.09e-04
Epoch 14/15 | Step 77/100 | Global 577 | Total 0.161276 | Data 0.155956 | NS 3.261215 | T 2.059192 | LR 7.09e-04
Epoch 14/15 | Step 78/100 | Global 578 | Total 0.116256 | Data 0.110762 | NS 3.168202 | T 2.326383 | LR 7.09e-04
Epoch 14/15 | Step 79/100 | Global 579 | Total 0.133107 | Data 0.127752 | NS 2.997295 | T 2.357287 | LR 7.08e-04
Epoch 14/15 | Step 80/100 | Global 580 | Total 0.156053 | Data 0.150373 | NS 3.207494 | T 2.473353 | LR 7.08e-04
Epoch 14/15 | Step 81/100 | Global 581 | Total 0.128738 | Data 0.124091 | NS 2.559366 | T 2.086813 | LR 7.08e-04
Epoch 14/15 | Step 82/100 | Global 582 | Total 0.140170 | Data 0.133899 | NS 3.205044 | T 3.065443 | LR 7.08e-04
Epoch 14/15 | Step 83/100 | Global 583 | Total 0.141951 | Data 0.136137 | NS 2.955057 | T 2.858821 | LR 7.08e-04
Epoch 14/15 | Step 84/100 | Global 584 | Total 0.181755 | Data 0.176755 | NS 2.395069 | T 2.605074 | LR 7.07e-04
Epoch 14/15 | Step 85/100 | Global 585 | Total 0.234986 | Data 0.230858 | NS 2.056772 | T 2.071595 | LR 7.07e-04
Epoch 14/15 | Step 86/100 | Global 586 | Total 0.168890 | Data 0.162726 | NS 2.939975 | T 3.224545 | LR 7.07e-04
Epoch 14/15 | Step 87/100 | Global 587 | Total 0.136947 | Data 0.131873 | NS 2.352275 | T 2.722607 | LR 7.07e-04
Epoch 14/15 | Step 88/100 | Global 588 | Total 0.172374 | Data 0.165893 | NS 2.776988 | T 3.703371 | LR 7.07e-04
Epoch 14/15 | Step 89/100 | Global 589 | Total 0.144689 | Data 0.139762 | NS 2.295132 | T 2.631373 | LR 7.07e-04
Epoch 14/15 | Step 90/100 | Global 590 | Total 0.109104 | Data 0.104116 | NS 2.339459 | T 2.648546 | LR 7.06e-04
Epoch 14/15 | Step 91/100 | Global 591 | Total 0.160242 | Data 0.155424 | NS 2.266165 | T 2.552236 | LR 7.06e-04
Epoch 14/15 | Step 92/100 | Global 592 | Total 0.236553 | Data 0.230844 | NS 2.303985 | T 3.405006 | LR 7.06e-04
Epoch 14/15 | Step 93/100 | Global 593 | Total 0.214015 | Data 0.208950 | NS 2.377548 | T 2.687248 | LR 7.06e-04
Epoch 14/15 | Step 94/100 | Global 594 | Total 0.128810 | Data 0.124940 | NS 1.955128 | T 1.914649 | LR 7.06e-04
Epoch 14/15 | Step 95/100 | Global 595 | Total 0.138461 | Data 0.133768 | NS 2.295516 | T 2.397318 | LR 7.06e-04
Epoch 14/15 | Step 96/100 | Global 596 | Total 0.390258 | Data 0.385439 | NS 2.462713 | T 2.356106 | LR 7.05e-04
Epoch 14/15 | Step 97/100 | Global 597 | Total 0.086110 | Data 0.080792 | NS 2.886541 | T 2.431754 | LR 7.05e-04
Epoch 14/15 | Step 98/100 | Global 598 | Total 0.153820 | Data 0.148763 | NS 2.564046 | T 2.493028 | LR 7.05e-04
Epoch 14/15 | Step 99/100 | Global 599 | Total 0.138158 | Data 0.134189 | NS 1.975573 | T 1.993419 | LR 7.05e-04
[2026-04-30 15:21:47,299][train][INFO] - [400.00%] Mini-Batch Losses: Mini-batch T phy loss =  1.790e+00
Epoch 14/15 | Step 100/100 | Global 600 | Total 0.124516 | Data 0.120747 | NS 1.979215 | T 1.789523 | LR 7.05e-04
[2026-04-30 15:22:58,298][train][INFO] - Epoch 14 Metrics: Learning Rate =  7.047e-04, Mini-batch total loss =  4.488e-02, Mini-batch data loss =  4.327e-02, Mini-batch NS phy loss =  8.210e-01, Mini-batch T phy loss =  7.913e-01
[2026-04-30 15:22:58,299][train][INFO] - Epoch Execution Time:  1.260e+03s, Time/Iter:  3.150e+03ms
[2026-04-30 15:22:58,444][checkpoint][INFO] - Saved model state dictionary: /home/iaziz6/Imo_Training/Training/outputs/checkpoints/UNet.0.14.mdlus
[2026-04-30 15:22:58,547][checkpoint][INFO] - Saved training checkpoint: /home/iaziz6/Imo_Training/Training/outputs/checkpoints/checkpoint.0.14.pt
Epoch 15/15 | Step 1/100 | Global 601 | Total 0.212873 | Data 0.207748 | NS 2.660941 | T 2.464793 | LR 7.04e-04
Epoch 15/15 | Step 2/100 | Global 602 | Total 0.182906 | Data 0.178723 | NS 2.030371 | T 2.153384 | LR 7.04e-04
Epoch 15/15 | Step 3/100 | Global 603 | Total 0.248698 | Data 0.244430 | NS 2.019685 | T 2.248091 | LR 7.04e-04
Epoch 15/15 | Step 4/100 | Global 604 | Total 0.201235 | Data 0.196677 | NS 2.093160 | T 2.465132 | LR 7.04e-04
Epoch 15/15 | Step 5/100 | Global 605 | Total 0.138660 | Data 0.131533 | NS 3.109112 | T 4.018366 | LR 7.04e-04
Epoch 15/15 | Step 6/100 | Global 606 | Total 0.107004 | Data 0.101697 | NS 2.614003 | T 2.693367 | LR 7.04e-04
Epoch 15/15 | Step 7/100 | Global 607 | Total 0.123136 | Data 0.118932 | NS 2.294492 | T 1.908901 | LR 7.03e-04
Epoch 15/15 | Step 8/100 | Global 608 | Total 0.147085 | Data 0.141666 | NS 2.742891 | T 2.676467 | LR 7.03e-04
Epoch 15/15 | Step 9/100 | Global 609 | Total 0.271078 | Data 0.266922 | NS 2.438412 | T 1.716858 | LR 7.03e-04
Epoch 15/15 | Step 10/100 | Global 610 | Total 0.155080 | Data 0.149694 | NS 2.599186 | T 2.786949 | LR 7.03e-04
Epoch 15/15 | Step 11/100 | Global 611 | Total 0.102128 | Data 0.097145 | NS 2.021817 | T 2.961136 | LR 7.03e-04
Epoch 15/15 | Step 12/100 | Global 612 | Total 0.123269 | Data 0.117454 | NS 2.252705 | T 3.562055 | LR 7.03e-04
Epoch 15/15 | Step 13/100 | Global 613 | Total 0.172336 | Data 0.166593 | NS 2.453014 | T 3.289697 | LR 7.02e-04
Epoch 15/15 | Step 14/100 | Global 614 | Total 0.149435 | Data 0.143405 | NS 2.771232 | T 3.258570 | LR 7.02e-04
Epoch 15/15 | Step 15/100 | Global 615 | Total 0.107145 | Data 0.103056 | NS 2.185421 | T 1.904162 | LR 7.02e-04
Epoch 15/15 | Step 16/100 | Global 616 | Total 0.116353 | Data 0.111251 | NS 2.656066 | T 2.446137 | LR 7.02e-04
Epoch 15/15 | Step 17/100 | Global 617 | Total 0.168183 | Data 0.163170 | NS 2.638843 | T 2.373398 | LR 7.02e-04
Epoch 15/15 | Step 18/100 | Global 618 | Total 0.143031 | Data 0.136986 | NS 3.004362 | T 3.040453 | LR 7.01e-04
Epoch 15/15 | Step 19/100 | Global 619 | Total 0.176018 | Data 0.170258 | NS 2.909418 | T 2.851112 | LR 7.01e-04
Epoch 15/15 | Step 20/100 | Global 620 | Total 0.365757 | Data 0.359778 | NS 2.847037 | T 3.132865 | LR 7.01e-04
Epoch 15/15 | Step 21/100 | Global 621 | Total 0.459305 | Data 0.452863 | NS 2.853630 | T 3.588279 | LR 7.01e-04
Epoch 15/15 | Step 22/100 | Global 622 | Total 0.121727 | Data 0.115432 | NS 2.734408 | T 3.561372 | LR 7.01e-04
Epoch 15/15 | Step 23/100 | Global 623 | Total 0.092700 | Data 0.085380 | NS 3.751750 | T 3.568099 | LR 7.01e-04
Epoch 15/15 | Step 24/100 | Global 624 | Total 0.278529 | Data 0.270513 | NS 3.377365 | T 4.638356 | LR 7.00e-04
[2026-04-30 15:28:16,910][train][INFO] - [100.00%] Mini-Batch Losses: Mini-batch T phy loss =  2.742e+00
Epoch 15/15 | Step 25/100 | Global 625 | Total 0.477495 | Data 0.470691 | NS 4.063001 | T 2.741610 | LR 7.00e-04
Epoch 15/15 | Step 26/100 | Global 626 | Total 0.084385 | Data 0.078145 | NS 3.259953 | T 2.979826 | LR 7.00e-04
Epoch 15/15 | Step 27/100 | Global 627 | Total 0.138937 | Data 0.132809 | NS 3.058635 | T 3.068869 | LR 7.00e-04
Epoch 15/15 | Step 28/100 | Global 628 | Total 0.115398 | Data 0.108854 | NS 3.214891 | T 3.328764 | LR 7.00e-04
Epoch 15/15 | Step 29/100 | Global 629 | Total 0.126497 | Data 0.119306 | NS 3.457199 | T 3.734394 | LR 7.00e-04
Epoch 15/15 | Step 30/100 | Global 630 | Total 0.113593 | Data 0.107631 | NS 3.376090 | T 2.585795 | LR 6.99e-04
Epoch 15/15 | Step 31/100 | Global 631 | Total 0.226910 | Data 0.221483 | NS 3.376027 | T 2.050991 | LR 6.99e-04
Epoch 15/15 | Step 32/100 | Global 632 | Total 0.227786 | Data 0.222543 | NS 3.286021 | T 1.957698 | LR 6.99e-04
Epoch 15/15 | Step 33/100 | Global 633 | Total 0.148108 | Data 0.142242 | NS 3.092217 | T 2.774317 | LR 6.99e-04
Epoch 15/15 | Step 34/100 | Global 634 | Total 0.164583 | Data 0.157038 | NS 4.037162 | T 3.507681 | LR 6.99e-04
Epoch 15/15 | Step 35/100 | Global 635 | Total 0.182695 | Data 0.173895 | NS 4.413825 | T 4.386495 | LR 6.99e-04
Epoch 15/15 | Step 36/100 | Global 636 | Total 0.176490 | Data 0.168481 | NS 4.018479 | T 3.990180 | LR 6.98e-04
Epoch 15/15 | Step 37/100 | Global 637 | Total 0.146414 | Data 0.140746 | NS 2.907036 | T 2.760448 | LR 6.98e-04
Epoch 15/15 | Step 38/100 | Global 638 | Total 0.129962 | Data 0.124558 | NS 2.528664 | T 2.875541 | LR 6.98e-04
Epoch 15/15 | Step 39/100 | Global 639 | Total 0.153219 | Data 0.147776 | NS 2.706424 | T 2.736320 | LR 6.98e-04
Epoch 15/15 | Step 40/100 | Global 640 | Total 0.193871 | Data 0.188779 | NS 2.700759 | T 2.391638 | LR 6.98e-04
Epoch 15/15 | Step 41/100 | Global 641 | Total 0.122020 | Data 0.116975 | NS 2.642716 | T 2.401863 | LR 6.97e-04
Epoch 15/15 | Step 42/100 | Global 642 | Total 0.183834 | Data 0.179154 | NS 2.672571 | T 2.007222 | LR 6.97e-04
Epoch 15/15 | Step 43/100 | Global 643 | Total 0.180024 | Data 0.175309 | NS 2.918678 | T 1.795941 | LR 6.97e-04
Epoch 15/15 | Step 44/100 | Global 644 | Total 0.136491 | Data 0.132194 | NS 2.579945 | T 1.717502 | LR 6.97e-04
Epoch 15/15 | Step 45/100 | Global 645 | Total 0.119210 | Data 0.114415 | NS 2.904699 | T 1.889516 | LR 6.97e-04
Epoch 15/15 | Step 46/100 | Global 646 | Total 0.118179 | Data 0.112718 | NS 3.281168 | T 2.179773 | LR 6.97e-04
Epoch 15/15 | Step 47/100 | Global 647 | Total 0.147688 | Data 0.142792 | NS 2.670485 | T 2.225623 | LR 6.96e-04
Epoch 15/15 | Step 48/100 | Global 648 | Total 0.135224 | Data 0.129862 | NS 2.682975 | T 2.679224 | LR 6.96e-04
Epoch 15/15 | Step 49/100 | Global 649 | Total 0.136678 | Data 0.131802 | NS 2.208610 | T 2.666798 | LR 6.96e-04
[2026-04-30 15:33:15,500][train][INFO] - [200.00%] Mini-Batch Losses: Mini-batch T phy loss =  3.460e+00
Epoch 15/15 | Step 50/100 | Global 650 | Total 0.154502 | Data 0.148663 | NS 2.378793 | T 3.459744 | LR 6.96e-04
Epoch 15/15 | Step 51/100 | Global 651 | Total 0.143222 | Data 0.137769 | NS 2.300445 | T 3.152375 | LR 6.96e-04
Epoch 15/15 | Step 52/100 | Global 652 | Total 0.160662 | Data 0.154832 | NS 2.421771 | T 3.408036 | LR 6.96e-04
Epoch 15/15 | Step 53/100 | Global 653 | Total 0.100407 | Data 0.094714 | NS 2.666033 | T 3.026541 | LR 6.95e-04
Epoch 15/15 | Step 54/100 | Global 654 | Total 0.213136 | Data 0.206665 | NS 2.848975 | T 3.622204 | LR 6.95e-04
Epoch 15/15 | Step 55/100 | Global 655 | Total 0.091572 | Data 0.086441 | NS 2.548457 | T 2.582417 | LR 6.95e-04
Epoch 15/15 | Step 56/100 | Global 656 | Total 0.246379 | Data 0.241993 | NS 1.881157 | T 2.505315 | LR 6.95e-04
Epoch 15/15 | Step 57/100 | Global 657 | Total 0.567549 | Data 0.561073 | NS 2.737046 | T 3.739155 | LR 6.95e-04
Epoch 15/15 | Step 58/100 | Global 658 | Total 0.123732 | Data 0.117667 | NS 2.126316 | T 3.939548 | LR 6.95e-04
Epoch 15/15 | Step 59/100 | Global 659 | Total 0.236641 | Data 0.230048 | NS 2.151706 | T 4.440859 | LR 6.94e-04
Epoch 15/15 | Step 60/100 | Global 660 | Total 0.109796 | Data 0.104113 | NS 2.229683 | T 3.453248 | LR 6.94e-04
Epoch 15/15 | Step 61/100 | Global 661 | Total 0.104143 | Data 0.099773 | NS 2.148254 | T 2.221802 | LR 6.94e-04
Epoch 15/15 | Step 62/100 | Global 662 | Total 0.179593 | Data 0.174894 | NS 2.056344 | T 2.642132 | LR 6.94e-04
Epoch 15/15 | Step 63/100 | Global 663 | Total 0.119986 | Data 0.114325 | NS 2.030022 | T 3.631038 | LR 6.94e-04
Epoch 15/15 | Step 64/100 | Global 664 | Total 0.086267 | Data 0.079541 | NS 2.119280 | T 4.606424 | LR 6.93e-04
Epoch 15/15 | Step 65/100 | Global 665 | Total 0.133886 | Data 0.127310 | NS 2.294394 | T 4.281457 | LR 6.93e-04
Epoch 15/15 | Step 66/100 | Global 666 | Total 0.194266 | Data 0.188053 | NS 2.487416 | T 3.725810 | LR 6.93e-04
Epoch 15/15 | Step 67/100 | Global 667 | Total 0.266562 | Data 0.259583 | NS 2.989413 | T 3.989476 | LR 6.93e-04
Epoch 15/15 | Step 68/100 | Global 668 | Total 0.176468 | Data 0.170173 | NS 2.618539 | T 3.676124 | LR 6.93e-04
Epoch 15/15 | Step 69/100 | Global 669 | Total 0.161758 | Data 0.156374 | NS 2.630430 | T 2.753177 | LR 6.93e-04
Epoch 15/15 | Step 70/100 | Global 670 | Total 0.282549 | Data 0.277278 | NS 2.607930 | T 2.663217 | LR 6.92e-04
Epoch 15/15 | Step 71/100 | Global 671 | Total 0.115498 | Data 0.110833 | NS 2.412883 | T 2.252649 | LR 6.92e-04
Epoch 15/15 | Step 72/100 | Global 672 | Total 0.116970 | Data 0.112133 | NS 2.359466 | T 2.477300 | LR 6.92e-04
Epoch 15/15 | Step 73/100 | Global 673 | Total 0.132057 | Data 0.126482 | NS 2.525003 | T 3.050179 | LR 6.92e-04
Epoch 15/15 | Step 74/100 | Global 674 | Total 0.125791 | Data 0.119879 | NS 2.491290 | T 3.420319 | LR 6.92e-04
[2026-04-30 15:38:10,488][train][INFO] - [300.00%] Mini-Batch Losses: Mini-batch T phy loss =  3.030e+00
Epoch 15/15 | Step 75/100 | Global 675 | Total 0.122491 | Data 0.117087 | NS 2.373538 | T 3.030202 | LR 6.92e-04
Epoch 15/15 | Step 76/100 | Global 676 | Total 0.205443 | Data 0.199046 | NS 2.818486 | T 3.578816 | LR 6.91e-04
Epoch 15/15 | Step 77/100 | Global 677 | Total 0.111182 | Data 0.105810 | NS 2.391726 | T 2.980207 | LR 6.91e-04
Epoch 15/15 | Step 78/100 | Global 678 | Total 0.179860 | Data 0.172111 | NS 3.365257 | T 4.382996 | LR 6.91e-04
Epoch 15/15 | Step 79/100 | Global 679 | Total 0.349273 | Data 0.342147 | NS 3.244990 | T 3.881498 | LR 6.91e-04
Epoch 15/15 | Step 80/100 | Global 680 | Total 0.135698 | Data 0.130362 | NS 2.608943 | T 2.727580 | LR 6.91e-04
Epoch 15/15 | Step 81/100 | Global 681 | Total 0.384329 | Data 0.378606 | NS 2.663157 | T 3.060009 | LR 6.91e-04
Epoch 15/15 | Step 82/100 | Global 682 | Total 0.083671 | Data 0.077967 | NS 2.474827 | T 3.229935 | LR 6.90e-04
Epoch 15/15 | Step 83/100 | Global 683 | Total 0.202740 | Data 0.196823 | NS 2.561206 | T 3.356375 | LR 6.90e-04
Epoch 15/15 | Step 84/100 | Global 684 | Total 0.180588 | Data 0.174184 | NS 3.169070 | T 3.234849 | LR 6.90e-04
Epoch 15/15 | Step 85/100 | Global 685 | Total 0.120351 | Data 0.113645 | NS 3.158982 | T 3.546960 | LR 6.90e-04
Epoch 15/15 | Step 86/100 | Global 686 | Total 0.154132 | Data 0.147699 | NS 3.158597 | T 3.273818 | LR 6.90e-04
Epoch 15/15 | Step 87/100 | Global 687 | Total 0.078699 | Data 0.073904 | NS 2.458982 | T 2.336802 | LR 6.89e-04
Epoch 15/15 | Step 88/100 | Global 688 | Total 0.134589 | Data 0.128886 | NS 3.045427 | T 2.657852 | LR 6.89e-04
Epoch 15/15 | Step 89/100 | Global 689 | Total 0.197099 | Data 0.191169 | NS 3.193400 | T 2.736738 | LR 6.89e-04
Epoch 15/15 | Step 90/100 | Global 690 | Total 0.257648 | Data 0.252242 | NS 2.524545 | T 2.881986 | LR 6.89e-04
Epoch 15/15 | Step 91/100 | Global 691 | Total 0.109835 | Data 0.104566 | NS 2.944314 | T 2.324559 | LR 6.89e-04
Epoch 15/15 | Step 92/100 | Global 692 | Total 0.196060 | Data 0.190063 | NS 3.494009 | T 2.502816 | LR 6.89e-04
Epoch 15/15 | Step 93/100 | Global 693 | Total 0.137949 | Data 0.132130 | NS 3.466051 | T 2.352557 | LR 6.88e-04
Epoch 15/15 | Step 94/100 | Global 694 | Total 0.127247 | Data 0.119594 | NS 4.556368 | T 3.096507 | LR 6.88e-04
Epoch 15/15 | Step 95/100 | Global 695 | Total 0.166010 | Data 0.158973 | NS 4.553914 | T 2.483301 | LR 6.88e-04
Epoch 15/15 | Step 96/100 | Global 696 | Total 0.164873 | Data 0.157103 | NS 5.034863 | T 2.735524 | LR 6.88e-04
Epoch 15/15 | Step 97/100 | Global 697 | Total 0.152095 | Data 0.144894 | NS 4.863366 | T 2.337855 | LR 6.88e-04
Epoch 15/15 | Step 98/100 | Global 698 | Total 0.139891 | Data 0.132767 | NS 4.912522 | T 2.211680 | LR 6.88e-04
Epoch 15/15 | Step 99/100 | Global 699 | Total 0.510704 | Data 0.503346 | NS 5.294673 | T 2.063281 | LR 6.87e-04
[2026-04-30 15:42:46,309][train][INFO] - [400.00%] Mini-Batch Losses: Mini-batch T phy loss =  2.506e+00
Epoch 15/15 | Step 100/100 | Global 700 | Total 0.594840 | Data 0.587696 | NS 4.638643 | T 2.505693 | LR 6.87e-04
[2026-04-30 15:43:57,373][train][INFO] - Epoch 15 Metrics: Learning Rate =  6.873e-04, Mini-batch total loss =  4.498e-02, Mini-batch data loss =  4.351e-02, Mini-batch NS phy loss =  7.254e-01, Mini-batch T phy loss =  7.374e-01
[2026-04-30 15:43:57,373][train][INFO] - Epoch Execution Time:  1.259e+03s, Time/Iter:  3.147e+03ms
